<?xml version="1.0" encoding="UTF-8"?>
<testsuites name="Login" time="238.198" tests="4" failures="0" errors="0">
   <testsuite name="Login" tests="4" failures="0" errors="0" time="238.198" skipped="0" timestamp="26-07-2024T16:03:22" hostname="quochuy.lu - VN-HCM-D-W-0011.globalservs.com" id="Test Suites/Haealthcare/Login/Login">
      <properties>
         <property name="deviceName"/>
         <property name="devicePlatform" value="WINDOWS"/>
         <property name="logFolder" value="C:\\Users\\quochuy.lu\\git\\Katalon-certification\\Reports\\20240726_160300\\Haealthcare\\Login\\Login\\20240726_160300"/>
         <property name="logFiles" value="C:\\Users\\quochuy.lu\\git\\Katalon-certification\\Reports\\20240726_160300\\Haealthcare\\Login\\Login\\20240726_160300\\execution0.log"/>
         <property name="attachments" value=""/>
         <property name="hostName" value="quochuy.lu - VN-HCM-D-W-0011.globalservs.com"/>
         <property name="remoteDriverUrl" value="testcloud.katalon.com/hub"/>
         <property name="desiredCapabilities" value="{&#xa;  &quot;timeouts&quot;: {&#xa;    &quot;implicit&quot;: 0,&#xa;    &quot;pageLoad&quot;: 300000,&#xa;    &quot;script&quot;: 30000&#xa;  },&#xa;  &quot;se:cdpEnabled&quot;: false,&#xa;  &quot;platform&quot;: &quot;WINDOWS&quot;,&#xa;  &quot;goog:chromeOptions&quot;: {&#xa;    &quot;debuggerAddress&quot;: &quot;localhost:9225&quot;&#xa;  },&#xa;  &quot;webauthn:extension:credBlob&quot;: true,&#xa;  &quot;acceptInsecureCerts&quot;: false,&#xa;  &quot;browserVersion&quot;: &quot;127.0.0.0&quot;,&#xa;  &quot;fedcm:accounts&quot;: true,&#xa;  &quot;kt:requestId&quot;: &quot;f44eae49-fd9d-4e13-91f6-114d220a8393&quot;,&#xa;  &quot;browserName&quot;: &quot;chrome&quot;,&#xa;  &quot;javascriptEnabled&quot;: true,&#xa;  &quot;katalon:option&quot;: {&#xa;    &quot;userId&quot;: 1544065,&#xa;    &quot;organizationId&quot;: &quot;1576976&quot;,&#xa;    &quot;runFromTestCloud&quot;: true,&#xa;    &quot;usingTunnel&quot;: true&#xa;  },&#xa;  &quot;platformName&quot;: &quot;WINDOWS&quot;,&#xa;  &quot;setWindowRect&quot;: true,&#xa;  &quot;webauthn:extension:largeBlob&quot;: true,&#xa;  &quot;networkConnectionEnabled&quot;: false,&#xa;  &quot;chrome&quot;: {&#xa;    &quot;chromedriverVersion&quot;: &quot;127.0.6533.26 (52e197ccd8ed246bf074e9242a8af84851fd268a-refs/branch-heads/6533@{#692})&quot;,&#xa;    &quot;userDataDir&quot;: &quot;C:\\Program Files\\scoped_dir3536_1123254838&quot;&#xa;  },&#xa;  &quot;kt:rid&quot;: &quot;f44eae49-fd9d-4e13-91f6-114d220a8393&quot;,&#xa;  &quot;pageLoadStrategy&quot;: &quot;normal&quot;,&#xa;  &quot;unhandledPromptBehavior&quot;: &quot;dismiss and notify&quot;,&#xa;  &quot;strictFileInteractability&quot;: false,&#xa;  &quot;***:loadExtension&quot;: [&#xa;    &quot;https://prod-magicleap-user-files-us-east-1-v1.s3.amazonaws.com/extensions/orgId-691279/SmartWait.zip&quot;&#xa;  ],&#xa;  &quot;se:bidiEnabled&quot;: false,&#xa;  &quot;proxy&quot;: {&#xa;    &quot;proxyType&quot;: &quot;UNSPECIFIED&quot;,&#xa;    &quot;autodetect&quot;: false&#xa;  },&#xa;  &quot;webauthn:extension:minPinLength&quot;: true,&#xa;  &quot;webauthn:extension:prf&quot;: true,&#xa;  &quot;webauthn:virtualAuthenticators&quot;: true&#xa;}"/>
         <property name="os" value="Windows 11 64bit"/>
         <property name="remoteOS" value="Windows"/>
         <property name="katalonVersion" value="9.6.0.217"/>
         <property name="browser" value="Chrome 127.0.0.0"/>
         <property name="hostAddress" value="10.161.207.102"/>
         <property name="sessionId" value="6a104e92747afb51ed19002425ac86f9"/>
         <property name="seleniumVersion" value="3.141.59"/>
         <property name="proxyInformation" value="ProxyInformation { proxyOption=NO_PROXY, proxyServerType=HTTP, username=, password=********, proxyServerAddress=, proxyServerPort=0, executionList=&quot;&quot;, isApplyToDesiredCapabilities=true }"/>
         <property name="platform" value="Windows 11"/>
      </properties>
      <testcase name="Test Cases/Healthcare/Login/TC01_Login_success_with_valid_info" time="46.441" classname="Test Cases/Healthcare/Login/TC01_Login_success_with_valid_info" status="PASSED">
         <system-out><![CDATA[26-07-2024T16:03:23 - [TEST_CASE][PASSED] - Test Cases/Healthcare/Login/TC01_Login_success_with_valid_info: Test Cases/Healthcare/Login/TC01_Login_success_with_valid_info

26-07-2024T16:03:23 - [TEST_STEP][PASSED] - openBrowser(HC_Login_URL): Browser is opened with url: 'https://katalon-demo-cura.herokuapp.com/profile.php#login'

26-07-2024T16:03:24 - [MESSAGE][INFO] - User set preference: ['os', 'windows']

26-07-2024T16:03:24 - [MESSAGE][INFO] - User set preference: ['browserVersion', '127']

26-07-2024T16:03:24 - [MESSAGE][INFO] - User set preference: ['browserName', 'chrome']

26-07-2024T16:03:24 - [MESSAGE][INFO] - User set preference: ['katalon:option', '{organizationId=1576976, usingTunnel=true}']

26-07-2024T16:03:24 - [MESSAGE][INFO] - Connecting to remote web server 'testcloud.katalon.com/hub' with type 'Selenium'

26-07-2024T16:03:25 - [MESSAGE][INFO] - Action delay is set to 0 milliseconds

26-07-2024T16:03:54 - [MESSAGE][PASSED] - Browser is opened with url: 'https://katalon-demo-cura.herokuapp.com/profile.php#login'

26-07-2024T16:03:54 - [TEST_STEP][PASSED] - maximizeWindow(): Current window maximized

26-07-2024T16:03:57 - [MESSAGE][PASSED] - Current window maximized

26-07-2024T16:03:57 - [TEST_STEP][PASSED] - setText(findTestObject("Object Repository/Healthcare/Login/input_Username_username"), "John Doe"): Text 'John Doe' is set on object 'Object Repository/Healthcare/Login/input_Username_username'

26-07-2024T16:04:01 - [MESSAGE][PASSED] - Text 'John Doe' is set on object 'Object Repository/Healthcare/Login/input_Username_username'

26-07-2024T16:04:01 - [TEST_STEP][PASSED] - setText(findTestObject("Object Repository/Healthcare/Login/input_Password_password"), "ThisIsNotAPassword"): Text 'ThisIsNotAPassword' is set on object 'Object Repository/Healthcare/Login/input_Password_password'

26-07-2024T16:04:04 - [MESSAGE][PASSED] - Text 'ThisIsNotAPassword' is set on object 'Object Repository/Healthcare/Login/input_Password_password'

26-07-2024T16:04:04 - [TEST_STEP][PASSED] - click(findTestObject("Object Repository/Healthcare/Login/button_Login")): Object: 'Object Repository/Healthcare/Login/button_Login' is clicked on

26-07-2024T16:04:07 - [MESSAGE][PASSED] - Object: 'Object Repository/Healthcare/Login/button_Login' is clicked on

26-07-2024T16:04:07 - [TEST_STEP][PASSED] - verifyElementPresent(findTestObject("Object Repository/Healthcare/Appointment/form_Healthcare"), 3): Object 'Object Repository/Healthcare/Appointment/form_Healthcare' is present

26-07-2024T16:04:08 - [MESSAGE][PASSED] - Object 'Object Repository/Healthcare/Appointment/form_Healthcare' is present

26-07-2024T16:04:08 - [TEST_STEP][PASSED] - closeBrowser(): Browser is closed

26-07-2024T16:04:09 - [MESSAGE][PASSED] - Browser is closed]]></system-out>
         <system-err><![CDATA[]]></system-err>
      </testcase>
      <testcase name="Test Cases/Healthcare/Login/TC02_Login_via_make_appointment" time="38.933" classname="Test Cases/Healthcare/Login/TC02_Login_via_make_appointment" status="PASSED">
         <system-out><![CDATA[26-07-2024T16:04:50 - [TEST_CASE][PASSED] - Test Cases/Healthcare/Login/TC02_Login_via_make_appointment: Test Cases/Healthcare/Login/TC02_Login_via_make_appointment

26-07-2024T16:04:50 - [TEST_STEP][PASSED] - openBrowser(HC_Dashborad_URL): Browser is opened with url: 'https://katalon-demo-cura.herokuapp.com/'

26-07-2024T16:04:50 - [MESSAGE][WARNING] - A browser is already opened. Closing browser and opening a new one

26-07-2024T16:04:52 - [MESSAGE][INFO] - User set preference: ['os', 'windows']

26-07-2024T16:04:52 - [MESSAGE][INFO] - User set preference: ['browserVersion', '127']

26-07-2024T16:04:52 - [MESSAGE][INFO] - User set preference: ['browserName', 'chrome']

26-07-2024T16:04:52 - [MESSAGE][INFO] - User set preference: ['katalon:option', '{organizationId=1576976, usingTunnel=true}']

26-07-2024T16:04:52 - [MESSAGE][INFO] - Connecting to remote web server 'testcloud.katalon.com/hub' with type 'Selenium'

26-07-2024T16:04:52 - [MESSAGE][INFO] - Action delay is set to 0 milliseconds

26-07-2024T16:05:14 - [MESSAGE][PASSED] - Browser is opened with url: 'https://katalon-demo-cura.herokuapp.com/'

26-07-2024T16:05:14 - [TEST_STEP][PASSED] - maximizeWindow(): Current window maximized

26-07-2024T16:05:14 - [MESSAGE][PASSED] - Current window maximized

26-07-2024T16:05:14 - [TEST_STEP][PASSED] - click(findTestObject("Object Repository/Healthcare/Dashboard/a_Make Appointment")): Object: 'Object Repository/Healthcare/Dashboard/a_Make Appointment' is clicked on

26-07-2024T16:05:16 - [MESSAGE][PASSED] - Object: 'Object Repository/Healthcare/Dashboard/a_Make Appointment' is clicked on

26-07-2024T16:05:16 - [TEST_STEP][PASSED] - store.Authentication.HC_Login.HC_Login_with_URL("John Doe", "ThisIsNotAPassword"): store.Authentication.HC_Login.HC_Login_with_URL is PASSED

26-07-2024T16:05:20 - [MESSAGE][PASSED] - Text 'John Doe' is set on object 'Object Repository/Healthcare/Login/input_Username_username'

26-07-2024T16:05:24 - [MESSAGE][PASSED] - Text 'ThisIsNotAPassword' is set on object 'Object Repository/Healthcare/Login/input_Password_password'

26-07-2024T16:05:26 - [MESSAGE][PASSED] - Object: 'Object Repository/Healthcare/Login/button_Login' is clicked on

26-07-2024T16:05:27 - [MESSAGE][PASSED] - Object 'Object Repository/Healthcare/Appointment/form_Healthcare' is present

26-07-2024T16:05:27 - [MESSAGE][PASSED] - store.Authentication.HC_Login.HC_Login_with_URL is PASSED

26-07-2024T16:05:27 - [TEST_STEP][PASSED] - verifyElementPresent(findTestObject("Object Repository/Healthcare/Appointment/form_Healthcare"), 3): Object 'Object Repository/Healthcare/Appointment/form_Healthcare' is present

26-07-2024T16:05:28 - [MESSAGE][PASSED] - Object 'Object Repository/Healthcare/Appointment/form_Healthcare' is present

26-07-2024T16:05:28 - [TEST_STEP][PASSED] - closeBrowser(): Browser is closed

26-07-2024T16:05:29 - [MESSAGE][PASSED] - Browser is closed]]></system-out>
         <system-err><![CDATA[]]></system-err>
      </testcase>
      <testcase name="Test Cases/Healthcare/Login/TC03_Login_via_burger_menu" time="56.27" classname="Test Cases/Healthcare/Login/TC03_Login_via_burger_menu" status="PASSED">
         <system-out><![CDATA[26-07-2024T16:05:29 - [TEST_CASE][PASSED] - Test Cases/Healthcare/Login/TC03_Login_via_burger_menu: Test Cases/Healthcare/Login/TC03_Login_via_burger_menu

26-07-2024T16:05:30 - [TEST_STEP][PASSED] - openBrowser(HC_Dashborad_URL): Browser is opened with url: 'https://katalon-demo-cura.herokuapp.com/'

26-07-2024T16:05:30 - [MESSAGE][INFO] - User set preference: ['os', 'windows']

26-07-2024T16:05:30 - [MESSAGE][INFO] - User set preference: ['browserVersion', '127']

26-07-2024T16:05:30 - [MESSAGE][INFO] - User set preference: ['browserName', 'chrome']

26-07-2024T16:05:30 - [MESSAGE][INFO] - User set preference: ['katalon:option', '{organizationId=1576976, usingTunnel=true}']

26-07-2024T16:05:30 - [MESSAGE][INFO] - Connecting to remote web server 'testcloud.katalon.com/hub' with type 'Selenium'

26-07-2024T16:05:30 - [MESSAGE][INFO] - Action delay is set to 0 milliseconds

26-07-2024T16:06:09 - [MESSAGE][PASSED] - Browser is opened with url: 'https://katalon-demo-cura.herokuapp.com/'

26-07-2024T16:06:09 - [TEST_STEP][PASSED] - maximizeWindow(): Current window maximized

26-07-2024T16:06:09 - [MESSAGE][PASSED] - Current window maximized

26-07-2024T16:06:09 - [TEST_STEP][PASSED] - click(findTestObject("Object Repository/Healthcare/Burger menu/a_Burger_menu")): Object: 'Object Repository/Healthcare/Burger menu/a_Burger_menu' is clicked on

26-07-2024T16:06:11 - [MESSAGE][PASSED] - Object: 'Object Repository/Healthcare/Burger menu/a_Burger_menu' is clicked on

26-07-2024T16:06:11 - [TEST_STEP][PASSED] - click(findTestObject("Object Repository/Healthcare/Burger menu/a_Login")): Object: 'Object Repository/Healthcare/Burger menu/a_Login' is clicked on

26-07-2024T16:06:13 - [MESSAGE][PASSED] - Object: 'Object Repository/Healthcare/Burger menu/a_Login' is clicked on

26-07-2024T16:06:13 - [TEST_STEP][PASSED] - store.Authentication.HC_Login.HC_Login_with_URL("John Doe", "ThisIsNotAPassword"): store.Authentication.HC_Login.HC_Login_with_URL is PASSED

26-07-2024T16:06:17 - [MESSAGE][PASSED] - Text 'John Doe' is set on object 'Object Repository/Healthcare/Login/input_Username_username'

26-07-2024T16:06:20 - [MESSAGE][PASSED] - Text 'ThisIsNotAPassword' is set on object 'Object Repository/Healthcare/Login/input_Password_password'

26-07-2024T16:06:22 - [MESSAGE][PASSED] - Object: 'Object Repository/Healthcare/Login/button_Login' is clicked on

26-07-2024T16:06:23 - [MESSAGE][PASSED] - Object 'Object Repository/Healthcare/Appointment/form_Healthcare' is present

26-07-2024T16:06:23 - [MESSAGE][PASSED] - store.Authentication.HC_Login.HC_Login_with_URL is PASSED

26-07-2024T16:06:23 - [TEST_STEP][PASSED] - verifyElementPresent(findTestObject("Object Repository/Healthcare/Appointment/form_Healthcare"), 3): Object 'Object Repository/Healthcare/Appointment/form_Healthcare' is present

26-07-2024T16:06:24 - [MESSAGE][PASSED] - Object 'Object Repository/Healthcare/Appointment/form_Healthcare' is present

26-07-2024T16:06:24 - [TEST_STEP][PASSED] - closeBrowser(): Browser is closed

26-07-2024T16:06:26 - [MESSAGE][PASSED] - Browser is closed]]></system-out>
         <system-err><![CDATA[]]></system-err>
      </testcase>
      <testcase name="Test Cases/Healthcare/Login/TC06_Login_with_invalid_info" time="54.28" classname="Test Cases/Healthcare/Login/TC06_Login_with_invalid_info" status="PASSED">
         <system-out><![CDATA[26-07-2024T16:06:26 - [TEST_CASE][PASSED] - Test Cases/Healthcare/Login/TC06_Login_with_invalid_info: Test Cases/Healthcare/Login/TC06_Login_with_invalid_info

26-07-2024T16:06:26 - [TEST_STEP][PASSED] - openBrowser(HC_Login_URL): Browser is opened with url: 'https://katalon-demo-cura.herokuapp.com/profile.php#login'

26-07-2024T16:06:26 - [MESSAGE][INFO] - User set preference: ['os', 'windows']

26-07-2024T16:06:26 - [MESSAGE][INFO] - User set preference: ['browserVersion', '127']

26-07-2024T16:06:26 - [MESSAGE][INFO] - User set preference: ['browserName', 'chrome']

26-07-2024T16:06:26 - [MESSAGE][INFO] - User set preference: ['katalon:option', '{organizationId=1576976, usingTunnel=true}']

26-07-2024T16:06:26 - [MESSAGE][INFO] - Connecting to remote web server 'testcloud.katalon.com/hub' with type 'Selenium'

26-07-2024T16:06:26 - [MESSAGE][INFO] - Action delay is set to 0 milliseconds

26-07-2024T16:07:09 - [MESSAGE][PASSED] - Browser is opened with url: 'https://katalon-demo-cura.herokuapp.com/profile.php#login'

26-07-2024T16:07:09 - [TEST_STEP][PASSED] - maximizeWindow(): Current window maximized

26-07-2024T16:07:09 - [MESSAGE][PASSED] - Current window maximized

26-07-2024T16:07:09 - [TEST_STEP][PASSED] - setText(findTestObject("Object Repository/Healthcare/Login/input_Username_username"), "John"): Text 'John' is set on object 'Object Repository/Healthcare/Login/input_Username_username'

26-07-2024T16:07:13 - [MESSAGE][PASSED] - Text 'John' is set on object 'Object Repository/Healthcare/Login/input_Username_username'

26-07-2024T16:07:13 - [TEST_STEP][PASSED] - setText(findTestObject("Object Repository/Healthcare/Login/input_Password_password"), "ThisIsAPassword"): Text 'ThisIsAPassword' is set on object 'Object Repository/Healthcare/Login/input_Password_password'

26-07-2024T16:07:16 - [MESSAGE][PASSED] - Text 'ThisIsAPassword' is set on object 'Object Repository/Healthcare/Login/input_Password_password'

26-07-2024T16:07:16 - [TEST_STEP][PASSED] - click(findTestObject("Object Repository/Healthcare/Login/button_Login")): Object: 'Object Repository/Healthcare/Login/button_Login' is clicked on

26-07-2024T16:07:18 - [MESSAGE][PASSED] - Object: 'Object Repository/Healthcare/Login/button_Login' is clicked on

26-07-2024T16:07:18 - [TEST_STEP][PASSED] - verifyElementPresent(findTestObject("Object Repository/Healthcare/Login/label_Error_message"), 3): Object 'Object Repository/Healthcare/Login/label_Error_message' is present

26-07-2024T16:07:19 - [MESSAGE][PASSED] - Object 'Object Repository/Healthcare/Login/label_Error_message' is present

26-07-2024T16:07:19 - [TEST_STEP][PASSED] - closeBrowser(): Browser is closed

26-07-2024T16:07:20 - [MESSAGE][PASSED] - Browser is closed]]></system-out>
         <system-err><![CDATA[]]></system-err>
      </testcase>
      <system-out><![CDATA[26-07-2024T16:03:22 - [TEST_SUITE][FAILED] - Login: Test Cases/Healthcare/Login/TC02_Login_via_make_appointment FAILED.
Reason:
com.kms.katalon.core.exception.StepFailedException: Unable to open browser with url: 'https://katalon-demo-cura.herokuapp.com/'
	at com.kms.katalon.core.webui.keyword.internal.WebUIKeywordMain.stepFailed(WebUIKeywordMain.groovy:64)
	at com.kms.katalon.core.webui.keyword.internal.WebUIKeywordMain.runKeyword(WebUIKeywordMain.groovy:26)
	at com.kms.katalon.core.webui.keyword.builtin.OpenBrowserKeyword.openBrowser(OpenBrowserKeyword.groovy:81)
	at com.kms.katalon.core.webui.keyword.builtin.OpenBrowserKeyword.execute(OpenBrowserKeyword.groovy:67)
	at com.kms.katalon.core.keyword.internal.KeywordExecutor.executeKeywordForPlatform(KeywordExecutor.groovy:74)
	at com.kms.katalon.core.webui.keyword.WebUiBuiltInKeywords.openBrowser(WebUiBuiltInKeywords.groovy:64)
	at TC02_Login_via_make_appointment.run(TC02_Login_via_make_appointment:20)
	at com.kms.katalon.core.main.ScriptEngine.run(ScriptEngine.java:194)
	at com.kms.katalon.core.main.ScriptEngine.runScriptAsRawText(ScriptEngine.java:119)
	at com.kms.katalon.core.main.TestCaseExecutor.runScript(TestCaseExecutor.java:448)
	at com.kms.katalon.core.main.TestCaseExecutor.doExecute(TestCaseExecutor.java:439)
	at com.kms.katalon.core.main.TestCaseExecutor.processExecutionPhase(TestCaseExecutor.java:418)
	at com.kms.katalon.core.main.TestCaseExecutor.accessMainPhase(TestCaseExecutor.java:410)
	at com.kms.katalon.core.main.TestCaseExecutor.execute(TestCaseExecutor.java:285)
	at com.kms.katalon.core.common.CommonExecutor.accessTestCaseMainPhase(CommonExecutor.java:65)
	at com.kms.katalon.core.main.TestSuiteExecutor.accessTestSuiteMainPhase(TestSuiteExecutor.java:150)
	at com.kms.katalon.core.main.TestSuiteExecutor.execute(TestSuiteExecutor.java:106)
	at com.kms.katalon.core.main.TestCaseMain.startTestSuite(TestCaseMain.java:180)
	at TempTestSuite1721984580137.run(TempTestSuite1721984580137.groovy:35)
	at java.base/jdk.internal.reflect.NativeMethodAccessorImpl.invoke0(Native Method)
	at java.base/jdk.internal.reflect.NativeMethodAccessorImpl.invoke(NativeMethodAccessorImpl.java:77)
	at java.base/jdk.internal.reflect.DelegatingMethodAccessorImpl.invoke(DelegatingMethodAccessorImpl.java:43)
Caused by: org.openqa.selenium.WebDriverException: unknown error: net::ERR_SSL_PROTOCOL_ERROR
  (Session info: chrome=127.0.6533.26)
Build info: version: '3.141.59', revision: 'unknown', time: 'unknown'
System info: host: 'VN-HCM-D-W-0011', ip: '10.161.207.102', os.name: 'Windows 11', os.arch: 'amd64', os.version: '10.0', java.version: '17.0.7'
Driver info: com.kms.katalon.selenium.driver.CRemoteWebDriver
Capabilities {LT:Options: {build: windows-null-chrome-127, tunnel: true, tunnelName: 4bdc3656-0f08-43da-b5d0-8a6..., w3c: true}, acceptInsecureCerts: false, browserName: chrome, browserVersion: 127.0.6533.26, chrome: {chromedriverVersion: 127.0.6533.26 (52e197ccd8ed..., userDataDir: C:\Program Files\scoped_dir...}, fedcm:accounts: true, goog:chromeOptions: {debuggerAddress: localhost:9225}, javascriptEnabled: true, katalon:option: {apiKey: 4325c767-d65e-4f41-a4c1-bee..., appId: null, deviceId: null, deviceVersion: null, group: e8234f13-161b-46c2-9f31-7a9..., organizationId: 1576976, runFromTestCloud: true, teamId: null, tenant: KatalonStudio, tunnelMetadataId: ada2246c-ce23-470f-8318-2b4..., userId: 1544065, usingTunnel: true}, kt:requestId: 4bdc3656-0f08-43da-b5d0-8a6..., kt:rid: 4bdc3656-0f08-43da-b5d0-8a6..., ***:loadExtension: [https://prod-magicleap-user...], networkConnectionEnabled: false, pageLoadStrategy: normal, platform: WINDOWS, platformName: WINDOWS, proxy: Proxy(), se:bidiEnabled: false, se:cdpEnabled: false, setWindowRect: true, strictFileInteractability: false, timeouts: {implicit: 0, pageLoad: 300000, script: 30000}, unhandledPromptBehavior: dismiss and notify, webauthn:extension:credBlob: true, webauthn:extension:largeBlob: true, webauthn:extension:minPinLength: true, webauthn:extension:prf: true, webauthn:virtualAuthenticators: true}
Session ID: 5e76e6e7ae5bb8f52e947aaecbc1bd9e
	at java.base/jdk.internal.reflect.NativeConstructorAccessorImpl.newInstance0(Native Method)
	at java.base/jdk.internal.reflect.NativeConstructorAccessorImpl.newInstance(NativeConstructorAccessorImpl.java:77)
	at java.base/jdk.internal.reflect.DelegatingConstructorAccessorImpl.newInstance(DelegatingConstructorAccessorImpl.java:45)
	at org.openqa.selenium.remote.http.W3CHttpResponseCodec.createException(W3CHttpResponseCodec.java:187)
	at org.openqa.selenium.remote.http.W3CHttpResponseCodec.decode(W3CHttpResponseCodec.java:122)
	at org.openqa.selenium.remote.http.W3CHttpResponseCodec.decode(W3CHttpResponseCodec.java:49)
	at org.openqa.selenium.remote.HttpCommandExecutor.execute(HttpCommandExecutor.java:158)
	at org.openqa.selenium.remote.RemoteWebDriver.execute(RemoteWebDriver.java:552)
	at com.kms.katalon.selenium.driver.CRemoteWebDriver.execute(CRemoteWebDriver.java:30)
	at org.openqa.selenium.remote.RemoteWebDriver.get(RemoteWebDriver.java:277)
	at java.base/jdk.internal.reflect.NativeMethodAccessorImpl.invoke0(Native Method)
	at java.base/jdk.internal.reflect.NativeMethodAccessorImpl.invoke(NativeMethodAccessorImpl.java:77)
	at java.base/jdk.internal.reflect.DelegatingMethodAccessorImpl.invoke(DelegatingMethodAccessorImpl.java:43)
	at org.openqa.selenium.support.events.EventFiringWebDriver.***$new$1(EventFiringWebDriver.java:105)
	at jdk.proxy2/jdk.proxy2.$Proxy23.get(Unknown Source)
	at org.openqa.selenium.support.events.EventFiringWebDriver.get(EventFiringWebDriver.java:165)
	at com.kms.katalon.core.webui.keyword.builtin.OpenBrowserKeyword$_openBrowser_closure1.doCall(OpenBrowserKeyword.groovy:78)
	at com.kms.katalon.core.webui.keyword.builtin.OpenBrowserKeyword$_openBrowser_closure1.call(OpenBrowserKeyword.groovy)
	at com.kms.katalon.core.webui.keyword.internal.WebUIKeywordMain.runKeyword(WebUIKeywordMain.groovy:20)
	... 20 more]]></system-out>
      <system-err><![CDATA[26-07-2024T16:03:22 - [TEST_SUITE][FAILED] - Login: Test Cases/Healthcare/Login/TC02_Login_via_make_appointment FAILED.
Reason:
com.kms.katalon.core.exception.StepFailedException: Unable to open browser with url: 'https://katalon-demo-cura.herokuapp.com/'
	at com.kms.katalon.core.webui.keyword.internal.WebUIKeywordMain.stepFailed(WebUIKeywordMain.groovy:64)
	at com.kms.katalon.core.webui.keyword.internal.WebUIKeywordMain.runKeyword(WebUIKeywordMain.groovy:26)
	at com.kms.katalon.core.webui.keyword.builtin.OpenBrowserKeyword.openBrowser(OpenBrowserKeyword.groovy:81)
	at com.kms.katalon.core.webui.keyword.builtin.OpenBrowserKeyword.execute(OpenBrowserKeyword.groovy:67)
	at com.kms.katalon.core.keyword.internal.KeywordExecutor.executeKeywordForPlatform(KeywordExecutor.groovy:74)
	at com.kms.katalon.core.webui.keyword.WebUiBuiltInKeywords.openBrowser(WebUiBuiltInKeywords.groovy:64)
	at TC02_Login_via_make_appointment.run(TC02_Login_via_make_appointment:20)
	at com.kms.katalon.core.main.ScriptEngine.run(ScriptEngine.java:194)
	at com.kms.katalon.core.main.ScriptEngine.runScriptAsRawText(ScriptEngine.java:119)
	at com.kms.katalon.core.main.TestCaseExecutor.runScript(TestCaseExecutor.java:448)
	at com.kms.katalon.core.main.TestCaseExecutor.doExecute(TestCaseExecutor.java:439)
	at com.kms.katalon.core.main.TestCaseExecutor.processExecutionPhase(TestCaseExecutor.java:418)
	at com.kms.katalon.core.main.TestCaseExecutor.accessMainPhase(TestCaseExecutor.java:410)
	at com.kms.katalon.core.main.TestCaseExecutor.execute(TestCaseExecutor.java:285)
	at com.kms.katalon.core.common.CommonExecutor.accessTestCaseMainPhase(CommonExecutor.java:65)
	at com.kms.katalon.core.main.TestSuiteExecutor.accessTestSuiteMainPhase(TestSuiteExecutor.java:150)
	at com.kms.katalon.core.main.TestSuiteExecutor.execute(TestSuiteExecutor.java:106)
	at com.kms.katalon.core.main.TestCaseMain.startTestSuite(TestCaseMain.java:180)
	at TempTestSuite1721984580137.run(TempTestSuite1721984580137.groovy:35)
	at java.base/jdk.internal.reflect.NativeMethodAccessorImpl.invoke0(Native Method)
	at java.base/jdk.internal.reflect.NativeMethodAccessorImpl.invoke(NativeMethodAccessorImpl.java:77)
	at java.base/jdk.internal.reflect.DelegatingMethodAccessorImpl.invoke(DelegatingMethodAccessorImpl.java:43)
Caused by: org.openqa.selenium.WebDriverException: unknown error: net::ERR_SSL_PROTOCOL_ERROR
  (Session info: chrome=127.0.6533.26)
Build info: version: '3.141.59', revision: 'unknown', time: 'unknown'
System info: host: 'VN-HCM-D-W-0011', ip: '10.161.207.102', os.name: 'Windows 11', os.arch: 'amd64', os.version: '10.0', java.version: '17.0.7'
Driver info: com.kms.katalon.selenium.driver.CRemoteWebDriver
Capabilities {LT:Options: {build: windows-null-chrome-127, tunnel: true, tunnelName: 4bdc3656-0f08-43da-b5d0-8a6..., w3c: true}, acceptInsecureCerts: false, browserName: chrome, browserVersion: 127.0.6533.26, chrome: {chromedriverVersion: 127.0.6533.26 (52e197ccd8ed..., userDataDir: C:\Program Files\scoped_dir...}, fedcm:accounts: true, goog:chromeOptions: {debuggerAddress: localhost:9225}, javascriptEnabled: true, katalon:option: {apiKey: 4325c767-d65e-4f41-a4c1-bee..., appId: null, deviceId: null, deviceVersion: null, group: e8234f13-161b-46c2-9f31-7a9..., organizationId: 1576976, runFromTestCloud: true, teamId: null, tenant: KatalonStudio, tunnelMetadataId: ada2246c-ce23-470f-8318-2b4..., userId: 1544065, usingTunnel: true}, kt:requestId: 4bdc3656-0f08-43da-b5d0-8a6..., kt:rid: 4bdc3656-0f08-43da-b5d0-8a6..., ***:loadExtension: [https://prod-magicleap-user...], networkConnectionEnabled: false, pageLoadStrategy: normal, platform: WINDOWS, platformName: WINDOWS, proxy: Proxy(), se:bidiEnabled: false, se:cdpEnabled: false, setWindowRect: true, strictFileInteractability: false, timeouts: {implicit: 0, pageLoad: 300000, script: 30000}, unhandledPromptBehavior: dismiss and notify, webauthn:extension:credBlob: true, webauthn:extension:largeBlob: true, webauthn:extension:minPinLength: true, webauthn:extension:prf: true, webauthn:virtualAuthenticators: true}
Session ID: 5e76e6e7ae5bb8f52e947aaecbc1bd9e
	at java.base/jdk.internal.reflect.NativeConstructorAccessorImpl.newInstance0(Native Method)
	at java.base/jdk.internal.reflect.NativeConstructorAccessorImpl.newInstance(NativeConstructorAccessorImpl.java:77)
	at java.base/jdk.internal.reflect.DelegatingConstructorAccessorImpl.newInstance(DelegatingConstructorAccessorImpl.java:45)
	at org.openqa.selenium.remote.http.W3CHttpResponseCodec.createException(W3CHttpResponseCodec.java:187)
	at org.openqa.selenium.remote.http.W3CHttpResponseCodec.decode(W3CHttpResponseCodec.java:122)
	at org.openqa.selenium.remote.http.W3CHttpResponseCodec.decode(W3CHttpResponseCodec.java:49)
	at org.openqa.selenium.remote.HttpCommandExecutor.execute(HttpCommandExecutor.java:158)
	at org.openqa.selenium.remote.RemoteWebDriver.execute(RemoteWebDriver.java:552)
	at com.kms.katalon.selenium.driver.CRemoteWebDriver.execute(CRemoteWebDriver.java:30)
	at org.openqa.selenium.remote.RemoteWebDriver.get(RemoteWebDriver.java:277)
	at java.base/jdk.internal.reflect.NativeMethodAccessorImpl.invoke0(Native Method)
	at java.base/jdk.internal.reflect.NativeMethodAccessorImpl.invoke(NativeMethodAccessorImpl.java:77)
	at java.base/jdk.internal.reflect.DelegatingMethodAccessorImpl.invoke(DelegatingMethodAccessorImpl.java:43)
	at org.openqa.selenium.support.events.EventFiringWebDriver.***$new$1(EventFiringWebDriver.java:105)
	at jdk.proxy2/jdk.proxy2.$Proxy23.get(Unknown Source)
	at org.openqa.selenium.support.events.EventFiringWebDriver.get(EventFiringWebDriver.java:165)
	at com.kms.katalon.core.webui.keyword.builtin.OpenBrowserKeyword$_openBrowser_closure1.doCall(OpenBrowserKeyword.groovy:78)
	at com.kms.katalon.core.webui.keyword.builtin.OpenBrowserKeyword$_openBrowser_closure1.call(OpenBrowserKeyword.groovy)
	at com.kms.katalon.core.webui.keyword.internal.WebUIKeywordMain.runKeyword(WebUIKeywordMain.groovy:20)
	... 20 more]]></system-err>
   </testsuite>
</testsuites>
