<?xml version="1.0" encoding="UTF-8"?>
<testsuites name="All Products" time="737.399" tests="10" failures="3" errors="0">
   <testsuite name="All Products" tests="10" failures="3" errors="0" time="737.399" skipped="0" timestamp="12-07-2024T15:40:53" hostname="quochuy.lu - VN-HCM-D-W-0011.globalservs.com" id="Test Suites/Product_Overview/All Products">
      <properties>
         <property name="deviceName" value=""/>
         <property name="devicePlatform"/>
         <property name="logFolder" value="C:\\Users\\quochuy.lu\\git\\Katalon-certification\\Reports\\20240712_154039\\Product_Overview\\All Products\\20240712_154039"/>
         <property name="logFiles" value="C:\\Users\\quochuy.lu\\git\\Katalon-certification\\Reports\\20240712_154039\\Product_Overview\\All Products\\20240712_154039\\execution0.log"/>
         <property name="attachments" value="C:\\Users\\quochuy.lu\\git\\Katalon-certification\\Reports\\20240712_154039\\Product_Overview\\All Products\\20240712_154039\\1720773799571.png, C:\\Users\\quochuy.lu\\git\\Katalon-certification\\Reports\\20240712_154039\\Product_Overview\\All Products\\20240712_154039\\1720773799814.png, C:\\Users\\quochuy.lu\\git\\Katalon-certification\\Reports\\20240712_154039\\Product_Overview\\All Products\\20240712_154039\\1720773849677.png, C:\\Users\\quochuy.lu\\git\\Katalon-certification\\Reports\\20240712_154039\\Product_Overview\\All Products\\20240712_154039\\1720773849924.png, C:\\Users\\quochuy.lu\\git\\Katalon-certification\\Reports\\20240712_154039\\Product_Overview\\All Products\\20240712_154039\\1720773899353.png, C:\\Users\\quochuy.lu\\git\\Katalon-certification\\Reports\\20240712_154039\\Product_Overview\\All Products\\20240712_154039\\1720773899535.png, C:\\Users\\quochuy.lu\\git\\Katalon-certification\\Reports\\20240712_154039\\Product_Overview\\All Products\\20240712_154039\\1720773949514.png, C:\\Users\\quochuy.lu\\git\\Katalon-certification\\Reports\\20240712_154039\\Product_Overview\\All Products\\20240712_154039\\1720773949690.png, C:\\Users\\quochuy.lu\\git\\Katalon-certification\\Reports\\20240712_154039\\Product_Overview\\All Products\\20240712_154039\\1720773999557.png, C:\\Users\\quochuy.lu\\git\\Katalon-certification\\Reports\\20240712_154039\\Product_Overview\\All Products\\20240712_154039\\1720773999803.png, C:\\Users\\quochuy.lu\\git\\Katalon-certification\\Reports\\20240712_154039\\Product_Overview\\All Products\\20240712_154039\\1720774047757.png, C:\\Users\\quochuy.lu\\git\\Katalon-certification\\Reports\\20240712_154039\\Product_Overview\\All Products\\20240712_154039\\1720774047969.png, C:\\Users\\quochuy.lu\\git\\Katalon-certification\\Reports\\20240712_154039\\Product_Overview\\All Products\\20240712_154039\\1720774096871.png, C:\\Users\\quochuy.lu\\git\\Katalon-certification\\Reports\\20240712_154039\\Product_Overview\\All Products\\20240712_154039\\1720774097037.png, C:\\Users\\quochuy.lu\\git\\Katalon-certification\\Reports\\20240712_154039\\Product_Overview\\All Products\\20240712_154039\\1720774147456.png, C:\\Users\\quochuy.lu\\git\\Katalon-certification\\Reports\\20240712_154039\\Product_Overview\\All Products\\20240712_154039\\1720774147673.png, C:\\Users\\quochuy.lu\\git\\Katalon-certification\\Reports\\20240712_154039\\Product_Overview\\All Products\\20240712_154039\\1720774193968.png, C:\\Users\\quochuy.lu\\git\\Katalon-certification\\Reports\\20240712_154039\\Product_Overview\\All Products\\20240712_154039\\1720774194161.png, C:\\Users\\quochuy.lu\\git\\Katalon-certification\\Reports\\20240712_154039\\Product_Overview\\All Products\\20240712_154039\\1720774241230.png, C:\\Users\\quochuy.lu\\git\\Katalon-certification\\Reports\\20240712_154039\\Product_Overview\\All Products\\20240712_154039\\1720774241404.png, C:\\Users\\quochuy.lu\\git\\Katalon-certification\\Reports\\20240712_154039\\Product_Overview\\All Products\\20240712_154039\\1720774288844.png, C:\\Users\\quochuy.lu\\git\\Katalon-certification\\Reports\\20240712_154039\\Product_Overview\\All Products\\20240712_154039\\1720774289016.png, C:\\Users\\quochuy.lu\\git\\Katalon-certification\\Reports\\20240712_154039\\Product_Overview\\All Products\\20240712_154039\\1720774338701.png, C:\\Users\\quochuy.lu\\git\\Katalon-certification\\Reports\\20240712_154039\\Product_Overview\\All Products\\20240712_154039\\1720774338886.png"/>
         <property name="hostName" value="quochuy.lu - VN-HCM-D-W-0011.globalservs.com"/>
         <property name="os" value="Windows 11 64bit"/>
         <property name="katalonVersion" value="9.6.0.217"/>
         <property name="browser" value="Chrome 126.0.0.0"/>
         <property name="hostAddress" value="10.161.207.102"/>
         <property name="sessionId" value="3b929ef674a8dbb2fbf109f07a5469f1"/>
         <property name="seleniumVersion" value="3.141.59"/>
         <property name="proxyInformation" value="ProxyInformation { proxyOption=NO_PROXY, proxyServerType=HTTP, username=, password=********, proxyServerAddress=, proxyServerPort=0, executionList=&quot;&quot;, isApplyToDesiredCapabilities=true }"/>
         <property name="platform" value="Windows 11"/>
      </properties>
      <testcase name="Test Cases/Product Overview/TC08_Check_display_info_product_01" time="22.182" classname="Test Cases/Product Overview/TC08_Check_display_info_product_01" status="PASSED">
         <system-out><![CDATA[12-07-2024T15:40:54 - [TEST_CASE][PASSED] - Test Cases/Product Overview/TC08_Check_display_info_product_01: Test Cases/Product Overview/TC08_Check_display_info_product_01

12-07-2024T15:40:55 - [TEST_STEP][PASSED] - openBrowser(Dashborad_URL): Browser is opened with url: 'https://demo-store.katalon.com./'

12-07-2024T15:40:56 - [MESSAGE][INFO] - Starting 'Chrome' driver

12-07-2024T15:40:56 - [MESSAGE][INFO] - Action delay is set to 0 milliseconds

12-07-2024T15:41:10 - [MESSAGE][PASSED] - Browser is opened with url: 'https://demo-store.katalon.com./'

12-07-2024T15:41:10 - [TEST_STEP][PASSED] - maximizeWindow(): Current window maximized

12-07-2024T15:41:10 - [MESSAGE][PASSED] - Current window maximized

12-07-2024T15:41:10 - [TEST_STEP][PASSED] - waitForElementPresent(findTestObject("Object Repository/Dashboard/Product_item", ["product_name":product_name]), 5): Object 'Object Repository/Dashboard/Product_item' is present

12-07-2024T15:41:13 - [MESSAGE][PASSED] - Object 'Object Repository/Dashboard/Product_item' is present

12-07-2024T15:41:13 - [TEST_STEP][PASSED] - click(findTestObject("Object Repository/Dashboard/Product_item", ["product_name":product_name])): Object: 'Object Repository/Dashboard/Product_item' is clicked on

12-07-2024T15:41:14 - [MESSAGE][PASSED] - Object: 'Object Repository/Dashboard/Product_item' is clicked on

12-07-2024T15:41:14 - [TEST_STEP][PASSED] - waitForElementPresent(findTestObject("Object Repository/Product Overview/Product_Overview_page"), 5): Object 'Object Repository/Product Overview/Product_Overview_page' is present

12-07-2024T15:41:15 - [MESSAGE][PASSED] - Object 'Object Repository/Product Overview/Product_Overview_page' is present

12-07-2024T15:41:15 - [TEST_STEP][PASSED] - verifyElementPresent(findTestObject("Object Repository/Product Overview/Product_title", ["product_name":product_name]), 5): Object 'Object Repository/Product Overview/Product_title' is present

12-07-2024T15:41:15 - [MESSAGE][PASSED] - Object 'Object Repository/Product Overview/Product_title' is present

12-07-2024T15:41:15 - [TEST_STEP][PASSED] - price_web = getText(findTestObject("Object Repository/Product Overview/Product_price")): Text of object 'Object Repository/Product Overview/Product_price' is: '$25.99 CAD'

12-07-2024T15:41:16 - [MESSAGE][PASSED] - Text of object 'Object Repository/Product Overview/Product_price' is: '$25.99 CAD'

12-07-2024T15:41:16 - [TEST_STEP][PASSED] - get_price = price_web.contains(price): null

12-07-2024T15:41:16 - [TEST_STEP][PASSED] - verifyEqual(get_price, true): Actual object 'true' and expected object 'true' are equal

12-07-2024T15:41:16 - [MESSAGE][PASSED] - Actual object 'true' and expected object 'true' are equal

12-07-2024T15:41:16 - [TEST_STEP][PASSED] - verifyElementPresent(findTestObject("Object Repository/Product Overview/Product_color", ["color":color]), 5): Object 'Object Repository/Product Overview/Product_color' is present

12-07-2024T15:41:16 - [MESSAGE][PASSED] - Object 'Object Repository/Product Overview/Product_color' is present

12-07-2024T15:41:16 - [TEST_STEP][PASSED] - closeBrowser(): Browser is closed

12-07-2024T15:41:16 - [MESSAGE][PASSED] - Browser is closed]]></system-out>
         <system-err><![CDATA[]]></system-err>
      </testcase>
      <testcase name="Test Cases/Product Overview/TC09_Check_display_info_product_02" time="19.699" classname="Test Cases/Product Overview/TC09_Check_display_info_product_02" status="PASSED">
         <system-out><![CDATA[12-07-2024T15:41:17 - [TEST_CASE][PASSED] - Test Cases/Product Overview/TC09_Check_display_info_product_02: Test Cases/Product Overview/TC09_Check_display_info_product_02

12-07-2024T15:41:17 - [TEST_STEP][PASSED] - openBrowser(Dashborad_URL): Browser is opened with url: 'https://demo-store.katalon.com./'

12-07-2024T15:41:17 - [MESSAGE][INFO] - Starting 'Chrome' driver

12-07-2024T15:41:17 - [MESSAGE][INFO] - Action delay is set to 0 milliseconds

12-07-2024T15:41:29 - [MESSAGE][PASSED] - Browser is opened with url: 'https://demo-store.katalon.com./'

12-07-2024T15:41:29 - [TEST_STEP][PASSED] - maximizeWindow(): Current window maximized

12-07-2024T15:41:29 - [MESSAGE][PASSED] - Current window maximized

12-07-2024T15:41:29 - [TEST_STEP][PASSED] - waitForElementPresent(findTestObject("Object Repository/Dashboard/Product_item", ["product_name":product_name]), 5): Object 'Object Repository/Dashboard/Product_item' is present

12-07-2024T15:41:32 - [MESSAGE][PASSED] - Object 'Object Repository/Dashboard/Product_item' is present

12-07-2024T15:41:32 - [TEST_STEP][PASSED] - click(findTestObject("Object Repository/Dashboard/Product_item", ["product_name":product_name])): Object: 'Object Repository/Dashboard/Product_item' is clicked on

12-07-2024T15:41:32 - [MESSAGE][PASSED] - Object: 'Object Repository/Dashboard/Product_item' is clicked on

12-07-2024T15:41:32 - [TEST_STEP][PASSED] - waitForElementPresent(findTestObject("Object Repository/Product Overview/Product_Overview_page"), 5): Object 'Object Repository/Product Overview/Product_Overview_page' is present

12-07-2024T15:41:34 - [MESSAGE][PASSED] - Object 'Object Repository/Product Overview/Product_Overview_page' is present

12-07-2024T15:41:34 - [TEST_STEP][PASSED] - verifyElementPresent(findTestObject("Object Repository/Product Overview/Product_title", ["product_name":product_name]), 5): Object 'Object Repository/Product Overview/Product_title' is present

12-07-2024T15:41:34 - [MESSAGE][PASSED] - Object 'Object Repository/Product Overview/Product_title' is present

12-07-2024T15:41:34 - [TEST_STEP][PASSED] - price_web = getText(findTestObject("Object Repository/Product Overview/Product_price")): Text of object 'Object Repository/Product Overview/Product_price' is: '$79.99 CAD'

12-07-2024T15:41:34 - [MESSAGE][PASSED] - Text of object 'Object Repository/Product Overview/Product_price' is: '$79.99 CAD'

12-07-2024T15:41:34 - [TEST_STEP][PASSED] - get_price = price_web.contains(price): null

12-07-2024T15:41:34 - [TEST_STEP][PASSED] - verifyEqual(get_price, true): Actual object 'true' and expected object 'true' are equal

12-07-2024T15:41:34 - [MESSAGE][PASSED] - Actual object 'true' and expected object 'true' are equal

12-07-2024T15:41:34 - [TEST_STEP][PASSED] - verifyElementPresent(findTestObject("Object Repository/Product Overview/Product_color", ["color":color]), 5): Object 'Object Repository/Product Overview/Product_color' is present

12-07-2024T15:41:35 - [MESSAGE][PASSED] - Object 'Object Repository/Product Overview/Product_color' is present

12-07-2024T15:41:35 - [TEST_STEP][PASSED] - closeBrowser(): Browser is closed

12-07-2024T15:41:36 - [MESSAGE][PASSED] - Browser is closed]]></system-out>
         <system-err><![CDATA[]]></system-err>
      </testcase>
      <testcase name="Test Cases/Product Overview/TC10_Check_display_info_product_03" time="18.884" classname="Test Cases/Product Overview/TC10_Check_display_info_product_03" status="PASSED">
         <system-out><![CDATA[12-07-2024T15:41:36 - [TEST_CASE][PASSED] - Test Cases/Product Overview/TC10_Check_display_info_product_03: Test Cases/Product Overview/TC10_Check_display_info_product_03

12-07-2024T15:41:37 - [TEST_STEP][PASSED] - openBrowser(Dashborad_URL): Browser is opened with url: 'https://demo-store.katalon.com./'

12-07-2024T15:41:37 - [MESSAGE][INFO] - Starting 'Chrome' driver

12-07-2024T15:41:37 - [MESSAGE][INFO] - Action delay is set to 0 milliseconds

12-07-2024T15:41:49 - [MESSAGE][PASSED] - Browser is opened with url: 'https://demo-store.katalon.com./'

12-07-2024T15:41:49 - [TEST_STEP][PASSED] - maximizeWindow(): Current window maximized

12-07-2024T15:41:49 - [MESSAGE][PASSED] - Current window maximized

12-07-2024T15:41:49 - [TEST_STEP][PASSED] - waitForElementPresent(findTestObject("Object Repository/Dashboard/Product_item", ["product_name":product_name]), 5): Object 'Object Repository/Dashboard/Product_item' is present

12-07-2024T15:41:51 - [MESSAGE][PASSED] - Object 'Object Repository/Dashboard/Product_item' is present

12-07-2024T15:41:51 - [TEST_STEP][PASSED] - click(findTestObject("Object Repository/Dashboard/Product_item", ["product_name":product_name])): Object: 'Object Repository/Dashboard/Product_item' is clicked on

12-07-2024T15:41:52 - [MESSAGE][PASSED] - Object: 'Object Repository/Dashboard/Product_item' is clicked on

12-07-2024T15:41:52 - [TEST_STEP][PASSED] - waitForElementPresent(findTestObject("Object Repository/Product Overview/Product_Overview_page"), 5): Object 'Object Repository/Product Overview/Product_Overview_page' is present

12-07-2024T15:41:53 - [MESSAGE][PASSED] - Object 'Object Repository/Product Overview/Product_Overview_page' is present

12-07-2024T15:41:53 - [TEST_STEP][PASSED] - verifyElementPresent(findTestObject("Object Repository/Product Overview/Product_title", ["product_name":product_name]), 5): Object 'Object Repository/Product Overview/Product_title' is present

12-07-2024T15:41:53 - [MESSAGE][PASSED] - Object 'Object Repository/Product Overview/Product_title' is present

12-07-2024T15:41:53 - [TEST_STEP][PASSED] - price_web = getText(findTestObject("Object Repository/Product Overview/Product_price")): Text of object 'Object Repository/Product Overview/Product_price' is: '$79.99 CAD'

12-07-2024T15:41:53 - [MESSAGE][PASSED] - Text of object 'Object Repository/Product Overview/Product_price' is: '$79.99 CAD'

12-07-2024T15:41:53 - [TEST_STEP][PASSED] - get_price = price_web.contains(price): null

12-07-2024T15:41:53 - [TEST_STEP][PASSED] - verifyEqual(get_price, true): Actual object 'true' and expected object 'true' are equal

12-07-2024T15:41:53 - [MESSAGE][PASSED] - Actual object 'true' and expected object 'true' are equal

12-07-2024T15:41:53 - [TEST_STEP][PASSED] - verifyElementPresent(findTestObject("Object Repository/Product Overview/Product_color", ["color":color]), 5): Object 'Object Repository/Product Overview/Product_color' is present

12-07-2024T15:41:54 - [MESSAGE][PASSED] - Object 'Object Repository/Product Overview/Product_color' is present

12-07-2024T15:41:54 - [TEST_STEP][PASSED] - closeBrowser(): Browser is closed

12-07-2024T15:41:55 - [MESSAGE][PASSED] - Browser is closed]]></system-out>
         <system-err><![CDATA[]]></system-err>
      </testcase>
      <testcase name="Test Cases/Product Overview/TC11_Check_display_info_product_04" time="34.973" classname="Test Cases/Product Overview/TC11_Check_display_info_product_04" status="PASSED">
         <system-out><![CDATA[12-07-2024T15:41:55 - [TEST_CASE][PASSED] - Test Cases/Product Overview/TC11_Check_display_info_product_04: Test Cases/Product Overview/TC11_Check_display_info_product_04

12-07-2024T15:41:55 - [TEST_STEP][PASSED] - openBrowser(Dashborad_URL): Browser is opened with url: 'https://demo-store.katalon.com./'

12-07-2024T15:41:55 - [MESSAGE][INFO] - Starting 'Chrome' driver

12-07-2024T15:41:55 - [MESSAGE][INFO] - Action delay is set to 0 milliseconds

12-07-2024T15:42:08 - [MESSAGE][PASSED] - Browser is opened with url: 'https://demo-store.katalon.com./'

12-07-2024T15:42:08 - [TEST_STEP][PASSED] - maximizeWindow(): Current window maximized

12-07-2024T15:42:08 - [MESSAGE][PASSED] - Current window maximized

12-07-2024T15:42:08 - [TEST_STEP][PASSED] - waitForElementPresent(findTestObject("Object Repository/Dashboard/Product_item", ["product_name":product_name]), 5): Object 'Object Repository/Dashboard/Product_item' is present

12-07-2024T15:42:10 - [MESSAGE][PASSED] - Object 'Object Repository/Dashboard/Product_item' is present

12-07-2024T15:42:10 - [TEST_STEP][PASSED] - click(findTestObject("Object Repository/Dashboard/Product_item", ["product_name":product_name])): Object: 'Object Repository/Dashboard/Product_item' is clicked on

12-07-2024T15:42:11 - [MESSAGE][PASSED] - Object: 'Object Repository/Dashboard/Product_item' is clicked on

12-07-2024T15:42:11 - [TEST_STEP][PASSED] - waitForElementPresent(findTestObject("Object Repository/Product Overview/Product_Overview_page"), 5): Object 'Object Repository/Product Overview/Product_Overview_page' is present

12-07-2024T15:42:12 - [MESSAGE][PASSED] - Object 'Object Repository/Product Overview/Product_Overview_page' is present

12-07-2024T15:42:12 - [TEST_STEP][PASSED] - verifyElementPresent(findTestObject("Object Repository/Product Overview/Product_title", ["product_name":product_name]), 5): Object 'Object Repository/Product Overview/Product_title' is present

12-07-2024T15:42:12 - [MESSAGE][PASSED] - Object 'Object Repository/Product Overview/Product_title' is present

12-07-2024T15:42:12 - [TEST_STEP][PASSED] - price_web = getText(findTestObject("Object Repository/Product Overview/Product_price")): Text of object 'Object Repository/Product Overview/Product_price' is: '$45.99 CAD'

12-07-2024T15:42:13 - [MESSAGE][PASSED] - Text of object 'Object Repository/Product Overview/Product_price' is: '$45.99 CAD'

12-07-2024T15:42:13 - [TEST_STEP][PASSED] - get_price = price_web.contains(price): null

12-07-2024T15:42:13 - [TEST_STEP][PASSED] - verifyEqual(get_price, true): Actual object 'true' and expected object 'true' are equal

12-07-2024T15:42:13 - [MESSAGE][PASSED] - Actual object 'true' and expected object 'true' are equal

12-07-2024T15:42:13 - [TEST_STEP][PASSED] - verifyElementPresent(findTestObject("Object Repository/Product Overview/Product_color", ["color":color]), 5): Object 'Object Repository/Product Overview/Product_color' is present

12-07-2024T15:42:13 - [MESSAGE][PASSED] - Object 'Object Repository/Product Overview/Product_color' is present

12-07-2024T15:42:13 - [TEST_STEP][PASSED] - closeBrowser(): Browser is closed

12-07-2024T15:42:30 - [MESSAGE][PASSED] - Browser is closed]]></system-out>
         <system-err><![CDATA[]]></system-err>
      </testcase>
      <testcase name="Test Cases/Product Overview/TC12_Check_display_info_product_05" time="50.114" classname="Test Cases/Product Overview/TC12_Check_display_info_product_05" status="FAILED">
         <failure type="FAILED" message="Test Cases/Product Overview/TC12_Check_display_info_product_05 FAILED.&#xa;Reason:&#xa;com.kms.katalon.core.exception.StepFailedException: Unable to verify object 'Object Repository/Product Overview/Product_color' is present&#xa;	at com.kms.katalon.core.webui.keyword.internal.WebUIKeywordMain.stepFailed(WebUIKeywordMain.groovy:64)&#xa;	at com.kms.katalon.core.webui.keyword.internal.WebUIKeywordMain.runKeyword(WebUIKeywordMain.groovy:26)&#xa;	at com.kms.katalon.core.webui.keyword.builtin.VerifyElementPresentKeyword.verifyElementPresent(VerifyElementPresentKeyword.groovy:92)&#xa;	at com.kms.katalon.core.webui.keyword.builtin.VerifyElementPresentKeyword.execute(VerifyElementPresentKeyword.groovy:68)&#xa;	at com.kms.katalon.core.keyword.internal.KeywordExecutor.executeKeywordForPlatform(KeywordExecutor.groovy:74)&#xa;	at com.kms.katalon.core.webui.keyword.WebUiBuiltInKeywords.verifyElementPresent(WebUiBuiltInKeywords.groovy:1503)&#xa;	at TC12_Check_display_info_product_05.run(TC12_Check_display_info_product_05:42)&#xa;	at com.kms.katalon.core.main.ScriptEngine.run(ScriptEngine.java:194)&#xa;	at com.kms.katalon.core.main.ScriptEngine.runScriptAsRawText(ScriptEngine.java:119)&#xa;	at com.kms.katalon.core.main.TestCaseExecutor.runScript(TestCaseExecutor.java:448)&#xa;	at com.kms.katalon.core.main.TestCaseExecutor.doExecute(TestCaseExecutor.java:439)&#xa;	at com.kms.katalon.core.main.TestCaseExecutor.processExecutionPhase(TestCaseExecutor.java:418)&#xa;	at com.kms.katalon.core.main.TestCaseExecutor.accessMainPhase(TestCaseExecutor.java:410)&#xa;	at com.kms.katalon.core.main.TestCaseExecutor.execute(TestCaseExecutor.java:285)&#xa;	at com.kms.katalon.core.main.TestCaseExecutor.execute(TestCaseExecutor.java:369)&#xa;	at com.kms.katalon.core.main.TestCaseExecutor.execute(TestCaseExecutor.java:369)&#xa;	at com.kms.katalon.core.main.TestCaseExecutor.execute(TestCaseExecutor.java:369)&#xa;	at com.kms.katalon.core.common.CommonExecutor.accessTestCaseMainPhase(CommonExecutor.java:65)&#xa;	at com.kms.katalon.core.main.TestSuiteExecutor.accessTestSuiteMainPhase(TestSuiteExecutor.java:150)&#xa;	at com.kms.katalon.core.main.TestSuiteExecutor.execute(TestSuiteExecutor.java:106)&#xa;	at com.kms.katalon.core.main.TestCaseMain.startTestSuite(TestCaseMain.java:180)&#xa;	at TempTestSuite1720773639897.run(TempTestSuite1720773639897.groovy:35)&#xa;	at java.base/jdk.internal.reflect.NativeMethodAccessorImpl.invoke0(Native Method)&#xa;	at java.base/jdk.internal.reflect.NativeMethodAccessorImpl.invoke(NativeMethodAccessorImpl.java:77)&#xa;	at java.base/jdk.internal.reflect.DelegatingMethodAccessorImpl.invoke(DelegatingMethodAccessorImpl.java:43)&#xa;Caused by: com.kms.katalon.core.exception.StepFailedException: com.kms.katalon.core.webui.exception.WebElementNotFoundException: Web element with id: 'Object Repository/Product Overview/Product_color' located by '//*[contains(@class,'color_name') and contains (text(), 'Black')]' not found&#xa;	at com.kms.katalon.core.webui.keyword.internal.WebUIKeywordMain.stepFailed(WebUIKeywordMain.groovy:64)&#xa;	at com.kms.katalon.core.webui.keyword.builtin.VerifyElementPresentKeyword$_verifyElementPresent_closure1.doCall(VerifyElementPresentKeyword.groovy:85)&#xa;	at com.kms.katalon.core.webui.keyword.builtin.VerifyElementPresentKeyword$_verifyElementPresent_closure1.call(VerifyElementPresentKeyword.groovy)&#xa;	at com.kms.katalon.core.webui.keyword.internal.WebUIKeywordMain.runKeyword(WebUIKeywordMain.groovy:20)&#xa;	... 23 more&#xa;"/>
         <system-out><![CDATA[12-07-2024T15:44:59 - [TEST_CASE][FAILED] - Test Cases/Product Overview/TC12_Check_display_info_product_05: Test Cases/Product Overview/TC12_Check_display_info_product_05 FAILED.
Reason:
com.kms.katalon.core.exception.StepFailedException: Unable to verify object 'Object Repository/Product Overview/Product_color' is present
	at com.kms.katalon.core.webui.keyword.internal.WebUIKeywordMain.stepFailed(WebUIKeywordMain.groovy:64)
	at com.kms.katalon.core.webui.keyword.internal.WebUIKeywordMain.runKeyword(WebUIKeywordMain.groovy:26)
	at com.kms.katalon.core.webui.keyword.builtin.VerifyElementPresentKeyword.verifyElementPresent(VerifyElementPresentKeyword.groovy:92)
	at com.kms.katalon.core.webui.keyword.builtin.VerifyElementPresentKeyword.execute(VerifyElementPresentKeyword.groovy:68)
	at com.kms.katalon.core.keyword.internal.KeywordExecutor.executeKeywordForPlatform(KeywordExecutor.groovy:74)
	at com.kms.katalon.core.webui.keyword.WebUiBuiltInKeywords.verifyElementPresent(WebUiBuiltInKeywords.groovy:1503)
	at TC12_Check_display_info_product_05.run(TC12_Check_display_info_product_05:42)
	at com.kms.katalon.core.main.ScriptEngine.run(ScriptEngine.java:194)
	at com.kms.katalon.core.main.ScriptEngine.runScriptAsRawText(ScriptEngine.java:119)
	at com.kms.katalon.core.main.TestCaseExecutor.runScript(TestCaseExecutor.java:448)
	at com.kms.katalon.core.main.TestCaseExecutor.doExecute(TestCaseExecutor.java:439)
	at com.kms.katalon.core.main.TestCaseExecutor.processExecutionPhase(TestCaseExecutor.java:418)
	at com.kms.katalon.core.main.TestCaseExecutor.accessMainPhase(TestCaseExecutor.java:410)
	at com.kms.katalon.core.main.TestCaseExecutor.execute(TestCaseExecutor.java:285)
	at com.kms.katalon.core.main.TestCaseExecutor.execute(TestCaseExecutor.java:369)
	at com.kms.katalon.core.main.TestCaseExecutor.execute(TestCaseExecutor.java:369)
	at com.kms.katalon.core.main.TestCaseExecutor.execute(TestCaseExecutor.java:369)
	at com.kms.katalon.core.common.CommonExecutor.accessTestCaseMainPhase(CommonExecutor.java:65)
	at com.kms.katalon.core.main.TestSuiteExecutor.accessTestSuiteMainPhase(TestSuiteExecutor.java:150)
	at com.kms.katalon.core.main.TestSuiteExecutor.execute(TestSuiteExecutor.java:106)
	at com.kms.katalon.core.main.TestCaseMain.startTestSuite(TestCaseMain.java:180)
	at TempTestSuite1720773639897.run(TempTestSuite1720773639897.groovy:35)
	at java.base/jdk.internal.reflect.NativeMethodAccessorImpl.invoke0(Native Method)
	at java.base/jdk.internal.reflect.NativeMethodAccessorImpl.invoke(NativeMethodAccessorImpl.java:77)
	at java.base/jdk.internal.reflect.DelegatingMethodAccessorImpl.invoke(DelegatingMethodAccessorImpl.java:43)
Caused by: com.kms.katalon.core.exception.StepFailedException: com.kms.katalon.core.webui.exception.WebElementNotFoundException: Web element with id: 'Object Repository/Product Overview/Product_color' located by '//*[contains(@class,'color_name') and contains (text(), 'Black')]' not found
	at com.kms.katalon.core.webui.keyword.internal.WebUIKeywordMain.stepFailed(WebUIKeywordMain.groovy:64)
	at com.kms.katalon.core.webui.keyword.builtin.VerifyElementPresentKeyword$_verifyElementPresent_closure1.doCall(VerifyElementPresentKeyword.groovy:85)
	at com.kms.katalon.core.webui.keyword.builtin.VerifyElementPresentKeyword$_verifyElementPresent_closure1.call(VerifyElementPresentKeyword.groovy)
	at com.kms.katalon.core.webui.keyword.internal.WebUIKeywordMain.runKeyword(WebUIKeywordMain.groovy:20)
	... 23 more


12-07-2024T15:44:59 - [TEST_STEP][PASSED] - openBrowser(Dashborad_URL): Browser is opened with url: 'https://demo-store.katalon.com./'

12-07-2024T15:44:59 - [MESSAGE][WARNING] - A browser is already opened. Closing browser and opening a new one

12-07-2024T15:45:00 - [MESSAGE][INFO] - Starting 'Chrome' driver

12-07-2024T15:45:00 - [MESSAGE][INFO] - Action delay is set to 0 milliseconds

12-07-2024T15:45:02 - [MESSAGE][PASSED] - Browser is opened with url: 'https://demo-store.katalon.com./'

12-07-2024T15:45:02 - [TEST_STEP][PASSED] - maximizeWindow(): Current window maximized

12-07-2024T15:45:12 - [MESSAGE][PASSED] - Current window maximized

12-07-2024T15:45:12 - [TEST_STEP][PASSED] - waitForElementPresent(findTestObject("Object Repository/Dashboard/Product_item", ["product_name":product_name]), 5): Object 'Object Repository/Dashboard/Product_item' is present

12-07-2024T15:45:14 - [MESSAGE][PASSED] - Object 'Object Repository/Dashboard/Product_item' is present

12-07-2024T15:45:14 - [TEST_STEP][PASSED] - click(findTestObject("Object Repository/Dashboard/Product_item", ["product_name":product_name])): Object: 'Object Repository/Dashboard/Product_item' is clicked on

12-07-2024T15:45:15 - [MESSAGE][PASSED] - Object: 'Object Repository/Dashboard/Product_item' is clicked on

12-07-2024T15:45:15 - [TEST_STEP][PASSED] - waitForElementPresent(findTestObject("Object Repository/Product Overview/Product_Overview_page"), 5): Object 'Object Repository/Product Overview/Product_Overview_page' is present

12-07-2024T15:45:16 - [MESSAGE][PASSED] - Object 'Object Repository/Product Overview/Product_Overview_page' is present

12-07-2024T15:45:16 - [TEST_STEP][PASSED] - verifyElementPresent(findTestObject("Object Repository/Product Overview/Product_title", ["product_name":product_name]), 5): Object 'Object Repository/Product Overview/Product_title' is present

12-07-2024T15:45:16 - [MESSAGE][PASSED] - Object 'Object Repository/Product Overview/Product_title' is present

12-07-2024T15:45:16 - [TEST_STEP][PASSED] - price_web = getText(findTestObject("Object Repository/Product Overview/Product_price")): Text of object 'Object Repository/Product Overview/Product_price' is: '$45.9 CAD'

12-07-2024T15:45:16 - [MESSAGE][PASSED] - Text of object 'Object Repository/Product Overview/Product_price' is: '$45.9 CAD'

12-07-2024T15:45:16 - [TEST_STEP][PASSED] - get_price = price_web.contains(price): null

12-07-2024T15:45:16 - [TEST_STEP][PASSED] - verifyEqual(get_price, true): Actual object 'true' and expected object 'true' are equal

12-07-2024T15:45:16 - [MESSAGE][PASSED] - Actual object 'true' and expected object 'true' are equal

12-07-2024T15:45:16 - [TEST_STEP][FAILED] - verifyElementPresent(findTestObject("Object Repository/Product Overview/Product_color", ["color":color]), 5): Unable to verify object 'Object Repository/Product Overview/Product_color' is present (Root cause: com.kms.katalon.core.exception.StepFailedException: Unable to verify object 'Object Repository/Product Overview/Product_color' is present
	at com.kms.katalon.core.webui.keyword.internal.WebUIKeywordMain.stepFailed(WebUIKeywordMain.groovy:64)
	at com.kms.katalon.core.webui.keyword.internal.WebUIKeywordMain.runKeyword(WebUIKeywordMain.groovy:26)
	at com.kms.katalon.core.webui.keyword.builtin.VerifyElementPresentKeyword.verifyElementPresent(VerifyElementPresentKeyword.groovy:92)
	at com.kms.katalon.core.webui.keyword.builtin.VerifyElementPresentKeyword.execute(VerifyElementPresentKeyword.groovy:68)
	at com.kms.katalon.core.keyword.internal.KeywordExecutor.executeKeywordForPlatform(KeywordExecutor.groovy:74)
	at com.kms.katalon.core.webui.keyword.WebUiBuiltInKeywords.verifyElementPresent(WebUiBuiltInKeywords.groovy:1503)
	at TC12_Check_display_info_product_05.run(TC12_Check_display_info_product_05:42)
	at com.kms.katalon.core.main.ScriptEngine.run(ScriptEngine.java:194)
	at com.kms.katalon.core.main.ScriptEngine.runScriptAsRawText(ScriptEngine.java:119)
	at com.kms.katalon.core.main.TestCaseExecutor.runScript(TestCaseExecutor.java:448)
	at com.kms.katalon.core.main.TestCaseExecutor.doExecute(TestCaseExecutor.java:439)
	at com.kms.katalon.core.main.TestCaseExecutor.processExecutionPhase(TestCaseExecutor.java:418)
	at com.kms.katalon.core.main.TestCaseExecutor.accessMainPhase(TestCaseExecutor.java:410)
	at com.kms.katalon.core.main.TestCaseExecutor.execute(TestCaseExecutor.java:285)
	at com.kms.katalon.core.main.TestCaseExecutor.execute(TestCaseExecutor.java:369)
	at com.kms.katalon.core.main.TestCaseExecutor.execute(TestCaseExecutor.java:369)
	at com.kms.katalon.core.main.TestCaseExecutor.execute(TestCaseExecutor.java:369)
	at com.kms.katalon.core.common.CommonExecutor.accessTestCaseMainPhase(CommonExecutor.java:65)
	at com.kms.katalon.core.main.TestSuiteExecutor.accessTestSuiteMainPhase(TestSuiteExecutor.java:150)
	at com.kms.katalon.core.main.TestSuiteExecutor.execute(TestSuiteExecutor.java:106)
	at com.kms.katalon.core.main.TestCaseMain.startTestSuite(TestCaseMain.java:180)
	at TempTestSuite1720773639897.run(TempTestSuite1720773639897.groovy:35)
	at java.base/jdk.internal.reflect.NativeMethodAccessorImpl.invoke0(Native Method)
	at java.base/jdk.internal.reflect.NativeMethodAccessorImpl.invoke(NativeMethodAccessorImpl.java:77)
	at java.base/jdk.internal.reflect.DelegatingMethodAccessorImpl.invoke(DelegatingMethodAccessorImpl.java:43)
Caused by: com.kms.katalon.core.exception.StepFailedException: com.kms.katalon.core.webui.exception.WebElementNotFoundException: Web element with id: 'Object Repository/Product Overview/Product_color' located by '//*[contains(@class,'color_name') and contains (text(), 'Black')]' not found
	at com.kms.katalon.core.webui.keyword.internal.WebUIKeywordMain.stepFailed(WebUIKeywordMain.groovy:64)
	at com.kms.katalon.core.webui.keyword.builtin.VerifyElementPresentKeyword$_verifyElementPresent_closure1.doCall(VerifyElementPresentKeyword.groovy:85)
	at com.kms.katalon.core.webui.keyword.builtin.VerifyElementPresentKeyword$_verifyElementPresent_closure1.call(VerifyElementPresentKeyword.groovy)
	at com.kms.katalon.core.webui.keyword.internal.WebUIKeywordMain.runKeyword(WebUIKeywordMain.groovy:20)
	... 23 more
)

12-07-2024T15:45:49 - [MESSAGE][INFO] - Unable to find the element located by 'By.xpath: //*[contains(@class,'color_name') and contains (text(), 'Black')]'. Please recheck the objects properties to make sure the desired element is located. 

12-07-2024T15:45:49 - [MESSAGE][FAILED] - com.kms.katalon.core.webui.exception.WebElementNotFoundException: Web element with id: 'Object Repository/Product Overview/Product_color' located by '//*[contains(@class,'color_name') and contains (text(), 'Black')]' not found (Root cause: com.kms.katalon.core.exception.StepFailedException: com.kms.katalon.core.webui.exception.WebElementNotFoundException: Web element with id: 'Object Repository/Product Overview/Product_color' located by '//*[contains(@class,'color_name') and contains (text(), 'Black')]' not found
	at com.kms.katalon.core.webui.keyword.internal.WebUIKeywordMain.stepFailed(WebUIKeywordMain.groovy:64)
	at com.kms.katalon.core.webui.keyword.builtin.VerifyElementPresentKeyword$_verifyElementPresent_closure1.doCall(VerifyElementPresentKeyword.groovy:85)
	at com.kms.katalon.core.webui.keyword.builtin.VerifyElementPresentKeyword$_verifyElementPresent_closure1.call(VerifyElementPresentKeyword.groovy)
	at com.kms.katalon.core.webui.keyword.internal.WebUIKeywordMain.runKeyword(WebUIKeywordMain.groovy:20)
	at com.kms.katalon.core.webui.keyword.builtin.VerifyElementPresentKeyword.verifyElementPresent(VerifyElementPresentKeyword.groovy:92)
	at com.kms.katalon.core.webui.keyword.builtin.VerifyElementPresentKeyword.execute(VerifyElementPresentKeyword.groovy:68)
	at com.kms.katalon.core.keyword.internal.KeywordExecutor.executeKeywordForPlatform(KeywordExecutor.groovy:74)
	at com.kms.katalon.core.webui.keyword.WebUiBuiltInKeywords.verifyElementPresent(WebUiBuiltInKeywords.groovy:1503)
	at TC12_Check_display_info_product_05.run(TC12_Check_display_info_product_05:42)
	at com.kms.katalon.core.main.ScriptEngine.run(ScriptEngine.java:194)
	at com.kms.katalon.core.main.ScriptEngine.runScriptAsRawText(ScriptEngine.java:119)
	at com.kms.katalon.core.main.TestCaseExecutor.runScript(TestCaseExecutor.java:448)
	at com.kms.katalon.core.main.TestCaseExecutor.doExecute(TestCaseExecutor.java:439)
	at com.kms.katalon.core.main.TestCaseExecutor.processExecutionPhase(TestCaseExecutor.java:418)
	at com.kms.katalon.core.main.TestCaseExecutor.accessMainPhase(TestCaseExecutor.java:410)
	at com.kms.katalon.core.main.TestCaseExecutor.execute(TestCaseExecutor.java:285)
	at com.kms.katalon.core.main.TestCaseExecutor.execute(TestCaseExecutor.java:369)
	at com.kms.katalon.core.main.TestCaseExecutor.execute(TestCaseExecutor.java:369)
	at com.kms.katalon.core.main.TestCaseExecutor.execute(TestCaseExecutor.java:369)
	at com.kms.katalon.core.common.CommonExecutor.accessTestCaseMainPhase(CommonExecutor.java:65)
	at com.kms.katalon.core.main.TestSuiteExecutor.accessTestSuiteMainPhase(TestSuiteExecutor.java:150)
	at com.kms.katalon.core.main.TestSuiteExecutor.execute(TestSuiteExecutor.java:106)
	at com.kms.katalon.core.main.TestCaseMain.startTestSuite(TestCaseMain.java:180)
	at TempTestSuite1720773639897.run(TempTestSuite1720773639897.groovy:35)
	at java.base/jdk.internal.reflect.NativeMethodAccessorImpl.invoke0(Native Method)
	at java.base/jdk.internal.reflect.NativeMethodAccessorImpl.invoke(NativeMethodAccessorImpl.java:77)
	at java.base/jdk.internal.reflect.DelegatingMethodAccessorImpl.invoke(DelegatingMethodAccessorImpl.java:43)
)
[[ATTACHMENT|C:\\Users\\quochuy.lu\\git\\Katalon-certification\\Reports\\20240712_154039\\Product_Overview\\All Products\\20240712_154039\\1720773949514.png]]

12-07-2024T15:45:49 - [MESSAGE][FAILED] - Unable to verify object 'Object Repository/Product Overview/Product_color' is present (Root cause: com.kms.katalon.core.exception.StepFailedException: Unable to verify object 'Object Repository/Product Overview/Product_color' is present
	at com.kms.katalon.core.webui.keyword.internal.WebUIKeywordMain.stepFailed(WebUIKeywordMain.groovy:64)
	at com.kms.katalon.core.webui.keyword.internal.WebUIKeywordMain.runKeyword(WebUIKeywordMain.groovy:26)
	at com.kms.katalon.core.webui.keyword.builtin.VerifyElementPresentKeyword.verifyElementPresent(VerifyElementPresentKeyword.groovy:92)
	at com.kms.katalon.core.webui.keyword.builtin.VerifyElementPresentKeyword.execute(VerifyElementPresentKeyword.groovy:68)
	at com.kms.katalon.core.keyword.internal.KeywordExecutor.executeKeywordForPlatform(KeywordExecutor.groovy:74)
	at com.kms.katalon.core.webui.keyword.WebUiBuiltInKeywords.verifyElementPresent(WebUiBuiltInKeywords.groovy:1503)
	at TC12_Check_display_info_product_05.run(TC12_Check_display_info_product_05:42)
	at com.kms.katalon.core.main.ScriptEngine.run(ScriptEngine.java:194)
	at com.kms.katalon.core.main.ScriptEngine.runScriptAsRawText(ScriptEngine.java:119)
	at com.kms.katalon.core.main.TestCaseExecutor.runScript(TestCaseExecutor.java:448)
	at com.kms.katalon.core.main.TestCaseExecutor.doExecute(TestCaseExecutor.java:439)
	at com.kms.katalon.core.main.TestCaseExecutor.processExecutionPhase(TestCaseExecutor.java:418)
	at com.kms.katalon.core.main.TestCaseExecutor.accessMainPhase(TestCaseExecutor.java:410)
	at com.kms.katalon.core.main.TestCaseExecutor.execute(TestCaseExecutor.java:285)
	at com.kms.katalon.core.main.TestCaseExecutor.execute(TestCaseExecutor.java:369)
	at com.kms.katalon.core.main.TestCaseExecutor.execute(TestCaseExecutor.java:369)
	at com.kms.katalon.core.main.TestCaseExecutor.execute(TestCaseExecutor.java:369)
	at com.kms.katalon.core.common.CommonExecutor.accessTestCaseMainPhase(CommonExecutor.java:65)
	at com.kms.katalon.core.main.TestSuiteExecutor.accessTestSuiteMainPhase(TestSuiteExecutor.java:150)
	at com.kms.katalon.core.main.TestSuiteExecutor.execute(TestSuiteExecutor.java:106)
	at com.kms.katalon.core.main.TestCaseMain.startTestSuite(TestCaseMain.java:180)
	at TempTestSuite1720773639897.run(TempTestSuite1720773639897.groovy:35)
	at java.base/jdk.internal.reflect.NativeMethodAccessorImpl.invoke0(Native Method)
	at java.base/jdk.internal.reflect.NativeMethodAccessorImpl.invoke(NativeMethodAccessorImpl.java:77)
	at java.base/jdk.internal.reflect.DelegatingMethodAccessorImpl.invoke(DelegatingMethodAccessorImpl.java:43)
Caused by: com.kms.katalon.core.exception.StepFailedException: com.kms.katalon.core.webui.exception.WebElementNotFoundException: Web element with id: 'Object Repository/Product Overview/Product_color' located by '//*[contains(@class,'color_name') and contains (text(), 'Black')]' not found
	at com.kms.katalon.core.webui.keyword.internal.WebUIKeywordMain.stepFailed(WebUIKeywordMain.groovy:64)
	at com.kms.katalon.core.webui.keyword.builtin.VerifyElementPresentKeyword$_verifyElementPresent_closure1.doCall(VerifyElementPresentKeyword.groovy:85)
	at com.kms.katalon.core.webui.keyword.builtin.VerifyElementPresentKeyword$_verifyElementPresent_closure1.call(VerifyElementPresentKeyword.groovy)
	at com.kms.katalon.core.webui.keyword.internal.WebUIKeywordMain.runKeyword(WebUIKeywordMain.groovy:20)
	... 23 more
)
[[ATTACHMENT|C:\\Users\\quochuy.lu\\git\\Katalon-certification\\Reports\\20240712_154039\\Product_Overview\\All Products\\20240712_154039\\1720773949690.png]]]]></system-out>
         <system-err><![CDATA[12-07-2024T15:44:59 - [TEST_CASE][FAILED] - Test Cases/Product Overview/TC12_Check_display_info_product_05: Test Cases/Product Overview/TC12_Check_display_info_product_05 FAILED.
Reason:
com.kms.katalon.core.exception.StepFailedException: Unable to verify object 'Object Repository/Product Overview/Product_color' is present
	at com.kms.katalon.core.webui.keyword.internal.WebUIKeywordMain.stepFailed(WebUIKeywordMain.groovy:64)
	at com.kms.katalon.core.webui.keyword.internal.WebUIKeywordMain.runKeyword(WebUIKeywordMain.groovy:26)
	at com.kms.katalon.core.webui.keyword.builtin.VerifyElementPresentKeyword.verifyElementPresent(VerifyElementPresentKeyword.groovy:92)
	at com.kms.katalon.core.webui.keyword.builtin.VerifyElementPresentKeyword.execute(VerifyElementPresentKeyword.groovy:68)
	at com.kms.katalon.core.keyword.internal.KeywordExecutor.executeKeywordForPlatform(KeywordExecutor.groovy:74)
	at com.kms.katalon.core.webui.keyword.WebUiBuiltInKeywords.verifyElementPresent(WebUiBuiltInKeywords.groovy:1503)
	at TC12_Check_display_info_product_05.run(TC12_Check_display_info_product_05:42)
	at com.kms.katalon.core.main.ScriptEngine.run(ScriptEngine.java:194)
	at com.kms.katalon.core.main.ScriptEngine.runScriptAsRawText(ScriptEngine.java:119)
	at com.kms.katalon.core.main.TestCaseExecutor.runScript(TestCaseExecutor.java:448)
	at com.kms.katalon.core.main.TestCaseExecutor.doExecute(TestCaseExecutor.java:439)
	at com.kms.katalon.core.main.TestCaseExecutor.processExecutionPhase(TestCaseExecutor.java:418)
	at com.kms.katalon.core.main.TestCaseExecutor.accessMainPhase(TestCaseExecutor.java:410)
	at com.kms.katalon.core.main.TestCaseExecutor.execute(TestCaseExecutor.java:285)
	at com.kms.katalon.core.main.TestCaseExecutor.execute(TestCaseExecutor.java:369)
	at com.kms.katalon.core.main.TestCaseExecutor.execute(TestCaseExecutor.java:369)
	at com.kms.katalon.core.main.TestCaseExecutor.execute(TestCaseExecutor.java:369)
	at com.kms.katalon.core.common.CommonExecutor.accessTestCaseMainPhase(CommonExecutor.java:65)
	at com.kms.katalon.core.main.TestSuiteExecutor.accessTestSuiteMainPhase(TestSuiteExecutor.java:150)
	at com.kms.katalon.core.main.TestSuiteExecutor.execute(TestSuiteExecutor.java:106)
	at com.kms.katalon.core.main.TestCaseMain.startTestSuite(TestCaseMain.java:180)
	at TempTestSuite1720773639897.run(TempTestSuite1720773639897.groovy:35)
	at java.base/jdk.internal.reflect.NativeMethodAccessorImpl.invoke0(Native Method)
	at java.base/jdk.internal.reflect.NativeMethodAccessorImpl.invoke(NativeMethodAccessorImpl.java:77)
	at java.base/jdk.internal.reflect.DelegatingMethodAccessorImpl.invoke(DelegatingMethodAccessorImpl.java:43)
Caused by: com.kms.katalon.core.exception.StepFailedException: com.kms.katalon.core.webui.exception.WebElementNotFoundException: Web element with id: 'Object Repository/Product Overview/Product_color' located by '//*[contains(@class,'color_name') and contains (text(), 'Black')]' not found
	at com.kms.katalon.core.webui.keyword.internal.WebUIKeywordMain.stepFailed(WebUIKeywordMain.groovy:64)
	at com.kms.katalon.core.webui.keyword.builtin.VerifyElementPresentKeyword$_verifyElementPresent_closure1.doCall(VerifyElementPresentKeyword.groovy:85)
	at com.kms.katalon.core.webui.keyword.builtin.VerifyElementPresentKeyword$_verifyElementPresent_closure1.call(VerifyElementPresentKeyword.groovy)
	at com.kms.katalon.core.webui.keyword.internal.WebUIKeywordMain.runKeyword(WebUIKeywordMain.groovy:20)
	... 23 more]]></system-err>
      </testcase>
      <testcase name="Test Cases/Product Overview/TC13_Check_display_info_product_06" time="50.685" classname="Test Cases/Product Overview/TC13_Check_display_info_product_06" status="FAILED">
         <failure type="FAILED" message="Test Cases/Product Overview/TC13_Check_display_info_product_06 FAILED.&#xa;Reason:&#xa;com.kms.katalon.core.exception.StepFailedException: Unable to verify object 'Object Repository/Product Overview/Product_color' is present&#xa;	at com.kms.katalon.core.webui.keyword.internal.WebUIKeywordMain.stepFailed(WebUIKeywordMain.groovy:64)&#xa;	at com.kms.katalon.core.webui.keyword.internal.WebUIKeywordMain.runKeyword(WebUIKeywordMain.groovy:26)&#xa;	at com.kms.katalon.core.webui.keyword.builtin.VerifyElementPresentKeyword.verifyElementPresent(VerifyElementPresentKeyword.groovy:92)&#xa;	at com.kms.katalon.core.webui.keyword.builtin.VerifyElementPresentKeyword.execute(VerifyElementPresentKeyword.groovy:68)&#xa;	at com.kms.katalon.core.keyword.internal.KeywordExecutor.executeKeywordForPlatform(KeywordExecutor.groovy:74)&#xa;	at com.kms.katalon.core.webui.keyword.WebUiBuiltInKeywords.verifyElementPresent(WebUiBuiltInKeywords.groovy:1503)&#xa;	at TC13_Check_display_info_product_06.run(TC13_Check_display_info_product_06:41)&#xa;	at com.kms.katalon.core.main.ScriptEngine.run(ScriptEngine.java:194)&#xa;	at com.kms.katalon.core.main.ScriptEngine.runScriptAsRawText(ScriptEngine.java:119)&#xa;	at com.kms.katalon.core.main.TestCaseExecutor.runScript(TestCaseExecutor.java:448)&#xa;	at com.kms.katalon.core.main.TestCaseExecutor.doExecute(TestCaseExecutor.java:439)&#xa;	at com.kms.katalon.core.main.TestCaseExecutor.processExecutionPhase(TestCaseExecutor.java:418)&#xa;	at com.kms.katalon.core.main.TestCaseExecutor.accessMainPhase(TestCaseExecutor.java:410)&#xa;	at com.kms.katalon.core.main.TestCaseExecutor.execute(TestCaseExecutor.java:285)&#xa;	at com.kms.katalon.core.main.TestCaseExecutor.execute(TestCaseExecutor.java:369)&#xa;	at com.kms.katalon.core.main.TestCaseExecutor.execute(TestCaseExecutor.java:369)&#xa;	at com.kms.katalon.core.main.TestCaseExecutor.execute(TestCaseExecutor.java:369)&#xa;	at com.kms.katalon.core.common.CommonExecutor.accessTestCaseMainPhase(CommonExecutor.java:65)&#xa;	at com.kms.katalon.core.main.TestSuiteExecutor.accessTestSuiteMainPhase(TestSuiteExecutor.java:150)&#xa;	at com.kms.katalon.core.main.TestSuiteExecutor.execute(TestSuiteExecutor.java:106)&#xa;	at com.kms.katalon.core.main.TestCaseMain.startTestSuite(TestCaseMain.java:180)&#xa;	at TempTestSuite1720773639897.run(TempTestSuite1720773639897.groovy:35)&#xa;	at java.base/jdk.internal.reflect.NativeMethodAccessorImpl.invoke0(Native Method)&#xa;	at java.base/jdk.internal.reflect.NativeMethodAccessorImpl.invoke(NativeMethodAccessorImpl.java:77)&#xa;	at java.base/jdk.internal.reflect.DelegatingMethodAccessorImpl.invoke(DelegatingMethodAccessorImpl.java:43)&#xa;Caused by: com.kms.katalon.core.exception.StepFailedException: com.kms.katalon.core.webui.exception.WebElementNotFoundException: Web element with id: 'Object Repository/Product Overview/Product_color' located by '//*[contains(@class,'color_name') and contains (text(), 'Oyster White')]' not found&#xa;	at com.kms.katalon.core.webui.keyword.internal.WebUIKeywordMain.stepFailed(WebUIKeywordMain.groovy:64)&#xa;	at com.kms.katalon.core.webui.keyword.builtin.VerifyElementPresentKeyword$_verifyElementPresent_closure1.doCall(VerifyElementPresentKeyword.groovy:85)&#xa;	at com.kms.katalon.core.webui.keyword.builtin.VerifyElementPresentKeyword$_verifyElementPresent_closure1.call(VerifyElementPresentKeyword.groovy)&#xa;	at com.kms.katalon.core.webui.keyword.internal.WebUIKeywordMain.runKeyword(WebUIKeywordMain.groovy:20)&#xa;	... 23 more&#xa;"/>
         <system-out><![CDATA[12-07-2024T15:48:17 - [TEST_CASE][FAILED] - Test Cases/Product Overview/TC13_Check_display_info_product_06: Test Cases/Product Overview/TC13_Check_display_info_product_06 FAILED.
Reason:
com.kms.katalon.core.exception.StepFailedException: Unable to verify object 'Object Repository/Product Overview/Product_color' is present
	at com.kms.katalon.core.webui.keyword.internal.WebUIKeywordMain.stepFailed(WebUIKeywordMain.groovy:64)
	at com.kms.katalon.core.webui.keyword.internal.WebUIKeywordMain.runKeyword(WebUIKeywordMain.groovy:26)
	at com.kms.katalon.core.webui.keyword.builtin.VerifyElementPresentKeyword.verifyElementPresent(VerifyElementPresentKeyword.groovy:92)
	at com.kms.katalon.core.webui.keyword.builtin.VerifyElementPresentKeyword.execute(VerifyElementPresentKeyword.groovy:68)
	at com.kms.katalon.core.keyword.internal.KeywordExecutor.executeKeywordForPlatform(KeywordExecutor.groovy:74)
	at com.kms.katalon.core.webui.keyword.WebUiBuiltInKeywords.verifyElementPresent(WebUiBuiltInKeywords.groovy:1503)
	at TC13_Check_display_info_product_06.run(TC13_Check_display_info_product_06:41)
	at com.kms.katalon.core.main.ScriptEngine.run(ScriptEngine.java:194)
	at com.kms.katalon.core.main.ScriptEngine.runScriptAsRawText(ScriptEngine.java:119)
	at com.kms.katalon.core.main.TestCaseExecutor.runScript(TestCaseExecutor.java:448)
	at com.kms.katalon.core.main.TestCaseExecutor.doExecute(TestCaseExecutor.java:439)
	at com.kms.katalon.core.main.TestCaseExecutor.processExecutionPhase(TestCaseExecutor.java:418)
	at com.kms.katalon.core.main.TestCaseExecutor.accessMainPhase(TestCaseExecutor.java:410)
	at com.kms.katalon.core.main.TestCaseExecutor.execute(TestCaseExecutor.java:285)
	at com.kms.katalon.core.main.TestCaseExecutor.execute(TestCaseExecutor.java:369)
	at com.kms.katalon.core.main.TestCaseExecutor.execute(TestCaseExecutor.java:369)
	at com.kms.katalon.core.main.TestCaseExecutor.execute(TestCaseExecutor.java:369)
	at com.kms.katalon.core.common.CommonExecutor.accessTestCaseMainPhase(CommonExecutor.java:65)
	at com.kms.katalon.core.main.TestSuiteExecutor.accessTestSuiteMainPhase(TestSuiteExecutor.java:150)
	at com.kms.katalon.core.main.TestSuiteExecutor.execute(TestSuiteExecutor.java:106)
	at com.kms.katalon.core.main.TestCaseMain.startTestSuite(TestCaseMain.java:180)
	at TempTestSuite1720773639897.run(TempTestSuite1720773639897.groovy:35)
	at java.base/jdk.internal.reflect.NativeMethodAccessorImpl.invoke0(Native Method)
	at java.base/jdk.internal.reflect.NativeMethodAccessorImpl.invoke(NativeMethodAccessorImpl.java:77)
	at java.base/jdk.internal.reflect.DelegatingMethodAccessorImpl.invoke(DelegatingMethodAccessorImpl.java:43)
Caused by: com.kms.katalon.core.exception.StepFailedException: com.kms.katalon.core.webui.exception.WebElementNotFoundException: Web element with id: 'Object Repository/Product Overview/Product_color' located by '//*[contains(@class,'color_name') and contains (text(), 'Oyster White')]' not found
	at com.kms.katalon.core.webui.keyword.internal.WebUIKeywordMain.stepFailed(WebUIKeywordMain.groovy:64)
	at com.kms.katalon.core.webui.keyword.builtin.VerifyElementPresentKeyword$_verifyElementPresent_closure1.doCall(VerifyElementPresentKeyword.groovy:85)
	at com.kms.katalon.core.webui.keyword.builtin.VerifyElementPresentKeyword$_verifyElementPresent_closure1.call(VerifyElementPresentKeyword.groovy)
	at com.kms.katalon.core.webui.keyword.internal.WebUIKeywordMain.runKeyword(WebUIKeywordMain.groovy:20)
	... 23 more


12-07-2024T15:48:17 - [TEST_STEP][PASSED] - openBrowser(Dashborad_URL): Browser is opened with url: 'https://demo-store.katalon.com./'

12-07-2024T15:48:17 - [MESSAGE][WARNING] - A browser is already opened. Closing browser and opening a new one

12-07-2024T15:48:17 - [MESSAGE][INFO] - Starting 'Chrome' driver

12-07-2024T15:48:17 - [MESSAGE][INFO] - Action delay is set to 0 milliseconds

12-07-2024T15:48:29 - [MESSAGE][PASSED] - Browser is opened with url: 'https://demo-store.katalon.com./'

12-07-2024T15:48:29 - [TEST_STEP][PASSED] - maximizeWindow(): Current window maximized

12-07-2024T15:48:29 - [MESSAGE][PASSED] - Current window maximized

12-07-2024T15:48:29 - [TEST_STEP][PASSED] - waitForElementPresent(findTestObject("Object Repository/Dashboard/Product_item", ["product_name":product_name]), 5): Object 'Object Repository/Dashboard/Product_item' is present

12-07-2024T15:48:30 - [MESSAGE][PASSED] - Object 'Object Repository/Dashboard/Product_item' is present

12-07-2024T15:48:30 - [TEST_STEP][PASSED] - click(findTestObject("Object Repository/Dashboard/Product_item", ["product_name":product_name])): Object: 'Object Repository/Dashboard/Product_item' is clicked on

12-07-2024T15:48:32 - [MESSAGE][PASSED] - Object: 'Object Repository/Dashboard/Product_item' is clicked on

12-07-2024T15:48:32 - [TEST_STEP][PASSED] - waitForElementPresent(findTestObject("Object Repository/Product Overview/Product_Overview_page"), 5): Object 'Object Repository/Product Overview/Product_Overview_page' is present

12-07-2024T15:48:33 - [MESSAGE][PASSED] - Object 'Object Repository/Product Overview/Product_Overview_page' is present

12-07-2024T15:48:33 - [TEST_STEP][PASSED] - verifyElementPresent(findTestObject("Object Repository/Product Overview/Product_title", ["product_name":product_name]), 5): Object 'Object Repository/Product Overview/Product_title' is present

12-07-2024T15:48:33 - [MESSAGE][PASSED] - Object 'Object Repository/Product Overview/Product_title' is present

12-07-2024T15:48:33 - [TEST_STEP][PASSED] - price_web = getText(findTestObject("Object Repository/Product Overview/Product_price")): Text of object 'Object Repository/Product Overview/Product_price' is: '$16.9 CAD'

12-07-2024T15:48:33 - [MESSAGE][PASSED] - Text of object 'Object Repository/Product Overview/Product_price' is: '$16.9 CAD'

12-07-2024T15:48:33 - [TEST_STEP][PASSED] - get_price = price_web.contains(price): null

12-07-2024T15:48:33 - [TEST_STEP][PASSED] - verifyEqual(get_price, true): Actual object 'true' and expected object 'true' are equal

12-07-2024T15:48:33 - [MESSAGE][PASSED] - Actual object 'true' and expected object 'true' are equal

12-07-2024T15:48:33 - [TEST_STEP][FAILED] - verifyElementPresent(findTestObject("Object Repository/Product Overview/Product_color", ["color":color]), 5): Unable to verify object 'Object Repository/Product Overview/Product_color' is present (Root cause: com.kms.katalon.core.exception.StepFailedException: Unable to verify object 'Object Repository/Product Overview/Product_color' is present
	at com.kms.katalon.core.webui.keyword.internal.WebUIKeywordMain.stepFailed(WebUIKeywordMain.groovy:64)
	at com.kms.katalon.core.webui.keyword.internal.WebUIKeywordMain.runKeyword(WebUIKeywordMain.groovy:26)
	at com.kms.katalon.core.webui.keyword.builtin.VerifyElementPresentKeyword.verifyElementPresent(VerifyElementPresentKeyword.groovy:92)
	at com.kms.katalon.core.webui.keyword.builtin.VerifyElementPresentKeyword.execute(VerifyElementPresentKeyword.groovy:68)
	at com.kms.katalon.core.keyword.internal.KeywordExecutor.executeKeywordForPlatform(KeywordExecutor.groovy:74)
	at com.kms.katalon.core.webui.keyword.WebUiBuiltInKeywords.verifyElementPresent(WebUiBuiltInKeywords.groovy:1503)
	at TC13_Check_display_info_product_06.run(TC13_Check_display_info_product_06:41)
	at com.kms.katalon.core.main.ScriptEngine.run(ScriptEngine.java:194)
	at com.kms.katalon.core.main.ScriptEngine.runScriptAsRawText(ScriptEngine.java:119)
	at com.kms.katalon.core.main.TestCaseExecutor.runScript(TestCaseExecutor.java:448)
	at com.kms.katalon.core.main.TestCaseExecutor.doExecute(TestCaseExecutor.java:439)
	at com.kms.katalon.core.main.TestCaseExecutor.processExecutionPhase(TestCaseExecutor.java:418)
	at com.kms.katalon.core.main.TestCaseExecutor.accessMainPhase(TestCaseExecutor.java:410)
	at com.kms.katalon.core.main.TestCaseExecutor.execute(TestCaseExecutor.java:285)
	at com.kms.katalon.core.main.TestCaseExecutor.execute(TestCaseExecutor.java:369)
	at com.kms.katalon.core.main.TestCaseExecutor.execute(TestCaseExecutor.java:369)
	at com.kms.katalon.core.main.TestCaseExecutor.execute(TestCaseExecutor.java:369)
	at com.kms.katalon.core.common.CommonExecutor.accessTestCaseMainPhase(CommonExecutor.java:65)
	at com.kms.katalon.core.main.TestSuiteExecutor.accessTestSuiteMainPhase(TestSuiteExecutor.java:150)
	at com.kms.katalon.core.main.TestSuiteExecutor.execute(TestSuiteExecutor.java:106)
	at com.kms.katalon.core.main.TestCaseMain.startTestSuite(TestCaseMain.java:180)
	at TempTestSuite1720773639897.run(TempTestSuite1720773639897.groovy:35)
	at java.base/jdk.internal.reflect.NativeMethodAccessorImpl.invoke0(Native Method)
	at java.base/jdk.internal.reflect.NativeMethodAccessorImpl.invoke(NativeMethodAccessorImpl.java:77)
	at java.base/jdk.internal.reflect.DelegatingMethodAccessorImpl.invoke(DelegatingMethodAccessorImpl.java:43)
Caused by: com.kms.katalon.core.exception.StepFailedException: com.kms.katalon.core.webui.exception.WebElementNotFoundException: Web element with id: 'Object Repository/Product Overview/Product_color' located by '//*[contains(@class,'color_name') and contains (text(), 'Oyster White')]' not found
	at com.kms.katalon.core.webui.keyword.internal.WebUIKeywordMain.stepFailed(WebUIKeywordMain.groovy:64)
	at com.kms.katalon.core.webui.keyword.builtin.VerifyElementPresentKeyword$_verifyElementPresent_closure1.doCall(VerifyElementPresentKeyword.groovy:85)
	at com.kms.katalon.core.webui.keyword.builtin.VerifyElementPresentKeyword$_verifyElementPresent_closure1.call(VerifyElementPresentKeyword.groovy)
	at com.kms.katalon.core.webui.keyword.internal.WebUIKeywordMain.runKeyword(WebUIKeywordMain.groovy:20)
	... 23 more
)

12-07-2024T15:49:07 - [MESSAGE][INFO] - Unable to find the element located by 'By.xpath: //*[contains(@class,'color_name') and contains (text(), 'Oyster White')]'. Please recheck the objects properties to make sure the desired element is located. 

12-07-2024T15:49:07 - [MESSAGE][FAILED] - com.kms.katalon.core.webui.exception.WebElementNotFoundException: Web element with id: 'Object Repository/Product Overview/Product_color' located by '//*[contains(@class,'color_name') and contains (text(), 'Oyster White')]' not found (Root cause: com.kms.katalon.core.exception.StepFailedException: com.kms.katalon.core.webui.exception.WebElementNotFoundException: Web element with id: 'Object Repository/Product Overview/Product_color' located by '//*[contains(@class,'color_name') and contains (text(), 'Oyster White')]' not found
	at com.kms.katalon.core.webui.keyword.internal.WebUIKeywordMain.stepFailed(WebUIKeywordMain.groovy:64)
	at com.kms.katalon.core.webui.keyword.builtin.VerifyElementPresentKeyword$_verifyElementPresent_closure1.doCall(VerifyElementPresentKeyword.groovy:85)
	at com.kms.katalon.core.webui.keyword.builtin.VerifyElementPresentKeyword$_verifyElementPresent_closure1.call(VerifyElementPresentKeyword.groovy)
	at com.kms.katalon.core.webui.keyword.internal.WebUIKeywordMain.runKeyword(WebUIKeywordMain.groovy:20)
	at com.kms.katalon.core.webui.keyword.builtin.VerifyElementPresentKeyword.verifyElementPresent(VerifyElementPresentKeyword.groovy:92)
	at com.kms.katalon.core.webui.keyword.builtin.VerifyElementPresentKeyword.execute(VerifyElementPresentKeyword.groovy:68)
	at com.kms.katalon.core.keyword.internal.KeywordExecutor.executeKeywordForPlatform(KeywordExecutor.groovy:74)
	at com.kms.katalon.core.webui.keyword.WebUiBuiltInKeywords.verifyElementPresent(WebUiBuiltInKeywords.groovy:1503)
	at TC13_Check_display_info_product_06.run(TC13_Check_display_info_product_06:41)
	at com.kms.katalon.core.main.ScriptEngine.run(ScriptEngine.java:194)
	at com.kms.katalon.core.main.ScriptEngine.runScriptAsRawText(ScriptEngine.java:119)
	at com.kms.katalon.core.main.TestCaseExecutor.runScript(TestCaseExecutor.java:448)
	at com.kms.katalon.core.main.TestCaseExecutor.doExecute(TestCaseExecutor.java:439)
	at com.kms.katalon.core.main.TestCaseExecutor.processExecutionPhase(TestCaseExecutor.java:418)
	at com.kms.katalon.core.main.TestCaseExecutor.accessMainPhase(TestCaseExecutor.java:410)
	at com.kms.katalon.core.main.TestCaseExecutor.execute(TestCaseExecutor.java:285)
	at com.kms.katalon.core.main.TestCaseExecutor.execute(TestCaseExecutor.java:369)
	at com.kms.katalon.core.main.TestCaseExecutor.execute(TestCaseExecutor.java:369)
	at com.kms.katalon.core.main.TestCaseExecutor.execute(TestCaseExecutor.java:369)
	at com.kms.katalon.core.common.CommonExecutor.accessTestCaseMainPhase(CommonExecutor.java:65)
	at com.kms.katalon.core.main.TestSuiteExecutor.accessTestSuiteMainPhase(TestSuiteExecutor.java:150)
	at com.kms.katalon.core.main.TestSuiteExecutor.execute(TestSuiteExecutor.java:106)
	at com.kms.katalon.core.main.TestCaseMain.startTestSuite(TestCaseMain.java:180)
	at TempTestSuite1720773639897.run(TempTestSuite1720773639897.groovy:35)
	at java.base/jdk.internal.reflect.NativeMethodAccessorImpl.invoke0(Native Method)
	at java.base/jdk.internal.reflect.NativeMethodAccessorImpl.invoke(NativeMethodAccessorImpl.java:77)
	at java.base/jdk.internal.reflect.DelegatingMethodAccessorImpl.invoke(DelegatingMethodAccessorImpl.java:43)
)
[[ATTACHMENT|C:\\Users\\quochuy.lu\\git\\Katalon-certification\\Reports\\20240712_154039\\Product_Overview\\All Products\\20240712_154039\\1720774147456.png]]

12-07-2024T15:49:07 - [MESSAGE][FAILED] - Unable to verify object 'Object Repository/Product Overview/Product_color' is present (Root cause: com.kms.katalon.core.exception.StepFailedException: Unable to verify object 'Object Repository/Product Overview/Product_color' is present
	at com.kms.katalon.core.webui.keyword.internal.WebUIKeywordMain.stepFailed(WebUIKeywordMain.groovy:64)
	at com.kms.katalon.core.webui.keyword.internal.WebUIKeywordMain.runKeyword(WebUIKeywordMain.groovy:26)
	at com.kms.katalon.core.webui.keyword.builtin.VerifyElementPresentKeyword.verifyElementPresent(VerifyElementPresentKeyword.groovy:92)
	at com.kms.katalon.core.webui.keyword.builtin.VerifyElementPresentKeyword.execute(VerifyElementPresentKeyword.groovy:68)
	at com.kms.katalon.core.keyword.internal.KeywordExecutor.executeKeywordForPlatform(KeywordExecutor.groovy:74)
	at com.kms.katalon.core.webui.keyword.WebUiBuiltInKeywords.verifyElementPresent(WebUiBuiltInKeywords.groovy:1503)
	at TC13_Check_display_info_product_06.run(TC13_Check_display_info_product_06:41)
	at com.kms.katalon.core.main.ScriptEngine.run(ScriptEngine.java:194)
	at com.kms.katalon.core.main.ScriptEngine.runScriptAsRawText(ScriptEngine.java:119)
	at com.kms.katalon.core.main.TestCaseExecutor.runScript(TestCaseExecutor.java:448)
	at com.kms.katalon.core.main.TestCaseExecutor.doExecute(TestCaseExecutor.java:439)
	at com.kms.katalon.core.main.TestCaseExecutor.processExecutionPhase(TestCaseExecutor.java:418)
	at com.kms.katalon.core.main.TestCaseExecutor.accessMainPhase(TestCaseExecutor.java:410)
	at com.kms.katalon.core.main.TestCaseExecutor.execute(TestCaseExecutor.java:285)
	at com.kms.katalon.core.main.TestCaseExecutor.execute(TestCaseExecutor.java:369)
	at com.kms.katalon.core.main.TestCaseExecutor.execute(TestCaseExecutor.java:369)
	at com.kms.katalon.core.main.TestCaseExecutor.execute(TestCaseExecutor.java:369)
	at com.kms.katalon.core.common.CommonExecutor.accessTestCaseMainPhase(CommonExecutor.java:65)
	at com.kms.katalon.core.main.TestSuiteExecutor.accessTestSuiteMainPhase(TestSuiteExecutor.java:150)
	at com.kms.katalon.core.main.TestSuiteExecutor.execute(TestSuiteExecutor.java:106)
	at com.kms.katalon.core.main.TestCaseMain.startTestSuite(TestCaseMain.java:180)
	at TempTestSuite1720773639897.run(TempTestSuite1720773639897.groovy:35)
	at java.base/jdk.internal.reflect.NativeMethodAccessorImpl.invoke0(Native Method)
	at java.base/jdk.internal.reflect.NativeMethodAccessorImpl.invoke(NativeMethodAccessorImpl.java:77)
	at java.base/jdk.internal.reflect.DelegatingMethodAccessorImpl.invoke(DelegatingMethodAccessorImpl.java:43)
Caused by: com.kms.katalon.core.exception.StepFailedException: com.kms.katalon.core.webui.exception.WebElementNotFoundException: Web element with id: 'Object Repository/Product Overview/Product_color' located by '//*[contains(@class,'color_name') and contains (text(), 'Oyster White')]' not found
	at com.kms.katalon.core.webui.keyword.internal.WebUIKeywordMain.stepFailed(WebUIKeywordMain.groovy:64)
	at com.kms.katalon.core.webui.keyword.builtin.VerifyElementPresentKeyword$_verifyElementPresent_closure1.doCall(VerifyElementPresentKeyword.groovy:85)
	at com.kms.katalon.core.webui.keyword.builtin.VerifyElementPresentKeyword$_verifyElementPresent_closure1.call(VerifyElementPresentKeyword.groovy)
	at com.kms.katalon.core.webui.keyword.internal.WebUIKeywordMain.runKeyword(WebUIKeywordMain.groovy:20)
	... 23 more
)
[[ATTACHMENT|C:\\Users\\quochuy.lu\\git\\Katalon-certification\\Reports\\20240712_154039\\Product_Overview\\All Products\\20240712_154039\\1720774147673.png]]]]></system-out>
         <system-err><![CDATA[12-07-2024T15:48:17 - [TEST_CASE][FAILED] - Test Cases/Product Overview/TC13_Check_display_info_product_06: Test Cases/Product Overview/TC13_Check_display_info_product_06 FAILED.
Reason:
com.kms.katalon.core.exception.StepFailedException: Unable to verify object 'Object Repository/Product Overview/Product_color' is present
	at com.kms.katalon.core.webui.keyword.internal.WebUIKeywordMain.stepFailed(WebUIKeywordMain.groovy:64)
	at com.kms.katalon.core.webui.keyword.internal.WebUIKeywordMain.runKeyword(WebUIKeywordMain.groovy:26)
	at com.kms.katalon.core.webui.keyword.builtin.VerifyElementPresentKeyword.verifyElementPresent(VerifyElementPresentKeyword.groovy:92)
	at com.kms.katalon.core.webui.keyword.builtin.VerifyElementPresentKeyword.execute(VerifyElementPresentKeyword.groovy:68)
	at com.kms.katalon.core.keyword.internal.KeywordExecutor.executeKeywordForPlatform(KeywordExecutor.groovy:74)
	at com.kms.katalon.core.webui.keyword.WebUiBuiltInKeywords.verifyElementPresent(WebUiBuiltInKeywords.groovy:1503)
	at TC13_Check_display_info_product_06.run(TC13_Check_display_info_product_06:41)
	at com.kms.katalon.core.main.ScriptEngine.run(ScriptEngine.java:194)
	at com.kms.katalon.core.main.ScriptEngine.runScriptAsRawText(ScriptEngine.java:119)
	at com.kms.katalon.core.main.TestCaseExecutor.runScript(TestCaseExecutor.java:448)
	at com.kms.katalon.core.main.TestCaseExecutor.doExecute(TestCaseExecutor.java:439)
	at com.kms.katalon.core.main.TestCaseExecutor.processExecutionPhase(TestCaseExecutor.java:418)
	at com.kms.katalon.core.main.TestCaseExecutor.accessMainPhase(TestCaseExecutor.java:410)
	at com.kms.katalon.core.main.TestCaseExecutor.execute(TestCaseExecutor.java:285)
	at com.kms.katalon.core.main.TestCaseExecutor.execute(TestCaseExecutor.java:369)
	at com.kms.katalon.core.main.TestCaseExecutor.execute(TestCaseExecutor.java:369)
	at com.kms.katalon.core.main.TestCaseExecutor.execute(TestCaseExecutor.java:369)
	at com.kms.katalon.core.common.CommonExecutor.accessTestCaseMainPhase(CommonExecutor.java:65)
	at com.kms.katalon.core.main.TestSuiteExecutor.accessTestSuiteMainPhase(TestSuiteExecutor.java:150)
	at com.kms.katalon.core.main.TestSuiteExecutor.execute(TestSuiteExecutor.java:106)
	at com.kms.katalon.core.main.TestCaseMain.startTestSuite(TestCaseMain.java:180)
	at TempTestSuite1720773639897.run(TempTestSuite1720773639897.groovy:35)
	at java.base/jdk.internal.reflect.NativeMethodAccessorImpl.invoke0(Native Method)
	at java.base/jdk.internal.reflect.NativeMethodAccessorImpl.invoke(NativeMethodAccessorImpl.java:77)
	at java.base/jdk.internal.reflect.DelegatingMethodAccessorImpl.invoke(DelegatingMethodAccessorImpl.java:43)
Caused by: com.kms.katalon.core.exception.StepFailedException: com.kms.katalon.core.webui.exception.WebElementNotFoundException: Web element with id: 'Object Repository/Product Overview/Product_color' located by '//*[contains(@class,'color_name') and contains (text(), 'Oyster White')]' not found
	at com.kms.katalon.core.webui.keyword.internal.WebUIKeywordMain.stepFailed(WebUIKeywordMain.groovy:64)
	at com.kms.katalon.core.webui.keyword.builtin.VerifyElementPresentKeyword$_verifyElementPresent_closure1.doCall(VerifyElementPresentKeyword.groovy:85)
	at com.kms.katalon.core.webui.keyword.builtin.VerifyElementPresentKeyword$_verifyElementPresent_closure1.call(VerifyElementPresentKeyword.groovy)
	at com.kms.katalon.core.webui.keyword.internal.WebUIKeywordMain.runKeyword(WebUIKeywordMain.groovy:20)
	... 23 more]]></system-err>
      </testcase>
      <testcase name="Test Cases/Product Overview/TC14_Check_display_info_product_07" time="49.847" classname="Test Cases/Product Overview/TC14_Check_display_info_product_07" status="FAILED">
         <failure type="FAILED" message="Test Cases/Product Overview/TC14_Check_display_info_product_07 FAILED.&#xa;Reason:&#xa;com.kms.katalon.core.exception.StepFailedException: Unable to verify object 'Object Repository/Product Overview/Product_color' is present&#xa;	at com.kms.katalon.core.webui.keyword.internal.WebUIKeywordMain.stepFailed(WebUIKeywordMain.groovy:64)&#xa;	at com.kms.katalon.core.webui.keyword.internal.WebUIKeywordMain.runKeyword(WebUIKeywordMain.groovy:26)&#xa;	at com.kms.katalon.core.webui.keyword.builtin.VerifyElementPresentKeyword.verifyElementPresent(VerifyElementPresentKeyword.groovy:92)&#xa;	at com.kms.katalon.core.webui.keyword.builtin.VerifyElementPresentKeyword.execute(VerifyElementPresentKeyword.groovy:68)&#xa;	at com.kms.katalon.core.keyword.internal.KeywordExecutor.executeKeywordForPlatform(KeywordExecutor.groovy:74)&#xa;	at com.kms.katalon.core.webui.keyword.WebUiBuiltInKeywords.verifyElementPresent(WebUiBuiltInKeywords.groovy:1503)&#xa;	at TC14_Check_display_info_product_07.run(TC14_Check_display_info_product_07:42)&#xa;	at com.kms.katalon.core.main.ScriptEngine.run(ScriptEngine.java:194)&#xa;	at com.kms.katalon.core.main.ScriptEngine.runScriptAsRawText(ScriptEngine.java:119)&#xa;	at com.kms.katalon.core.main.TestCaseExecutor.runScript(TestCaseExecutor.java:448)&#xa;	at com.kms.katalon.core.main.TestCaseExecutor.doExecute(TestCaseExecutor.java:439)&#xa;	at com.kms.katalon.core.main.TestCaseExecutor.processExecutionPhase(TestCaseExecutor.java:418)&#xa;	at com.kms.katalon.core.main.TestCaseExecutor.accessMainPhase(TestCaseExecutor.java:410)&#xa;	at com.kms.katalon.core.main.TestCaseExecutor.execute(TestCaseExecutor.java:285)&#xa;	at com.kms.katalon.core.main.TestCaseExecutor.execute(TestCaseExecutor.java:369)&#xa;	at com.kms.katalon.core.main.TestCaseExecutor.execute(TestCaseExecutor.java:369)&#xa;	at com.kms.katalon.core.main.TestCaseExecutor.execute(TestCaseExecutor.java:369)&#xa;	at com.kms.katalon.core.common.CommonExecutor.accessTestCaseMainPhase(CommonExecutor.java:65)&#xa;	at com.kms.katalon.core.main.TestSuiteExecutor.accessTestSuiteMainPhase(TestSuiteExecutor.java:150)&#xa;	at com.kms.katalon.core.main.TestSuiteExecutor.execute(TestSuiteExecutor.java:106)&#xa;	at com.kms.katalon.core.main.TestCaseMain.startTestSuite(TestCaseMain.java:180)&#xa;	at TempTestSuite1720773639897.run(TempTestSuite1720773639897.groovy:35)&#xa;	at java.base/jdk.internal.reflect.NativeMethodAccessorImpl.invoke0(Native Method)&#xa;	at java.base/jdk.internal.reflect.NativeMethodAccessorImpl.invoke(NativeMethodAccessorImpl.java:77)&#xa;	at java.base/jdk.internal.reflect.DelegatingMethodAccessorImpl.invoke(DelegatingMethodAccessorImpl.java:43)&#xa;Caused by: com.kms.katalon.core.exception.StepFailedException: com.kms.katalon.core.webui.exception.WebElementNotFoundException: Web element with id: 'Object Repository/Product Overview/Product_color' located by '//*[contains(@class,'color_name') and contains (text(), 'Black')]' not found&#xa;	at com.kms.katalon.core.webui.keyword.internal.WebUIKeywordMain.stepFailed(WebUIKeywordMain.groovy:64)&#xa;	at com.kms.katalon.core.webui.keyword.builtin.VerifyElementPresentKeyword$_verifyElementPresent_closure1.doCall(VerifyElementPresentKeyword.groovy:85)&#xa;	at com.kms.katalon.core.webui.keyword.builtin.VerifyElementPresentKeyword$_verifyElementPresent_closure1.call(VerifyElementPresentKeyword.groovy)&#xa;	at com.kms.katalon.core.webui.keyword.internal.WebUIKeywordMain.runKeyword(WebUIKeywordMain.groovy:20)&#xa;	... 23 more&#xa;"/>
         <system-out><![CDATA[12-07-2024T15:51:29 - [TEST_CASE][FAILED] - Test Cases/Product Overview/TC14_Check_display_info_product_07: Test Cases/Product Overview/TC14_Check_display_info_product_07 FAILED.
Reason:
com.kms.katalon.core.exception.StepFailedException: Unable to verify object 'Object Repository/Product Overview/Product_color' is present
	at com.kms.katalon.core.webui.keyword.internal.WebUIKeywordMain.stepFailed(WebUIKeywordMain.groovy:64)
	at com.kms.katalon.core.webui.keyword.internal.WebUIKeywordMain.runKeyword(WebUIKeywordMain.groovy:26)
	at com.kms.katalon.core.webui.keyword.builtin.VerifyElementPresentKeyword.verifyElementPresent(VerifyElementPresentKeyword.groovy:92)
	at com.kms.katalon.core.webui.keyword.builtin.VerifyElementPresentKeyword.execute(VerifyElementPresentKeyword.groovy:68)
	at com.kms.katalon.core.keyword.internal.KeywordExecutor.executeKeywordForPlatform(KeywordExecutor.groovy:74)
	at com.kms.katalon.core.webui.keyword.WebUiBuiltInKeywords.verifyElementPresent(WebUiBuiltInKeywords.groovy:1503)
	at TC14_Check_display_info_product_07.run(TC14_Check_display_info_product_07:42)
	at com.kms.katalon.core.main.ScriptEngine.run(ScriptEngine.java:194)
	at com.kms.katalon.core.main.ScriptEngine.runScriptAsRawText(ScriptEngine.java:119)
	at com.kms.katalon.core.main.TestCaseExecutor.runScript(TestCaseExecutor.java:448)
	at com.kms.katalon.core.main.TestCaseExecutor.doExecute(TestCaseExecutor.java:439)
	at com.kms.katalon.core.main.TestCaseExecutor.processExecutionPhase(TestCaseExecutor.java:418)
	at com.kms.katalon.core.main.TestCaseExecutor.accessMainPhase(TestCaseExecutor.java:410)
	at com.kms.katalon.core.main.TestCaseExecutor.execute(TestCaseExecutor.java:285)
	at com.kms.katalon.core.main.TestCaseExecutor.execute(TestCaseExecutor.java:369)
	at com.kms.katalon.core.main.TestCaseExecutor.execute(TestCaseExecutor.java:369)
	at com.kms.katalon.core.main.TestCaseExecutor.execute(TestCaseExecutor.java:369)
	at com.kms.katalon.core.common.CommonExecutor.accessTestCaseMainPhase(CommonExecutor.java:65)
	at com.kms.katalon.core.main.TestSuiteExecutor.accessTestSuiteMainPhase(TestSuiteExecutor.java:150)
	at com.kms.katalon.core.main.TestSuiteExecutor.execute(TestSuiteExecutor.java:106)
	at com.kms.katalon.core.main.TestCaseMain.startTestSuite(TestCaseMain.java:180)
	at TempTestSuite1720773639897.run(TempTestSuite1720773639897.groovy:35)
	at java.base/jdk.internal.reflect.NativeMethodAccessorImpl.invoke0(Native Method)
	at java.base/jdk.internal.reflect.NativeMethodAccessorImpl.invoke(NativeMethodAccessorImpl.java:77)
	at java.base/jdk.internal.reflect.DelegatingMethodAccessorImpl.invoke(DelegatingMethodAccessorImpl.java:43)
Caused by: com.kms.katalon.core.exception.StepFailedException: com.kms.katalon.core.webui.exception.WebElementNotFoundException: Web element with id: 'Object Repository/Product Overview/Product_color' located by '//*[contains(@class,'color_name') and contains (text(), 'Black')]' not found
	at com.kms.katalon.core.webui.keyword.internal.WebUIKeywordMain.stepFailed(WebUIKeywordMain.groovy:64)
	at com.kms.katalon.core.webui.keyword.builtin.VerifyElementPresentKeyword$_verifyElementPresent_closure1.doCall(VerifyElementPresentKeyword.groovy:85)
	at com.kms.katalon.core.webui.keyword.builtin.VerifyElementPresentKeyword$_verifyElementPresent_closure1.call(VerifyElementPresentKeyword.groovy)
	at com.kms.katalon.core.webui.keyword.internal.WebUIKeywordMain.runKeyword(WebUIKeywordMain.groovy:20)
	... 23 more


12-07-2024T15:51:29 - [TEST_STEP][PASSED] - openBrowser(Dashborad_URL): Browser is opened with url: 'https://demo-store.katalon.com./'

12-07-2024T15:51:29 - [MESSAGE][WARNING] - A browser is already opened. Closing browser and opening a new one

12-07-2024T15:51:29 - [MESSAGE][INFO] - Starting 'Chrome' driver

12-07-2024T15:51:29 - [MESSAGE][INFO] - Action delay is set to 0 milliseconds

12-07-2024T15:51:31 - [MESSAGE][PASSED] - Browser is opened with url: 'https://demo-store.katalon.com./'

12-07-2024T15:51:31 - [TEST_STEP][PASSED] - maximizeWindow(): Current window maximized

12-07-2024T15:51:41 - [MESSAGE][PASSED] - Current window maximized

12-07-2024T15:51:41 - [TEST_STEP][PASSED] - waitForElementPresent(findTestObject("Object Repository/Dashboard/Product_item", ["product_name":product_name]), 5): Object 'Object Repository/Dashboard/Product_item' is present

12-07-2024T15:51:43 - [MESSAGE][PASSED] - Object 'Object Repository/Dashboard/Product_item' is present

12-07-2024T15:51:43 - [TEST_STEP][PASSED] - click(findTestObject("Object Repository/Dashboard/Product_item", ["product_name":product_name])): Object: 'Object Repository/Dashboard/Product_item' is clicked on

12-07-2024T15:51:44 - [MESSAGE][PASSED] - Object: 'Object Repository/Dashboard/Product_item' is clicked on

12-07-2024T15:51:44 - [TEST_STEP][PASSED] - waitForElementPresent(findTestObject("Object Repository/Product Overview/Product_Overview_page"), 5): Object 'Object Repository/Product Overview/Product_Overview_page' is present

12-07-2024T15:51:45 - [MESSAGE][PASSED] - Object 'Object Repository/Product Overview/Product_Overview_page' is present

12-07-2024T15:51:45 - [TEST_STEP][PASSED] - verifyElementPresent(findTestObject("Object Repository/Product Overview/Product_title", ["product_name":product_name]), 5): Object 'Object Repository/Product Overview/Product_title' is present

12-07-2024T15:51:45 - [MESSAGE][PASSED] - Object 'Object Repository/Product Overview/Product_title' is present

12-07-2024T15:51:45 - [TEST_STEP][PASSED] - price_web = getText(findTestObject("Object Repository/Product Overview/Product_price")): Text of object 'Object Repository/Product Overview/Product_price' is: '$45.9 CAD'

12-07-2024T15:51:45 - [MESSAGE][PASSED] - Text of object 'Object Repository/Product Overview/Product_price' is: '$45.9 CAD'

12-07-2024T15:51:45 - [TEST_STEP][PASSED] - get_price = price_web.contains(price): null

12-07-2024T15:51:45 - [TEST_STEP][PASSED] - verifyEqual(get_price, true): Actual object 'true' and expected object 'true' are equal

12-07-2024T15:51:45 - [MESSAGE][PASSED] - Actual object 'true' and expected object 'true' are equal

12-07-2024T15:51:45 - [TEST_STEP][FAILED] - verifyElementPresent(findTestObject("Object Repository/Product Overview/Product_color", ["color":color]), 5): Unable to verify object 'Object Repository/Product Overview/Product_color' is present (Root cause: com.kms.katalon.core.exception.StepFailedException: Unable to verify object 'Object Repository/Product Overview/Product_color' is present
	at com.kms.katalon.core.webui.keyword.internal.WebUIKeywordMain.stepFailed(WebUIKeywordMain.groovy:64)
	at com.kms.katalon.core.webui.keyword.internal.WebUIKeywordMain.runKeyword(WebUIKeywordMain.groovy:26)
	at com.kms.katalon.core.webui.keyword.builtin.VerifyElementPresentKeyword.verifyElementPresent(VerifyElementPresentKeyword.groovy:92)
	at com.kms.katalon.core.webui.keyword.builtin.VerifyElementPresentKeyword.execute(VerifyElementPresentKeyword.groovy:68)
	at com.kms.katalon.core.keyword.internal.KeywordExecutor.executeKeywordForPlatform(KeywordExecutor.groovy:74)
	at com.kms.katalon.core.webui.keyword.WebUiBuiltInKeywords.verifyElementPresent(WebUiBuiltInKeywords.groovy:1503)
	at TC14_Check_display_info_product_07.run(TC14_Check_display_info_product_07:42)
	at com.kms.katalon.core.main.ScriptEngine.run(ScriptEngine.java:194)
	at com.kms.katalon.core.main.ScriptEngine.runScriptAsRawText(ScriptEngine.java:119)
	at com.kms.katalon.core.main.TestCaseExecutor.runScript(TestCaseExecutor.java:448)
	at com.kms.katalon.core.main.TestCaseExecutor.doExecute(TestCaseExecutor.java:439)
	at com.kms.katalon.core.main.TestCaseExecutor.processExecutionPhase(TestCaseExecutor.java:418)
	at com.kms.katalon.core.main.TestCaseExecutor.accessMainPhase(TestCaseExecutor.java:410)
	at com.kms.katalon.core.main.TestCaseExecutor.execute(TestCaseExecutor.java:285)
	at com.kms.katalon.core.main.TestCaseExecutor.execute(TestCaseExecutor.java:369)
	at com.kms.katalon.core.main.TestCaseExecutor.execute(TestCaseExecutor.java:369)
	at com.kms.katalon.core.main.TestCaseExecutor.execute(TestCaseExecutor.java:369)
	at com.kms.katalon.core.common.CommonExecutor.accessTestCaseMainPhase(CommonExecutor.java:65)
	at com.kms.katalon.core.main.TestSuiteExecutor.accessTestSuiteMainPhase(TestSuiteExecutor.java:150)
	at com.kms.katalon.core.main.TestSuiteExecutor.execute(TestSuiteExecutor.java:106)
	at com.kms.katalon.core.main.TestCaseMain.startTestSuite(TestCaseMain.java:180)
	at TempTestSuite1720773639897.run(TempTestSuite1720773639897.groovy:35)
	at java.base/jdk.internal.reflect.NativeMethodAccessorImpl.invoke0(Native Method)
	at java.base/jdk.internal.reflect.NativeMethodAccessorImpl.invoke(NativeMethodAccessorImpl.java:77)
	at java.base/jdk.internal.reflect.DelegatingMethodAccessorImpl.invoke(DelegatingMethodAccessorImpl.java:43)
Caused by: com.kms.katalon.core.exception.StepFailedException: com.kms.katalon.core.webui.exception.WebElementNotFoundException: Web element with id: 'Object Repository/Product Overview/Product_color' located by '//*[contains(@class,'color_name') and contains (text(), 'Black')]' not found
	at com.kms.katalon.core.webui.keyword.internal.WebUIKeywordMain.stepFailed(WebUIKeywordMain.groovy:64)
	at com.kms.katalon.core.webui.keyword.builtin.VerifyElementPresentKeyword$_verifyElementPresent_closure1.doCall(VerifyElementPresentKeyword.groovy:85)
	at com.kms.katalon.core.webui.keyword.builtin.VerifyElementPresentKeyword$_verifyElementPresent_closure1.call(VerifyElementPresentKeyword.groovy)
	at com.kms.katalon.core.webui.keyword.internal.WebUIKeywordMain.runKeyword(WebUIKeywordMain.groovy:20)
	... 23 more
)

12-07-2024T15:52:18 - [MESSAGE][INFO] - Unable to find the element located by 'By.xpath: //*[contains(@class,'color_name') and contains (text(), 'Black')]'. Please recheck the objects properties to make sure the desired element is located. 

12-07-2024T15:52:18 - [MESSAGE][FAILED] - com.kms.katalon.core.webui.exception.WebElementNotFoundException: Web element with id: 'Object Repository/Product Overview/Product_color' located by '//*[contains(@class,'color_name') and contains (text(), 'Black')]' not found (Root cause: com.kms.katalon.core.exception.StepFailedException: com.kms.katalon.core.webui.exception.WebElementNotFoundException: Web element with id: 'Object Repository/Product Overview/Product_color' located by '//*[contains(@class,'color_name') and contains (text(), 'Black')]' not found
	at com.kms.katalon.core.webui.keyword.internal.WebUIKeywordMain.stepFailed(WebUIKeywordMain.groovy:64)
	at com.kms.katalon.core.webui.keyword.builtin.VerifyElementPresentKeyword$_verifyElementPresent_closure1.doCall(VerifyElementPresentKeyword.groovy:85)
	at com.kms.katalon.core.webui.keyword.builtin.VerifyElementPresentKeyword$_verifyElementPresent_closure1.call(VerifyElementPresentKeyword.groovy)
	at com.kms.katalon.core.webui.keyword.internal.WebUIKeywordMain.runKeyword(WebUIKeywordMain.groovy:20)
	at com.kms.katalon.core.webui.keyword.builtin.VerifyElementPresentKeyword.verifyElementPresent(VerifyElementPresentKeyword.groovy:92)
	at com.kms.katalon.core.webui.keyword.builtin.VerifyElementPresentKeyword.execute(VerifyElementPresentKeyword.groovy:68)
	at com.kms.katalon.core.keyword.internal.KeywordExecutor.executeKeywordForPlatform(KeywordExecutor.groovy:74)
	at com.kms.katalon.core.webui.keyword.WebUiBuiltInKeywords.verifyElementPresent(WebUiBuiltInKeywords.groovy:1503)
	at TC14_Check_display_info_product_07.run(TC14_Check_display_info_product_07:42)
	at com.kms.katalon.core.main.ScriptEngine.run(ScriptEngine.java:194)
	at com.kms.katalon.core.main.ScriptEngine.runScriptAsRawText(ScriptEngine.java:119)
	at com.kms.katalon.core.main.TestCaseExecutor.runScript(TestCaseExecutor.java:448)
	at com.kms.katalon.core.main.TestCaseExecutor.doExecute(TestCaseExecutor.java:439)
	at com.kms.katalon.core.main.TestCaseExecutor.processExecutionPhase(TestCaseExecutor.java:418)
	at com.kms.katalon.core.main.TestCaseExecutor.accessMainPhase(TestCaseExecutor.java:410)
	at com.kms.katalon.core.main.TestCaseExecutor.execute(TestCaseExecutor.java:285)
	at com.kms.katalon.core.main.TestCaseExecutor.execute(TestCaseExecutor.java:369)
	at com.kms.katalon.core.main.TestCaseExecutor.execute(TestCaseExecutor.java:369)
	at com.kms.katalon.core.main.TestCaseExecutor.execute(TestCaseExecutor.java:369)
	at com.kms.katalon.core.common.CommonExecutor.accessTestCaseMainPhase(CommonExecutor.java:65)
	at com.kms.katalon.core.main.TestSuiteExecutor.accessTestSuiteMainPhase(TestSuiteExecutor.java:150)
	at com.kms.katalon.core.main.TestSuiteExecutor.execute(TestSuiteExecutor.java:106)
	at com.kms.katalon.core.main.TestCaseMain.startTestSuite(TestCaseMain.java:180)
	at TempTestSuite1720773639897.run(TempTestSuite1720773639897.groovy:35)
	at java.base/jdk.internal.reflect.NativeMethodAccessorImpl.invoke0(Native Method)
	at java.base/jdk.internal.reflect.NativeMethodAccessorImpl.invoke(NativeMethodAccessorImpl.java:77)
	at java.base/jdk.internal.reflect.DelegatingMethodAccessorImpl.invoke(DelegatingMethodAccessorImpl.java:43)
)
[[ATTACHMENT|C:\\Users\\quochuy.lu\\git\\Katalon-certification\\Reports\\20240712_154039\\Product_Overview\\All Products\\20240712_154039\\1720774338701.png]]

12-07-2024T15:52:19 - [MESSAGE][FAILED] - Unable to verify object 'Object Repository/Product Overview/Product_color' is present (Root cause: com.kms.katalon.core.exception.StepFailedException: Unable to verify object 'Object Repository/Product Overview/Product_color' is present
	at com.kms.katalon.core.webui.keyword.internal.WebUIKeywordMain.stepFailed(WebUIKeywordMain.groovy:64)
	at com.kms.katalon.core.webui.keyword.internal.WebUIKeywordMain.runKeyword(WebUIKeywordMain.groovy:26)
	at com.kms.katalon.core.webui.keyword.builtin.VerifyElementPresentKeyword.verifyElementPresent(VerifyElementPresentKeyword.groovy:92)
	at com.kms.katalon.core.webui.keyword.builtin.VerifyElementPresentKeyword.execute(VerifyElementPresentKeyword.groovy:68)
	at com.kms.katalon.core.keyword.internal.KeywordExecutor.executeKeywordForPlatform(KeywordExecutor.groovy:74)
	at com.kms.katalon.core.webui.keyword.WebUiBuiltInKeywords.verifyElementPresent(WebUiBuiltInKeywords.groovy:1503)
	at TC14_Check_display_info_product_07.run(TC14_Check_display_info_product_07:42)
	at com.kms.katalon.core.main.ScriptEngine.run(ScriptEngine.java:194)
	at com.kms.katalon.core.main.ScriptEngine.runScriptAsRawText(ScriptEngine.java:119)
	at com.kms.katalon.core.main.TestCaseExecutor.runScript(TestCaseExecutor.java:448)
	at com.kms.katalon.core.main.TestCaseExecutor.doExecute(TestCaseExecutor.java:439)
	at com.kms.katalon.core.main.TestCaseExecutor.processExecutionPhase(TestCaseExecutor.java:418)
	at com.kms.katalon.core.main.TestCaseExecutor.accessMainPhase(TestCaseExecutor.java:410)
	at com.kms.katalon.core.main.TestCaseExecutor.execute(TestCaseExecutor.java:285)
	at com.kms.katalon.core.main.TestCaseExecutor.execute(TestCaseExecutor.java:369)
	at com.kms.katalon.core.main.TestCaseExecutor.execute(TestCaseExecutor.java:369)
	at com.kms.katalon.core.main.TestCaseExecutor.execute(TestCaseExecutor.java:369)
	at com.kms.katalon.core.common.CommonExecutor.accessTestCaseMainPhase(CommonExecutor.java:65)
	at com.kms.katalon.core.main.TestSuiteExecutor.accessTestSuiteMainPhase(TestSuiteExecutor.java:150)
	at com.kms.katalon.core.main.TestSuiteExecutor.execute(TestSuiteExecutor.java:106)
	at com.kms.katalon.core.main.TestCaseMain.startTestSuite(TestCaseMain.java:180)
	at TempTestSuite1720773639897.run(TempTestSuite1720773639897.groovy:35)
	at java.base/jdk.internal.reflect.NativeMethodAccessorImpl.invoke0(Native Method)
	at java.base/jdk.internal.reflect.NativeMethodAccessorImpl.invoke(NativeMethodAccessorImpl.java:77)
	at java.base/jdk.internal.reflect.DelegatingMethodAccessorImpl.invoke(DelegatingMethodAccessorImpl.java:43)
Caused by: com.kms.katalon.core.exception.StepFailedException: com.kms.katalon.core.webui.exception.WebElementNotFoundException: Web element with id: 'Object Repository/Product Overview/Product_color' located by '//*[contains(@class,'color_name') and contains (text(), 'Black')]' not found
	at com.kms.katalon.core.webui.keyword.internal.WebUIKeywordMain.stepFailed(WebUIKeywordMain.groovy:64)
	at com.kms.katalon.core.webui.keyword.builtin.VerifyElementPresentKeyword$_verifyElementPresent_closure1.doCall(VerifyElementPresentKeyword.groovy:85)
	at com.kms.katalon.core.webui.keyword.builtin.VerifyElementPresentKeyword$_verifyElementPresent_closure1.call(VerifyElementPresentKeyword.groovy)
	at com.kms.katalon.core.webui.keyword.internal.WebUIKeywordMain.runKeyword(WebUIKeywordMain.groovy:20)
	... 23 more
)
[[ATTACHMENT|C:\\Users\\quochuy.lu\\git\\Katalon-certification\\Reports\\20240712_154039\\Product_Overview\\All Products\\20240712_154039\\1720774338886.png]]]]></system-out>
         <system-err><![CDATA[12-07-2024T15:51:29 - [TEST_CASE][FAILED] - Test Cases/Product Overview/TC14_Check_display_info_product_07: Test Cases/Product Overview/TC14_Check_display_info_product_07 FAILED.
Reason:
com.kms.katalon.core.exception.StepFailedException: Unable to verify object 'Object Repository/Product Overview/Product_color' is present
	at com.kms.katalon.core.webui.keyword.internal.WebUIKeywordMain.stepFailed(WebUIKeywordMain.groovy:64)
	at com.kms.katalon.core.webui.keyword.internal.WebUIKeywordMain.runKeyword(WebUIKeywordMain.groovy:26)
	at com.kms.katalon.core.webui.keyword.builtin.VerifyElementPresentKeyword.verifyElementPresent(VerifyElementPresentKeyword.groovy:92)
	at com.kms.katalon.core.webui.keyword.builtin.VerifyElementPresentKeyword.execute(VerifyElementPresentKeyword.groovy:68)
	at com.kms.katalon.core.keyword.internal.KeywordExecutor.executeKeywordForPlatform(KeywordExecutor.groovy:74)
	at com.kms.katalon.core.webui.keyword.WebUiBuiltInKeywords.verifyElementPresent(WebUiBuiltInKeywords.groovy:1503)
	at TC14_Check_display_info_product_07.run(TC14_Check_display_info_product_07:42)
	at com.kms.katalon.core.main.ScriptEngine.run(ScriptEngine.java:194)
	at com.kms.katalon.core.main.ScriptEngine.runScriptAsRawText(ScriptEngine.java:119)
	at com.kms.katalon.core.main.TestCaseExecutor.runScript(TestCaseExecutor.java:448)
	at com.kms.katalon.core.main.TestCaseExecutor.doExecute(TestCaseExecutor.java:439)
	at com.kms.katalon.core.main.TestCaseExecutor.processExecutionPhase(TestCaseExecutor.java:418)
	at com.kms.katalon.core.main.TestCaseExecutor.accessMainPhase(TestCaseExecutor.java:410)
	at com.kms.katalon.core.main.TestCaseExecutor.execute(TestCaseExecutor.java:285)
	at com.kms.katalon.core.main.TestCaseExecutor.execute(TestCaseExecutor.java:369)
	at com.kms.katalon.core.main.TestCaseExecutor.execute(TestCaseExecutor.java:369)
	at com.kms.katalon.core.main.TestCaseExecutor.execute(TestCaseExecutor.java:369)
	at com.kms.katalon.core.common.CommonExecutor.accessTestCaseMainPhase(CommonExecutor.java:65)
	at com.kms.katalon.core.main.TestSuiteExecutor.accessTestSuiteMainPhase(TestSuiteExecutor.java:150)
	at com.kms.katalon.core.main.TestSuiteExecutor.execute(TestSuiteExecutor.java:106)
	at com.kms.katalon.core.main.TestCaseMain.startTestSuite(TestCaseMain.java:180)
	at TempTestSuite1720773639897.run(TempTestSuite1720773639897.groovy:35)
	at java.base/jdk.internal.reflect.NativeMethodAccessorImpl.invoke0(Native Method)
	at java.base/jdk.internal.reflect.NativeMethodAccessorImpl.invoke(NativeMethodAccessorImpl.java:77)
	at java.base/jdk.internal.reflect.DelegatingMethodAccessorImpl.invoke(DelegatingMethodAccessorImpl.java:43)
Caused by: com.kms.katalon.core.exception.StepFailedException: com.kms.katalon.core.webui.exception.WebElementNotFoundException: Web element with id: 'Object Repository/Product Overview/Product_color' located by '//*[contains(@class,'color_name') and contains (text(), 'Black')]' not found
	at com.kms.katalon.core.webui.keyword.internal.WebUIKeywordMain.stepFailed(WebUIKeywordMain.groovy:64)
	at com.kms.katalon.core.webui.keyword.builtin.VerifyElementPresentKeyword$_verifyElementPresent_closure1.doCall(VerifyElementPresentKeyword.groovy:85)
	at com.kms.katalon.core.webui.keyword.builtin.VerifyElementPresentKeyword$_verifyElementPresent_closure1.call(VerifyElementPresentKeyword.groovy)
	at com.kms.katalon.core.webui.keyword.internal.WebUIKeywordMain.runKeyword(WebUIKeywordMain.groovy:20)
	... 23 more]]></system-err>
      </testcase>
      <testcase name="Test Cases/Product Overview/TC15_Check_display_info_product_08" time="15.447" classname="Test Cases/Product Overview/TC15_Check_display_info_product_08" status="PASSED">
         <system-out><![CDATA[12-07-2024T15:52:19 - [TEST_CASE][PASSED] - Test Cases/Product Overview/TC15_Check_display_info_product_08: Test Cases/Product Overview/TC15_Check_display_info_product_08

12-07-2024T15:52:19 - [TEST_STEP][PASSED] - openBrowser(Dashborad_URL): Browser is opened with url: 'https://demo-store.katalon.com./'

12-07-2024T15:52:19 - [MESSAGE][WARNING] - A browser is already opened. Closing browser and opening a new one

12-07-2024T15:52:19 - [MESSAGE][INFO] - Starting 'Chrome' driver

12-07-2024T15:52:19 - [MESSAGE][INFO] - Action delay is set to 0 milliseconds

12-07-2024T15:52:28 - [MESSAGE][PASSED] - Browser is opened with url: 'https://demo-store.katalon.com./'

12-07-2024T15:52:28 - [TEST_STEP][PASSED] - maximizeWindow(): Current window maximized

12-07-2024T15:52:28 - [MESSAGE][PASSED] - Current window maximized

12-07-2024T15:52:28 - [TEST_STEP][PASSED] - waitForElementPresent(findTestObject("Object Repository/Dashboard/Product_item", ["product_name":product_name]), 5): Object 'Object Repository/Dashboard/Product_item' is present

12-07-2024T15:52:30 - [MESSAGE][PASSED] - Object 'Object Repository/Dashboard/Product_item' is present

12-07-2024T15:52:30 - [TEST_STEP][PASSED] - click(findTestObject("Object Repository/Dashboard/Product_item", ["product_name":product_name])): Object: 'Object Repository/Dashboard/Product_item' is clicked on

12-07-2024T15:52:31 - [MESSAGE][PASSED] - Object: 'Object Repository/Dashboard/Product_item' is clicked on

12-07-2024T15:52:31 - [TEST_STEP][PASSED] - waitForElementPresent(findTestObject("Object Repository/Product Overview/Product_Overview_page"), 5): Object 'Object Repository/Product Overview/Product_Overview_page' is present

12-07-2024T15:52:32 - [MESSAGE][PASSED] - Object 'Object Repository/Product Overview/Product_Overview_page' is present

12-07-2024T15:52:32 - [TEST_STEP][PASSED] - verifyElementPresent(findTestObject("Object Repository/Product Overview/Product_title", ["product_name":product_name]), 5): Object 'Object Repository/Product Overview/Product_title' is present

12-07-2024T15:52:33 - [MESSAGE][PASSED] - Object 'Object Repository/Product Overview/Product_title' is present

12-07-2024T15:52:33 - [TEST_STEP][PASSED] - price_web = getText(findTestObject("Object Repository/Product Overview/Product_price")): Text of object 'Object Repository/Product Overview/Product_price' is: '$35.95 CAD'

12-07-2024T15:52:33 - [MESSAGE][PASSED] - Text of object 'Object Repository/Product Overview/Product_price' is: '$35.95 CAD'

12-07-2024T15:52:33 - [TEST_STEP][PASSED] - get_price = price_web.contains(price): null

12-07-2024T15:52:33 - [TEST_STEP][PASSED] - verifyEqual(get_price, true): Actual object 'true' and expected object 'true' are equal

12-07-2024T15:52:33 - [MESSAGE][PASSED] - Actual object 'true' and expected object 'true' are equal

12-07-2024T15:52:33 - [TEST_STEP][PASSED] - verifyElementPresent(findTestObject("Object Repository/Product Overview/Product_color", ["color":color]), 5): Object 'Object Repository/Product Overview/Product_color' is present

12-07-2024T15:52:33 - [MESSAGE][PASSED] - Object 'Object Repository/Product Overview/Product_color' is present

12-07-2024T15:52:33 - [TEST_STEP][PASSED] - closeBrowser(): Browser is closed

12-07-2024T15:52:34 - [MESSAGE][PASSED] - Browser is closed]]></system-out>
         <system-err><![CDATA[]]></system-err>
      </testcase>
      <testcase name="Test Cases/Product Overview/TC16_Check_display_info_product_09" time="18.61" classname="Test Cases/Product Overview/TC16_Check_display_info_product_09" status="PASSED">
         <system-out><![CDATA[12-07-2024T15:52:34 - [TEST_CASE][PASSED] - Test Cases/Product Overview/TC16_Check_display_info_product_09: Test Cases/Product Overview/TC16_Check_display_info_product_09

12-07-2024T15:52:34 - [TEST_STEP][PASSED] - openBrowser(Dashborad_URL): Browser is opened with url: 'https://demo-store.katalon.com./'

12-07-2024T15:52:34 - [MESSAGE][INFO] - Starting 'Chrome' driver

12-07-2024T15:52:34 - [MESSAGE][INFO] - Action delay is set to 0 milliseconds

12-07-2024T15:52:46 - [MESSAGE][PASSED] - Browser is opened with url: 'https://demo-store.katalon.com./'

12-07-2024T15:52:46 - [TEST_STEP][PASSED] - maximizeWindow(): Current window maximized

12-07-2024T15:52:46 - [MESSAGE][PASSED] - Current window maximized

12-07-2024T15:52:46 - [TEST_STEP][PASSED] - waitForElementPresent(findTestObject("Object Repository/Dashboard/Product_item", ["product_name":product_name]), 5): Object 'Object Repository/Dashboard/Product_item' is present

12-07-2024T15:52:48 - [MESSAGE][PASSED] - Object 'Object Repository/Dashboard/Product_item' is present

12-07-2024T15:52:48 - [TEST_STEP][PASSED] - click(findTestObject("Object Repository/Dashboard/Product_item", ["product_name":product_name])): Object: 'Object Repository/Dashboard/Product_item' is clicked on

12-07-2024T15:52:49 - [MESSAGE][PASSED] - Object: 'Object Repository/Dashboard/Product_item' is clicked on

12-07-2024T15:52:49 - [TEST_STEP][PASSED] - waitForElementPresent(findTestObject("Object Repository/Product Overview/Product_Overview_page"), 5): Object 'Object Repository/Product Overview/Product_Overview_page' is present

12-07-2024T15:52:50 - [MESSAGE][PASSED] - Object 'Object Repository/Product Overview/Product_Overview_page' is present

12-07-2024T15:52:50 - [TEST_STEP][PASSED] - verifyElementPresent(findTestObject("Object Repository/Product Overview/Product_title", ["product_name":product_name]), 5): Object 'Object Repository/Product Overview/Product_title' is present

12-07-2024T15:52:50 - [MESSAGE][PASSED] - Object 'Object Repository/Product Overview/Product_title' is present

12-07-2024T15:52:50 - [TEST_STEP][PASSED] - price_web = getText(findTestObject("Object Repository/Product Overview/Product_price")): Text of object 'Object Repository/Product Overview/Product_price' is: '$29.99 CAD'

12-07-2024T15:52:51 - [MESSAGE][PASSED] - Text of object 'Object Repository/Product Overview/Product_price' is: '$29.99 CAD'

12-07-2024T15:52:51 - [TEST_STEP][PASSED] - get_price = price_web.contains(price): null

12-07-2024T15:52:51 - [TEST_STEP][PASSED] - verifyEqual(get_price, true): Actual object 'true' and expected object 'true' are equal

12-07-2024T15:52:51 - [MESSAGE][PASSED] - Actual object 'true' and expected object 'true' are equal

12-07-2024T15:52:51 - [TEST_STEP][PASSED] - verifyElementPresent(findTestObject("Object Repository/Product Overview/Product_color", ["color":color]), 5): Object 'Object Repository/Product Overview/Product_color' is present

12-07-2024T15:52:51 - [MESSAGE][PASSED] - Object 'Object Repository/Product Overview/Product_color' is present

12-07-2024T15:52:51 - [TEST_STEP][PASSED] - closeBrowser(): Browser is closed

12-07-2024T15:52:53 - [MESSAGE][PASSED] - Browser is closed]]></system-out>
         <system-err><![CDATA[]]></system-err>
      </testcase>
      <testcase name="Test Cases/Product Overview/TC17_Check_display_info_product_10" time="18.064" classname="Test Cases/Product Overview/TC17_Check_display_info_product_10" status="PASSED">
         <system-out><![CDATA[12-07-2024T15:52:53 - [TEST_CASE][PASSED] - Test Cases/Product Overview/TC17_Check_display_info_product_10: Test Cases/Product Overview/TC17_Check_display_info_product_10

12-07-2024T15:52:53 - [TEST_STEP][PASSED] - openBrowser(Dashborad_URL): Browser is opened with url: 'https://demo-store.katalon.com./'

12-07-2024T15:52:53 - [MESSAGE][INFO] - Starting 'Chrome' driver

12-07-2024T15:52:53 - [MESSAGE][INFO] - Action delay is set to 0 milliseconds

12-07-2024T15:53:05 - [MESSAGE][PASSED] - Browser is opened with url: 'https://demo-store.katalon.com./'

12-07-2024T15:53:05 - [TEST_STEP][PASSED] - maximizeWindow(): Current window maximized

12-07-2024T15:53:05 - [MESSAGE][PASSED] - Current window maximized

12-07-2024T15:53:05 - [TEST_STEP][PASSED] - waitForElementPresent(findTestObject("Object Repository/Dashboard/Product_item", ["product_name":product_name]), 5): Object 'Object Repository/Dashboard/Product_item' is present

12-07-2024T15:53:07 - [MESSAGE][PASSED] - Object 'Object Repository/Dashboard/Product_item' is present

12-07-2024T15:53:07 - [TEST_STEP][PASSED] - click(findTestObject("Object Repository/Dashboard/Product_item", ["product_name":product_name])): Object: 'Object Repository/Dashboard/Product_item' is clicked on

12-07-2024T15:53:08 - [MESSAGE][PASSED] - Object: 'Object Repository/Dashboard/Product_item' is clicked on

12-07-2024T15:53:08 - [TEST_STEP][PASSED] - waitForElementPresent(findTestObject("Object Repository/Product Overview/Product_Overview_page"), 5): Object 'Object Repository/Product Overview/Product_Overview_page' is present

12-07-2024T15:53:09 - [MESSAGE][PASSED] - Object 'Object Repository/Product Overview/Product_Overview_page' is present

12-07-2024T15:53:09 - [TEST_STEP][PASSED] - verifyElementPresent(findTestObject("Object Repository/Product Overview/Product_title", ["product_name":product_name]), 5): Object 'Object Repository/Product Overview/Product_title' is present

12-07-2024T15:53:09 - [MESSAGE][PASSED] - Object 'Object Repository/Product Overview/Product_title' is present

12-07-2024T15:53:09 - [TEST_STEP][PASSED] - price_web = getText(findTestObject("Object Repository/Product Overview/Product_price")): Text of object 'Object Repository/Product Overview/Product_price' is: '$79.99 CAD'

12-07-2024T15:53:09 - [MESSAGE][PASSED] - Text of object 'Object Repository/Product Overview/Product_price' is: '$79.99 CAD'

12-07-2024T15:53:09 - [TEST_STEP][PASSED] - get_price = price_web.contains(price): null

12-07-2024T15:53:09 - [TEST_STEP][PASSED] - verifyEqual(get_price, true): Actual object 'true' and expected object 'true' are equal

12-07-2024T15:53:09 - [MESSAGE][PASSED] - Actual object 'true' and expected object 'true' are equal

12-07-2024T15:53:09 - [TEST_STEP][PASSED] - verifyElementPresent(findTestObject("Object Repository/Product Overview/Product_color", ["color":color]), 5): Object 'Object Repository/Product Overview/Product_color' is present

12-07-2024T15:53:10 - [MESSAGE][PASSED] - Object 'Object Repository/Product Overview/Product_color' is present

12-07-2024T15:53:10 - [TEST_STEP][PASSED] - closeBrowser(): Browser is closed

12-07-2024T15:53:11 - [MESSAGE][PASSED] - Browser is closed]]></system-out>
         <system-err><![CDATA[]]></system-err>
      </testcase>
      <system-out><![CDATA[12-07-2024T15:40:53 - [TEST_SUITE][FAILED] - All Products: Test Cases/Product Overview/TC12_Check_display_info_product_05 FAILED.
Reason:
com.kms.katalon.core.exception.StepFailedException: Unable to verify object 'Object Repository/Product Overview/Product_color' is present
	at com.kms.katalon.core.webui.keyword.internal.WebUIKeywordMain.stepFailed(WebUIKeywordMain.groovy:64)
	at com.kms.katalon.core.webui.keyword.internal.WebUIKeywordMain.runKeyword(WebUIKeywordMain.groovy:26)
	at com.kms.katalon.core.webui.keyword.builtin.VerifyElementPresentKeyword.verifyElementPresent(VerifyElementPresentKeyword.groovy:92)
	at com.kms.katalon.core.webui.keyword.builtin.VerifyElementPresentKeyword.execute(VerifyElementPresentKeyword.groovy:68)
	at com.kms.katalon.core.keyword.internal.KeywordExecutor.executeKeywordForPlatform(KeywordExecutor.groovy:74)
	at com.kms.katalon.core.webui.keyword.WebUiBuiltInKeywords.verifyElementPresent(WebUiBuiltInKeywords.groovy:1503)
	at TC12_Check_display_info_product_05.run(TC12_Check_display_info_product_05:42)
	at com.kms.katalon.core.main.ScriptEngine.run(ScriptEngine.java:194)
	at com.kms.katalon.core.main.ScriptEngine.runScriptAsRawText(ScriptEngine.java:119)
	at com.kms.katalon.core.main.TestCaseExecutor.runScript(TestCaseExecutor.java:448)
	at com.kms.katalon.core.main.TestCaseExecutor.doExecute(TestCaseExecutor.java:439)
	at com.kms.katalon.core.main.TestCaseExecutor.processExecutionPhase(TestCaseExecutor.java:418)
	at com.kms.katalon.core.main.TestCaseExecutor.accessMainPhase(TestCaseExecutor.java:410)
	at com.kms.katalon.core.main.TestCaseExecutor.execute(TestCaseExecutor.java:285)
	at com.kms.katalon.core.common.CommonExecutor.accessTestCaseMainPhase(CommonExecutor.java:65)
	at com.kms.katalon.core.main.TestSuiteExecutor.accessTestSuiteMainPhase(TestSuiteExecutor.java:150)
	at com.kms.katalon.core.main.TestSuiteExecutor.execute(TestSuiteExecutor.java:106)
	at com.kms.katalon.core.main.TestCaseMain.startTestSuite(TestCaseMain.java:180)
	at TempTestSuite1720773639897.run(TempTestSuite1720773639897.groovy:35)
	at java.base/jdk.internal.reflect.NativeMethodAccessorImpl.invoke0(Native Method)
	at java.base/jdk.internal.reflect.NativeMethodAccessorImpl.invoke(NativeMethodAccessorImpl.java:77)
	at java.base/jdk.internal.reflect.DelegatingMethodAccessorImpl.invoke(DelegatingMethodAccessorImpl.java:43)
Caused by: com.kms.katalon.core.exception.StepFailedException: com.kms.katalon.core.webui.exception.WebElementNotFoundException: Web element with id: 'Object Repository/Product Overview/Product_color' located by '//*[contains(@class,'color_name') and contains (text(), 'Black')]' not found
	at com.kms.katalon.core.webui.keyword.internal.WebUIKeywordMain.stepFailed(WebUIKeywordMain.groovy:64)
	at com.kms.katalon.core.webui.keyword.builtin.VerifyElementPresentKeyword$_verifyElementPresent_closure1.doCall(VerifyElementPresentKeyword.groovy:85)
	at com.kms.katalon.core.webui.keyword.builtin.VerifyElementPresentKeyword$_verifyElementPresent_closure1.call(VerifyElementPresentKeyword.groovy)
	at com.kms.katalon.core.webui.keyword.internal.WebUIKeywordMain.runKeyword(WebUIKeywordMain.groovy:20)
	... 20 more]]></system-out>
      <system-err><![CDATA[12-07-2024T15:40:53 - [TEST_SUITE][FAILED] - All Products: Test Cases/Product Overview/TC12_Check_display_info_product_05 FAILED.
Reason:
com.kms.katalon.core.exception.StepFailedException: Unable to verify object 'Object Repository/Product Overview/Product_color' is present
	at com.kms.katalon.core.webui.keyword.internal.WebUIKeywordMain.stepFailed(WebUIKeywordMain.groovy:64)
	at com.kms.katalon.core.webui.keyword.internal.WebUIKeywordMain.runKeyword(WebUIKeywordMain.groovy:26)
	at com.kms.katalon.core.webui.keyword.builtin.VerifyElementPresentKeyword.verifyElementPresent(VerifyElementPresentKeyword.groovy:92)
	at com.kms.katalon.core.webui.keyword.builtin.VerifyElementPresentKeyword.execute(VerifyElementPresentKeyword.groovy:68)
	at com.kms.katalon.core.keyword.internal.KeywordExecutor.executeKeywordForPlatform(KeywordExecutor.groovy:74)
	at com.kms.katalon.core.webui.keyword.WebUiBuiltInKeywords.verifyElementPresent(WebUiBuiltInKeywords.groovy:1503)
	at TC12_Check_display_info_product_05.run(TC12_Check_display_info_product_05:42)
	at com.kms.katalon.core.main.ScriptEngine.run(ScriptEngine.java:194)
	at com.kms.katalon.core.main.ScriptEngine.runScriptAsRawText(ScriptEngine.java:119)
	at com.kms.katalon.core.main.TestCaseExecutor.runScript(TestCaseExecutor.java:448)
	at com.kms.katalon.core.main.TestCaseExecutor.doExecute(TestCaseExecutor.java:439)
	at com.kms.katalon.core.main.TestCaseExecutor.processExecutionPhase(TestCaseExecutor.java:418)
	at com.kms.katalon.core.main.TestCaseExecutor.accessMainPhase(TestCaseExecutor.java:410)
	at com.kms.katalon.core.main.TestCaseExecutor.execute(TestCaseExecutor.java:285)
	at com.kms.katalon.core.common.CommonExecutor.accessTestCaseMainPhase(CommonExecutor.java:65)
	at com.kms.katalon.core.main.TestSuiteExecutor.accessTestSuiteMainPhase(TestSuiteExecutor.java:150)
	at com.kms.katalon.core.main.TestSuiteExecutor.execute(TestSuiteExecutor.java:106)
	at com.kms.katalon.core.main.TestCaseMain.startTestSuite(TestCaseMain.java:180)
	at TempTestSuite1720773639897.run(TempTestSuite1720773639897.groovy:35)
	at java.base/jdk.internal.reflect.NativeMethodAccessorImpl.invoke0(Native Method)
	at java.base/jdk.internal.reflect.NativeMethodAccessorImpl.invoke(NativeMethodAccessorImpl.java:77)
	at java.base/jdk.internal.reflect.DelegatingMethodAccessorImpl.invoke(DelegatingMethodAccessorImpl.java:43)
Caused by: com.kms.katalon.core.exception.StepFailedException: com.kms.katalon.core.webui.exception.WebElementNotFoundException: Web element with id: 'Object Repository/Product Overview/Product_color' located by '//*[contains(@class,'color_name') and contains (text(), 'Black')]' not found
	at com.kms.katalon.core.webui.keyword.internal.WebUIKeywordMain.stepFailed(WebUIKeywordMain.groovy:64)
	at com.kms.katalon.core.webui.keyword.builtin.VerifyElementPresentKeyword$_verifyElementPresent_closure1.doCall(VerifyElementPresentKeyword.groovy:85)
	at com.kms.katalon.core.webui.keyword.builtin.VerifyElementPresentKeyword$_verifyElementPresent_closure1.call(VerifyElementPresentKeyword.groovy)
	at com.kms.katalon.core.webui.keyword.internal.WebUIKeywordMain.runKeyword(WebUIKeywordMain.groovy:20)
	... 20 more]]></system-err>
   </testsuite>
</testsuites>
