<?xml version="1.0" encoding="UTF-8"?>
<testsuites name="Signin_Signup" time="2771.872" tests="17" failures="0" errors="0">
   <testsuite name="Sign in" tests="7" failures="0" errors="0" time="2297.427" skipped="0" timestamp="27-07-2024T09:40:01" hostname="Admin - DESKTOP-26G4KH6" id="Test Suites/Shopping Cart/Sign in/Sign in">
      <properties>
         <property name="deviceName"/>
         <property name="devicePlatform" value="WINDOWS"/>
         <property name="logFolder" value="C:\\Users\\Admin\\git\\Katalon-certification\\Reports\\20240727_093949\\Shopping Cart\\Sign in\\Sign in\\20240727_093950"/>
         <property name="logFiles" value="C:\\Users\\Admin\\git\\Katalon-certification\\Reports\\20240727_093949\\Shopping Cart\\Sign in\\Sign in\\20240727_093950\\execution0.log"/>
         <property name="attachments" value=""/>
         <property name="hostName" value="Admin - DESKTOP-26G4KH6"/>
         <property name="remoteDriverUrl" value="testcloud.katalon.com/hub"/>
         <property name="desiredCapabilities" value="{&#xa;  &quot;timeouts&quot;: {&#xa;    &quot;implicit&quot;: 0,&#xa;    &quot;pageLoad&quot;: 300000,&#xa;    &quot;script&quot;: 30000&#xa;  },&#xa;  &quot;se:cdpEnabled&quot;: false,&#xa;  &quot;platform&quot;: &quot;WINDOWS&quot;,&#xa;  &quot;goog:chromeOptions&quot;: {&#xa;    &quot;debuggerAddress&quot;: &quot;localhost:9225&quot;&#xa;  },&#xa;  &quot;webauthn:extension:credBlob&quot;: true,&#xa;  &quot;acceptInsecureCerts&quot;: false,&#xa;  &quot;browserVersion&quot;: &quot;127.0.0.0&quot;,&#xa;  &quot;fedcm:accounts&quot;: true,&#xa;  &quot;kt:requestId&quot;: &quot;a9f1754a-6ba0-4de9-8bc1-a6d27d103817&quot;,&#xa;  &quot;browserName&quot;: &quot;chrome&quot;,&#xa;  &quot;javascriptEnabled&quot;: true,&#xa;  &quot;katalon:option&quot;: {&#xa;    &quot;apiKey&quot;: &quot;4325c767-d65e-4f41-a4c1-bee4a86546dc&quot;,&#xa;    &quot;tunnelMetadataId&quot;: &quot;a5b2e99c-302d-450f-9464-dd0b137fb229&quot;,&#xa;    &quot;userId&quot;: 1544065,&#xa;    &quot;organizationId&quot;: &quot;1576976&quot;,&#xa;    &quot;runFromTestCloud&quot;: true,&#xa;    &quot;tenant&quot;: &quot;TestOps&quot;,&#xa;    &quot;usingTunnel&quot;: true,&#xa;    &quot;group&quot;: &quot;59ab00fe-3356-4744-937b-0978994afb56&quot;&#xa;  },&#xa;  &quot;platformName&quot;: &quot;WINDOWS&quot;,&#xa;  &quot;setWindowRect&quot;: true,&#xa;  &quot;webauthn:extension:largeBlob&quot;: true,&#xa;  &quot;networkConnectionEnabled&quot;: false,&#xa;  &quot;chrome&quot;: {&#xa;    &quot;chromedriverVersion&quot;: &quot;127.0.6533.26 (52e197ccd8ed246bf074e9242a8af84851fd268a-refs/branch-heads/6533@{#692})&quot;,&#xa;    &quot;userDataDir&quot;: &quot;C:\\Program Files\\scoped_dir4828_87652347&quot;&#xa;  },&#xa;  &quot;kt:rid&quot;: &quot;a9f1754a-6ba0-4de9-8bc1-a6d27d103817&quot;,&#xa;  &quot;pageLoadStrategy&quot;: &quot;normal&quot;,&#xa;  &quot;unhandledPromptBehavior&quot;: &quot;dismiss and notify&quot;,&#xa;  &quot;strictFileInteractability&quot;: false,&#xa;  &quot;***:loadExtension&quot;: [&#xa;    &quot;https://prod-magicleap-user-files-us-east-1-v1.s3.amazonaws.com/extensions/orgId-691279/SmartWait.zip&quot;&#xa;  ],&#xa;  &quot;se:bidiEnabled&quot;: false,&#xa;  &quot;proxy&quot;: {&#xa;    &quot;proxyType&quot;: &quot;UNSPECIFIED&quot;,&#xa;    &quot;autodetect&quot;: false&#xa;  },&#xa;  &quot;webauthn:extension:minPinLength&quot;: true,&#xa;  &quot;webauthn:extension:prf&quot;: true,&#xa;  &quot;webauthn:virtualAuthenticators&quot;: true&#xa;}"/>
         <property name="os" value="Windows 10 64bit"/>
         <property name="remoteOS" value="Windows"/>
         <property name="katalonVersion" value="9.6.0.217"/>
         <property name="browser" value="Chrome 127.0.0.0"/>
         <property name="hostAddress" value="192.168.0.191"/>
         <property name="sessionId" value="0ceffccddc356a9dd91fecdcdc3635e5"/>
         <property name="seleniumVersion" value="3.141.59"/>
         <property name="proxyInformation" value="ProxyInformation { proxyOption=NO_PROXY, proxyServerType=HTTP, username=, password=********, proxyServerAddress=, proxyServerPort=0, executionList=&quot;&quot;, isApplyToDesiredCapabilities=true }"/>
         <property name="platform" value="Windows 10"/>
      </properties>
      <testcase name="Test Cases/Shopping Cart/Sign in/TC01_Fill_wrong_username_password_format" time="223.093" classname="Test Cases/Shopping Cart/Sign in/TC01_Fill_wrong_username_password_format" status="PASSED">
         <system-out><![CDATA[27-07-2024T09:40:02 - [TEST_CASE][PASSED] - Test Cases/Shopping Cart/Sign in/TC01_Fill_wrong_username_password_format: Test Cases/Shopping Cart/Sign in/TC01_Fill_wrong_username_password_format

27-07-2024T09:40:02 - [TEST_STEP][PASSED] - openBrowser(Login_URL): Browser is opened with url: 'https://demo-store.katalon.com/signin'

27-07-2024T09:40:02 - [MESSAGE][INFO] - User set preference: ['os', 'windows']

27-07-2024T09:40:02 - [MESSAGE][INFO] - User set preference: ['browserVersion', '127']

27-07-2024T09:40:02 - [MESSAGE][INFO] - User set preference: ['browserName', 'chrome']

27-07-2024T09:40:02 - [MESSAGE][INFO] - User set preference: ['katalon:option', '{organizationId=1576976, usingTunnel=true}']

27-07-2024T09:40:02 - [MESSAGE][INFO] - Connecting to remote web server 'testcloud.katalon.com/hub' with type 'Selenium'

27-07-2024T09:40:03 - [MESSAGE][INFO] - Action delay is set to 0 milliseconds

27-07-2024T09:41:01 - [MESSAGE][PASSED] - Browser is opened with url: 'https://demo-store.katalon.com/signin'

27-07-2024T09:41:01 - [TEST_STEP][PASSED] - maximizeWindow(): Current window maximized

27-07-2024T09:41:01 - [MESSAGE][PASSED] - Current window maximized

27-07-2024T09:41:01 - [TEST_STEP][PASSED] - verifyElementPresent(findTestObject("Object Repository/Shopping Cart/Sign in/Sign_in_page"), 10): Object 'Object Repository/Shopping Cart/Sign in/Sign_in_page' is present

27-07-2024T09:41:04 - [MESSAGE][PASSED] - Object 'Object Repository/Shopping Cart/Sign in/Sign_in_page' is present

27-07-2024T09:41:04 - [TEST_STEP][PASSED] - setText(findTestObject("Object Repository/Shopping Cart/Sign in/Email_input"), username): Text 'abc' is set on object 'Object Repository/Shopping Cart/Sign in/Email_input'

27-07-2024T09:41:08 - [MESSAGE][PASSED] - Text 'abc' is set on object 'Object Repository/Shopping Cart/Sign in/Email_input'

27-07-2024T09:41:08 - [TEST_STEP][PASSED] - setText(findTestObject("Object Repository/Shopping Cart/Sign in/Password_input"), password): Text 'def' is set on object 'Object Repository/Shopping Cart/Sign in/Password_input'

27-07-2024T09:42:10 - [MESSAGE][PASSED] - Text 'def' is set on object 'Object Repository/Shopping Cart/Sign in/Password_input'

27-07-2024T09:42:10 - [TEST_STEP][PASSED] - sendKeys(findTestObject("Object Repository/Shopping Cart/Sign in/Password_input"), Keys.chord(TAB)): Keys 'TAB + ' sent to object: 'Object Repository/Shopping Cart/Sign in/Password_input'

27-07-2024T09:42:41 - [MESSAGE][PASSED] - Keys 'TAB + ' sent to object: 'Object Repository/Shopping Cart/Sign in/Password_input'

27-07-2024T09:42:41 - [TEST_STEP][PASSED] - verifyElementPresent(findTestObject("Object Repository/Shopping Cart/Sign in/Email_error_message_lb"), 10): Object 'Object Repository/Shopping Cart/Sign in/Email_error_message_lb' is present

27-07-2024T09:43:12 - [MESSAGE][PASSED] - Object 'Object Repository/Shopping Cart/Sign in/Email_error_message_lb' is present

27-07-2024T09:43:12 - [TEST_STEP][PASSED] - verifyElementPresent(findTestObject("Object Repository/Shopping Cart/Sign in/Password_error_message_lb"), 10): Object 'Object Repository/Shopping Cart/Sign in/Password_error_message_lb' is present

27-07-2024T09:43:43 - [MESSAGE][PASSED] - Object 'Object Repository/Shopping Cart/Sign in/Password_error_message_lb' is present

27-07-2024T09:43:43 - [TEST_STEP][PASSED] - closeBrowser(): Browser is closed

27-07-2024T09:43:45 - [MESSAGE][PASSED] - Browser is closed]]></system-out>
         <system-err><![CDATA[]]></system-err>
      </testcase>
      <testcase name="Test Cases/Shopping Cart/Sign in/TC01_Fill_wrong_username_password_format" time="266.181" classname="Test Cases/Shopping Cart/Sign in/TC01_Fill_wrong_username_password_format" status="PASSED">
         <system-out><![CDATA[27-07-2024T09:44:50 - [TEST_CASE][PASSED] - Test Cases/Shopping Cart/Sign in/TC01_Fill_wrong_username_password_format: Test Cases/Shopping Cart/Sign in/TC01_Fill_wrong_username_password_format

27-07-2024T09:44:50 - [TEST_STEP][PASSED] - openBrowser(Login_URL): Browser is opened with url: 'https://demo-store.katalon.com/signin'

27-07-2024T09:44:50 - [MESSAGE][INFO] - User set preference: ['os', 'windows']

27-07-2024T09:44:50 - [MESSAGE][INFO] - User set preference: ['browserVersion', '127']

27-07-2024T09:44:50 - [MESSAGE][INFO] - User set preference: ['browserName', 'chrome']

27-07-2024T09:44:50 - [MESSAGE][INFO] - User set preference: ['katalon:option', '{organizationId=1576976, usingTunnel=true}']

27-07-2024T09:44:50 - [MESSAGE][INFO] - Connecting to remote web server 'testcloud.katalon.com/hub' with type 'Selenium'

27-07-2024T09:44:50 - [MESSAGE][INFO] - Action delay is set to 0 milliseconds

27-07-2024T09:46:05 - [MESSAGE][PASSED] - Browser is opened with url: 'https://demo-store.katalon.com/signin'

27-07-2024T09:46:05 - [TEST_STEP][PASSED] - maximizeWindow(): Current window maximized

27-07-2024T09:46:06 - [MESSAGE][PASSED] - Current window maximized

27-07-2024T09:46:06 - [TEST_STEP][PASSED] - verifyElementPresent(findTestObject("Object Repository/Shopping Cart/Sign in/Sign_in_page"), 10): Object 'Object Repository/Shopping Cart/Sign in/Sign_in_page' is present

27-07-2024T09:46:07 - [MESSAGE][PASSED] - Object 'Object Repository/Shopping Cart/Sign in/Sign_in_page' is present

27-07-2024T09:46:07 - [TEST_STEP][PASSED] - setText(findTestObject("Object Repository/Shopping Cart/Sign in/Email_input"), username): Text 'avgff@' is set on object 'Object Repository/Shopping Cart/Sign in/Email_input'

27-07-2024T09:46:40 - [MESSAGE][PASSED] - Text 'avgff@' is set on object 'Object Repository/Shopping Cart/Sign in/Email_input'

27-07-2024T09:46:40 - [TEST_STEP][PASSED] - setText(findTestObject("Object Repository/Shopping Cart/Sign in/Password_input"), password): Text 'abcdef' is set on object 'Object Repository/Shopping Cart/Sign in/Password_input'

27-07-2024T09:47:42 - [MESSAGE][PASSED] - Text 'abcdef' is set on object 'Object Repository/Shopping Cart/Sign in/Password_input'

27-07-2024T09:47:42 - [TEST_STEP][PASSED] - sendKeys(findTestObject("Object Repository/Shopping Cart/Sign in/Password_input"), Keys.chord(TAB)): Keys 'TAB + ' sent to object: 'Object Repository/Shopping Cart/Sign in/Password_input'

27-07-2024T09:48:13 - [MESSAGE][PASSED] - Keys 'TAB + ' sent to object: 'Object Repository/Shopping Cart/Sign in/Password_input'

27-07-2024T09:48:13 - [TEST_STEP][PASSED] - verifyElementPresent(findTestObject("Object Repository/Shopping Cart/Sign in/Email_error_message_lb"), 10): Object 'Object Repository/Shopping Cart/Sign in/Email_error_message_lb' is present

27-07-2024T09:48:44 - [MESSAGE][PASSED] - Object 'Object Repository/Shopping Cart/Sign in/Email_error_message_lb' is present

27-07-2024T09:48:44 - [TEST_STEP][PASSED] - verifyElementPresent(findTestObject("Object Repository/Shopping Cart/Sign in/Password_error_message_lb"), 10): Object 'Object Repository/Shopping Cart/Sign in/Password_error_message_lb' is present

27-07-2024T09:49:14 - [MESSAGE][PASSED] - Object 'Object Repository/Shopping Cart/Sign in/Password_error_message_lb' is present

27-07-2024T09:49:14 - [TEST_STEP][PASSED] - closeBrowser(): Browser is closed

27-07-2024T09:49:16 - [MESSAGE][PASSED] - Browser is closed]]></system-out>
         <system-err><![CDATA[]]></system-err>
      </testcase>
      <testcase name="Test Cases/Shopping Cart/Sign in/TC01_Fill_wrong_username_password_format" time="346.43" classname="Test Cases/Shopping Cart/Sign in/TC01_Fill_wrong_username_password_format" status="PASSED">
         <system-out><![CDATA[27-07-2024T09:49:16 - [TEST_CASE][PASSED] - Test Cases/Shopping Cart/Sign in/TC01_Fill_wrong_username_password_format: Test Cases/Shopping Cart/Sign in/TC01_Fill_wrong_username_password_format

27-07-2024T09:49:16 - [TEST_STEP][PASSED] - openBrowser(Login_URL): Browser is opened with url: 'https://demo-store.katalon.com/signin'

27-07-2024T09:49:16 - [MESSAGE][INFO] - User set preference: ['os', 'windows']

27-07-2024T09:49:16 - [MESSAGE][INFO] - User set preference: ['browserVersion', '127']

27-07-2024T09:49:16 - [MESSAGE][INFO] - User set preference: ['browserName', 'chrome']

27-07-2024T09:49:16 - [MESSAGE][INFO] - User set preference: ['katalon:option', '{organizationId=1576976, usingTunnel=true}']

27-07-2024T09:49:16 - [MESSAGE][INFO] - Connecting to remote web server 'testcloud.katalon.com/hub' with type 'Selenium'

27-07-2024T09:49:16 - [MESSAGE][INFO] - Action delay is set to 0 milliseconds

27-07-2024T09:50:47 - [MESSAGE][PASSED] - Browser is opened with url: 'https://demo-store.katalon.com/signin'

27-07-2024T09:50:47 - [TEST_STEP][PASSED] - maximizeWindow(): Current window maximized

27-07-2024T09:50:48 - [MESSAGE][PASSED] - Current window maximized

27-07-2024T09:50:48 - [TEST_STEP][PASSED] - verifyElementPresent(findTestObject("Object Repository/Shopping Cart/Sign in/Sign_in_page"), 10): Object 'Object Repository/Shopping Cart/Sign in/Sign_in_page' is present

27-07-2024T09:51:19 - [MESSAGE][PASSED] - Object 'Object Repository/Shopping Cart/Sign in/Sign_in_page' is present

27-07-2024T09:51:19 - [TEST_STEP][PASSED] - setText(findTestObject("Object Repository/Shopping Cart/Sign in/Email_input"), username): Text 'avgff@com' is set on object 'Object Repository/Shopping Cart/Sign in/Email_input'

27-07-2024T09:52:24 - [MESSAGE][PASSED] - Text 'avgff@com' is set on object 'Object Repository/Shopping Cart/Sign in/Email_input'

27-07-2024T09:52:24 - [TEST_STEP][PASSED] - setText(findTestObject("Object Repository/Shopping Cart/Sign in/Password_input"), password): Text 'ABC123' is set on object 'Object Repository/Shopping Cart/Sign in/Password_input'

27-07-2024T09:53:27 - [MESSAGE][PASSED] - Text 'ABC123' is set on object 'Object Repository/Shopping Cart/Sign in/Password_input'

27-07-2024T09:53:27 - [TEST_STEP][PASSED] - sendKeys(findTestObject("Object Repository/Shopping Cart/Sign in/Password_input"), Keys.chord(TAB)): Keys 'TAB + ' sent to object: 'Object Repository/Shopping Cart/Sign in/Password_input'

27-07-2024T09:53:59 - [MESSAGE][PASSED] - Keys 'TAB + ' sent to object: 'Object Repository/Shopping Cart/Sign in/Password_input'

27-07-2024T09:53:59 - [TEST_STEP][PASSED] - verifyElementPresent(findTestObject("Object Repository/Shopping Cart/Sign in/Email_error_message_lb"), 10): Object 'Object Repository/Shopping Cart/Sign in/Email_error_message_lb' is present

27-07-2024T09:54:30 - [MESSAGE][PASSED] - Object 'Object Repository/Shopping Cart/Sign in/Email_error_message_lb' is present

27-07-2024T09:54:30 - [TEST_STEP][PASSED] - verifyElementPresent(findTestObject("Object Repository/Shopping Cart/Sign in/Password_error_message_lb"), 10): Object 'Object Repository/Shopping Cart/Sign in/Password_error_message_lb' is present

27-07-2024T09:55:00 - [MESSAGE][PASSED] - Object 'Object Repository/Shopping Cart/Sign in/Password_error_message_lb' is present

27-07-2024T09:55:00 - [TEST_STEP][PASSED] - closeBrowser(): Browser is closed

27-07-2024T09:55:02 - [MESSAGE][PASSED] - Browser is closed]]></system-out>
         <system-err><![CDATA[]]></system-err>
      </testcase>
      <testcase name="Test Cases/Shopping Cart/Sign in/TC02_Login_with_blank_username_password" time="262.167" classname="Test Cases/Shopping Cart/Sign in/TC02_Login_with_blank_username_password" status="PASSED">
         <system-out><![CDATA[27-07-2024T09:55:23 - [TEST_CASE][PASSED] - Test Cases/Shopping Cart/Sign in/TC02_Login_with_blank_username_password: Test Cases/Shopping Cart/Sign in/TC02_Login_with_blank_username_password

27-07-2024T09:55:23 - [TEST_STEP][PASSED] - openBrowser(Login_URL): Browser is opened with url: 'https://demo-store.katalon.com/signin'

27-07-2024T09:55:23 - [MESSAGE][INFO] - User set preference: ['os', 'windows']

27-07-2024T09:55:23 - [MESSAGE][INFO] - User set preference: ['browserVersion', '127']

27-07-2024T09:55:23 - [MESSAGE][INFO] - User set preference: ['browserName', 'chrome']

27-07-2024T09:55:23 - [MESSAGE][INFO] - User set preference: ['katalon:option', '{organizationId=1576976, usingTunnel=true}']

27-07-2024T09:55:23 - [MESSAGE][INFO] - Connecting to remote web server 'testcloud.katalon.com/hub' with type 'Selenium'

27-07-2024T09:55:23 - [MESSAGE][INFO] - Action delay is set to 0 milliseconds

27-07-2024T09:56:04 - [MESSAGE][PASSED] - Browser is opened with url: 'https://demo-store.katalon.com/signin'

27-07-2024T09:56:04 - [TEST_STEP][PASSED] - maximizeWindow(): Current window maximized

27-07-2024T09:56:05 - [MESSAGE][PASSED] - Current window maximized

27-07-2024T09:56:05 - [TEST_STEP][PASSED] - verifyElementPresent(findTestObject("Object Repository/Shopping Cart/Sign in/Sign_in_page"), 10): Object 'Object Repository/Shopping Cart/Sign in/Sign_in_page' is present

27-07-2024T09:56:06 - [MESSAGE][PASSED] - Object 'Object Repository/Shopping Cart/Sign in/Sign_in_page' is present

27-07-2024T09:56:06 - [TEST_STEP][PASSED] - setText(findTestObject("Object Repository/Shopping Cart/Sign in/Email_input"), ""): Text '' is set on object 'Object Repository/Shopping Cart/Sign in/Email_input'

27-07-2024T09:57:08 - [MESSAGE][PASSED] - Text '' is set on object 'Object Repository/Shopping Cart/Sign in/Email_input'

27-07-2024T09:57:08 - [TEST_STEP][PASSED] - setText(findTestObject("Object Repository/Shopping Cart/Sign in/Password_input"), ""): Text '' is set on object 'Object Repository/Shopping Cart/Sign in/Password_input'

27-07-2024T09:58:11 - [MESSAGE][PASSED] - Text '' is set on object 'Object Repository/Shopping Cart/Sign in/Password_input'

27-07-2024T09:58:11 - [TEST_STEP][PASSED] - click(findTestObject("Object Repository/Shopping Cart/Sign in/Signin_button")): Object: 'Object Repository/Shopping Cart/Sign in/Signin_button' is clicked on

27-07-2024T09:58:42 - [MESSAGE][PASSED] - Object: 'Object Repository/Shopping Cart/Sign in/Signin_button' is clicked on

27-07-2024T09:58:42 - [TEST_STEP][PASSED] - verifyElementPresent(findTestObject("Object Repository/Shopping Cart/Sign in/Email_error_message_lb"), 10): Object 'Object Repository/Shopping Cart/Sign in/Email_error_message_lb' is present

27-07-2024T09:59:13 - [MESSAGE][PASSED] - Object 'Object Repository/Shopping Cart/Sign in/Email_error_message_lb' is present

27-07-2024T09:59:13 - [TEST_STEP][PASSED] - verifyElementPresent(findTestObject("Object Repository/Shopping Cart/Sign in/Password_error_message_lb"), 10): Object 'Object Repository/Shopping Cart/Sign in/Password_error_message_lb' is present

27-07-2024T09:59:43 - [MESSAGE][PASSED] - Object 'Object Repository/Shopping Cart/Sign in/Password_error_message_lb' is present

27-07-2024T09:59:43 - [TEST_STEP][PASSED] - closeBrowser(): Browser is closed

27-07-2024T09:59:45 - [MESSAGE][PASSED] - Browser is closed]]></system-out>
         <system-err><![CDATA[]]></system-err>
      </testcase>
      <testcase name="Test Cases/Shopping Cart/Sign in/TC03_Login_with_incorrect_username_password" time="190.916" classname="Test Cases/Shopping Cart/Sign in/TC03_Login_with_incorrect_username_password" status="PASSED">
         <system-out><![CDATA[27-07-2024T10:04:38 - [TEST_CASE][PASSED] - Test Cases/Shopping Cart/Sign in/TC03_Login_with_incorrect_username_password: Test Cases/Shopping Cart/Sign in/TC03_Login_with_incorrect_username_password

27-07-2024T10:04:38 - [TEST_STEP][PASSED] - openBrowser(Login_URL): Browser is opened with url: 'https://demo-store.katalon.com/signin'

27-07-2024T10:04:38 - [MESSAGE][INFO] - User set preference: ['os', 'windows']

27-07-2024T10:04:38 - [MESSAGE][INFO] - User set preference: ['browserVersion', '127']

27-07-2024T10:04:38 - [MESSAGE][INFO] - User set preference: ['browserName', 'chrome']

27-07-2024T10:04:38 - [MESSAGE][INFO] - User set preference: ['katalon:option', '{organizationId=1576976, usingTunnel=true}']

27-07-2024T10:04:38 - [MESSAGE][INFO] - Connecting to remote web server 'testcloud.katalon.com/hub' with type 'Selenium'

27-07-2024T10:04:38 - [MESSAGE][INFO] - Action delay is set to 0 milliseconds

27-07-2024T10:05:08 - [MESSAGE][PASSED] - Browser is opened with url: 'https://demo-store.katalon.com/signin'

27-07-2024T10:05:08 - [TEST_STEP][PASSED] - maximizeWindow(): Current window maximized

27-07-2024T10:05:09 - [MESSAGE][PASSED] - Current window maximized

27-07-2024T10:05:09 - [TEST_STEP][PASSED] - verifyElementPresent(findTestObject("Object Repository/Shopping Cart/Sign in/Sign_in_page"), 10): Object 'Object Repository/Shopping Cart/Sign in/Sign_in_page' is present

27-07-2024T10:05:10 - [MESSAGE][PASSED] - Object 'Object Repository/Shopping Cart/Sign in/Sign_in_page' is present

27-07-2024T10:05:10 - [TEST_STEP][PASSED] - setText(findTestObject("Object Repository/Shopping Cart/Sign in/Email_input"), username): Text 'abc@gmail.com' is set on object 'Object Repository/Shopping Cart/Sign in/Email_input'

27-07-2024T10:06:13 - [MESSAGE][PASSED] - Text 'abc@gmail.com' is set on object 'Object Repository/Shopping Cart/Sign in/Email_input'

27-07-2024T10:06:13 - [TEST_STEP][PASSED] - setText(findTestObject("Object Repository/Shopping Cart/Sign in/Password_input"), password): Text 'Abcdef123' is set on object 'Object Repository/Shopping Cart/Sign in/Password_input'

27-07-2024T10:07:15 - [MESSAGE][PASSED] - Text 'Abcdef123' is set on object 'Object Repository/Shopping Cart/Sign in/Password_input'

27-07-2024T10:07:15 - [TEST_STEP][PASSED] - click(findTestObject("Object Repository/Shopping Cart/Sign in/Signin_button")): Object: 'Object Repository/Shopping Cart/Sign in/Signin_button' is clicked on

27-07-2024T10:07:46 - [MESSAGE][PASSED] - Object: 'Object Repository/Shopping Cart/Sign in/Signin_button' is clicked on

27-07-2024T10:07:46 - [TEST_STEP][PASSED] - verifyElementNotPresent(findTestObject("Object Repository/Shopping Cart/Dashboard/Dashboard_page"), 5): Web element with id: 'Object Repository/Shopping Cart/Dashboard/Dashboard_page' located by 'By.xpath: //*[contains(@class,'dashboard_box')]' is not present after '5' second(s)

27-07-2024T10:07:47 - [MESSAGE][PASSED] - Web element with id: 'Object Repository/Shopping Cart/Dashboard/Dashboard_page' located by 'By.xpath: //*[contains(@class,'dashboard_box')]' is not present after '5' second(s)

27-07-2024T10:07:47 - [TEST_STEP][PASSED] - closeBrowser(): Browser is closed

27-07-2024T10:07:49 - [MESSAGE][PASSED] - Browser is closed]]></system-out>
         <system-err><![CDATA[]]></system-err>
      </testcase>
      <testcase name="Test Cases/Shopping Cart/Sign in/TC04_Login_with_correct_username_password" time="247.239" classname="Test Cases/Shopping Cart/Sign in/TC04_Login_with_correct_username_password" status="PASSED">
         <system-out><![CDATA[27-07-2024T10:07:49 - [TEST_CASE][PASSED] - Test Cases/Shopping Cart/Sign in/TC04_Login_with_correct_username_password: Test Cases/Shopping Cart/Sign in/TC04_Login_with_correct_username_password

27-07-2024T10:07:49 - [TEST_STEP][PASSED] - openBrowser(Login_URL): Browser is opened with url: 'https://demo-store.katalon.com/signin'

27-07-2024T10:07:49 - [MESSAGE][INFO] - User set preference: ['os', 'windows']

27-07-2024T10:07:49 - [MESSAGE][INFO] - User set preference: ['browserVersion', '127']

27-07-2024T10:07:49 - [MESSAGE][INFO] - User set preference: ['browserName', 'chrome']

27-07-2024T10:07:49 - [MESSAGE][INFO] - User set preference: ['katalon:option', '{organizationId=1576976, usingTunnel=true}']

27-07-2024T10:07:49 - [MESSAGE][INFO] - Connecting to remote web server 'testcloud.katalon.com/hub' with type 'Selenium'

27-07-2024T10:07:49 - [MESSAGE][INFO] - Action delay is set to 0 milliseconds

27-07-2024T10:08:15 - [MESSAGE][PASSED] - Browser is opened with url: 'https://demo-store.katalon.com/signin'

27-07-2024T10:08:15 - [TEST_STEP][PASSED] - maximizeWindow(): Current window maximized

27-07-2024T10:08:15 - [MESSAGE][PASSED] - Current window maximized

27-07-2024T10:08:15 - [TEST_STEP][PASSED] - verifyElementPresent(findTestObject("Object Repository/Shopping Cart/Sign in/Sign_in_page"), 10): Object 'Object Repository/Shopping Cart/Sign in/Sign_in_page' is present

27-07-2024T10:08:18 - [MESSAGE][PASSED] - Object 'Object Repository/Shopping Cart/Sign in/Sign_in_page' is present

27-07-2024T10:08:18 - [TEST_STEP][PASSED] - setText(findTestObject("Object Repository/Shopping Cart/Sign in/Email_input"), username): Text 'quoc.huy.lu8960@gmail.com' is set on object 'Object Repository/Shopping Cart/Sign in/Email_input'

27-07-2024T10:09:20 - [MESSAGE][PASSED] - Text 'quoc.huy.lu8960@gmail.com' is set on object 'Object Repository/Shopping Cart/Sign in/Email_input'

27-07-2024T10:09:20 - [TEST_STEP][PASSED] - setText(findTestObject("Object Repository/Shopping Cart/Sign in/Password_input"), password): Text 'KatalonCerti123' is set on object 'Object Repository/Shopping Cart/Sign in/Password_input'

27-07-2024T10:10:23 - [MESSAGE][PASSED] - Text 'KatalonCerti123' is set on object 'Object Repository/Shopping Cart/Sign in/Password_input'

27-07-2024T10:10:23 - [TEST_STEP][PASSED] - click(findTestObject("Object Repository/Shopping Cart/Sign in/Signin_button")): Object: 'Object Repository/Shopping Cart/Sign in/Signin_button' is clicked on

27-07-2024T10:10:54 - [MESSAGE][PASSED] - Object: 'Object Repository/Shopping Cart/Sign in/Signin_button' is clicked on

27-07-2024T10:10:54 - [TEST_STEP][PASSED] - waitForElementPresent(findTestObject("Object Repository/Shopping Cart/Dashboard/Dashboard_page"), 10): Object 'Object Repository/Shopping Cart/Dashboard/Dashboard_page' is present

27-07-2024T10:11:24 - [MESSAGE][PASSED] - Object 'Object Repository/Shopping Cart/Dashboard/Dashboard_page' is present

27-07-2024T10:11:24 - [TEST_STEP][PASSED] - verifyElementPresent(findTestObject("Object Repository/Shopping Cart/Dashboard/Dashboard_page"), 10): Object 'Object Repository/Shopping Cart/Dashboard/Dashboard_page' is present

27-07-2024T10:11:55 - [MESSAGE][PASSED] - Object 'Object Repository/Shopping Cart/Dashboard/Dashboard_page' is present

27-07-2024T10:11:55 - [TEST_STEP][PASSED] - closeBrowser(): Browser is closed

27-07-2024T10:11:56 - [MESSAGE][PASSED] - Browser is closed]]></system-out>
         <system-err><![CDATA[]]></system-err>
      </testcase>
      <testcase name="Test Cases/Shopping Cart/Sign in/TC05_Login_page_success_via_Account_button" time="382.924" classname="Test Cases/Shopping Cart/Sign in/TC05_Login_page_success_via_Account_button" status="PASSED">
         <system-out><![CDATA[27-07-2024T10:11:56 - [TEST_CASE][PASSED] - Test Cases/Shopping Cart/Sign in/TC05_Login_page_success_via_Account_button: Test Cases/Shopping Cart/Sign in/TC05_Login_page_success_via_Account_button

27-07-2024T10:11:56 - [TEST_STEP][PASSED] - openBrowser(Dashborad_URL): Browser is opened with url: 'https://demo-store.katalon.com/'

27-07-2024T10:11:56 - [MESSAGE][INFO] - User set preference: ['os', 'windows']

27-07-2024T10:11:56 - [MESSAGE][INFO] - User set preference: ['browserVersion', '127']

27-07-2024T10:11:56 - [MESSAGE][INFO] - User set preference: ['browserName', 'chrome']

27-07-2024T10:11:56 - [MESSAGE][INFO] - User set preference: ['katalon:option', '{organizationId=1576976, usingTunnel=true}']

27-07-2024T10:11:56 - [MESSAGE][INFO] - Connecting to remote web server 'testcloud.katalon.com/hub' with type 'Selenium'

27-07-2024T10:11:56 - [MESSAGE][INFO] - Action delay is set to 0 milliseconds

27-07-2024T10:12:33 - [MESSAGE][PASSED] - Browser is opened with url: 'https://demo-store.katalon.com/'

27-07-2024T10:12:33 - [TEST_STEP][PASSED] - maximizeWindow(): Current window maximized

27-07-2024T10:12:38 - [MESSAGE][PASSED] - Current window maximized

27-07-2024T10:12:38 - [TEST_STEP][PASSED] - verifyElementPresent(findTestObject("Object Repository/Shopping Cart/Dashboard/Dashboard_page"), 10): Object 'Object Repository/Shopping Cart/Dashboard/Dashboard_page' is present

27-07-2024T10:13:08 - [MESSAGE][PASSED] - Object 'Object Repository/Shopping Cart/Dashboard/Dashboard_page' is present

27-07-2024T10:13:08 - [TEST_STEP][PASSED] - waitForElementPresent(findTestObject("Object Repository/Shopping Cart/Header/User_icon_logged_out"), 10): Object 'Object Repository/Shopping Cart/Header/User_icon_logged_out' is present

27-07-2024T10:13:39 - [MESSAGE][PASSED] - Object 'Object Repository/Shopping Cart/Header/User_icon_logged_out' is present

27-07-2024T10:13:39 - [TEST_STEP][PASSED] - click(findTestObject("Object Repository/Shopping Cart/Header/User_icon_logged_out")): Object: 'Object Repository/Shopping Cart/Header/User_icon_logged_out' is clicked on

27-07-2024T10:14:10 - [MESSAGE][PASSED] - Object: 'Object Repository/Shopping Cart/Header/User_icon_logged_out' is clicked on

27-07-2024T10:14:10 - [TEST_STEP][PASSED] - verifyElementPresent(findTestObject("Object Repository/Shopping Cart/Sign in/Sign_in_page"), 10): Object 'Object Repository/Shopping Cart/Sign in/Sign_in_page' is present

27-07-2024T10:14:41 - [MESSAGE][PASSED] - Object 'Object Repository/Shopping Cart/Sign in/Sign_in_page' is present

27-07-2024T10:14:41 - [TEST_STEP][PASSED] - setText(findTestObject("Object Repository/Shopping Cart/Sign in/Email_input"), username): Text 'quoc.huy.lu8960@gmail.com' is set on object 'Object Repository/Shopping Cart/Sign in/Email_input'

27-07-2024T10:15:43 - [MESSAGE][PASSED] - Text 'quoc.huy.lu8960@gmail.com' is set on object 'Object Repository/Shopping Cart/Sign in/Email_input'

27-07-2024T10:15:43 - [TEST_STEP][PASSED] - setText(findTestObject("Object Repository/Shopping Cart/Sign in/Password_input"), password): Text 'KatalonCerti123' is set on object 'Object Repository/Shopping Cart/Sign in/Password_input'

27-07-2024T10:16:45 - [MESSAGE][PASSED] - Text 'KatalonCerti123' is set on object 'Object Repository/Shopping Cart/Sign in/Password_input'

27-07-2024T10:16:45 - [TEST_STEP][PASSED] - click(findTestObject("Object Repository/Shopping Cart/Sign in/Signin_button")): Object: 'Object Repository/Shopping Cart/Sign in/Signin_button' is clicked on

27-07-2024T10:17:16 - [MESSAGE][PASSED] - Object: 'Object Repository/Shopping Cart/Sign in/Signin_button' is clicked on

27-07-2024T10:17:16 - [TEST_STEP][PASSED] - waitForElementPresent(findTestObject("Object Repository/Shopping Cart/Dashboard/Dashboard_page"), 10): Object 'Object Repository/Shopping Cart/Dashboard/Dashboard_page' is present

27-07-2024T10:17:47 - [MESSAGE][PASSED] - Object 'Object Repository/Shopping Cart/Dashboard/Dashboard_page' is present

27-07-2024T10:17:47 - [TEST_STEP][PASSED] - verifyElementPresent(findTestObject("Object Repository/Shopping Cart/Dashboard/Dashboard_page"), 10): Object 'Object Repository/Shopping Cart/Dashboard/Dashboard_page' is present

27-07-2024T10:18:18 - [MESSAGE][PASSED] - Object 'Object Repository/Shopping Cart/Dashboard/Dashboard_page' is present

27-07-2024T10:18:18 - [TEST_STEP][PASSED] - closeBrowser(): Browser is closed

27-07-2024T10:18:19 - [MESSAGE][PASSED] - Browser is closed]]></system-out>
         <system-err><![CDATA[]]></system-err>
      </testcase>
      <system-out><![CDATA[27-07-2024T09:40:01 - [TEST_SUITE][FAILED] - Sign in: Test Cases/Shopping Cart/Sign in/TC01_Fill_wrong_username_password_format FAILED.
Reason:
com.kms.katalon.core.exception.StepFailedException: Unable to open browser with url: 'https://demo-store.katalon.com/signin'
	at com.kms.katalon.core.webui.keyword.internal.WebUIKeywordMain.stepFailed(WebUIKeywordMain.groovy:64)
	at com.kms.katalon.core.webui.keyword.internal.WebUIKeywordMain.runKeyword(WebUIKeywordMain.groovy:26)
	at com.kms.katalon.core.webui.keyword.builtin.OpenBrowserKeyword.openBrowser(OpenBrowserKeyword.groovy:81)
	at com.kms.katalon.core.webui.keyword.builtin.OpenBrowserKeyword.execute(OpenBrowserKeyword.groovy:67)
	at com.kms.katalon.core.keyword.internal.KeywordExecutor.executeKeywordForPlatform(KeywordExecutor.groovy:74)
	at com.kms.katalon.core.webui.keyword.WebUiBuiltInKeywords.openBrowser(WebUiBuiltInKeywords.groovy:64)
	at TC01_Fill_wrong_username_password_format.run(TC01_Fill_wrong_username_password_format:20)
	at com.kms.katalon.core.main.ScriptEngine.run(ScriptEngine.java:194)
	at com.kms.katalon.core.main.ScriptEngine.runScriptAsRawText(ScriptEngine.java:119)
	at com.kms.katalon.core.main.TestCaseExecutor.runScript(TestCaseExecutor.java:448)
	at com.kms.katalon.core.main.TestCaseExecutor.doExecute(TestCaseExecutor.java:439)
	at com.kms.katalon.core.main.TestCaseExecutor.processExecutionPhase(TestCaseExecutor.java:418)
	at com.kms.katalon.core.main.TestCaseExecutor.accessMainPhase(TestCaseExecutor.java:410)
	at com.kms.katalon.core.main.TestCaseExecutor.execute(TestCaseExecutor.java:285)
	at com.kms.katalon.core.common.CommonExecutor.accessTestCaseMainPhase(CommonExecutor.java:65)
	at com.kms.katalon.core.main.TestSuiteExecutor.accessTestSuiteMainPhase(TestSuiteExecutor.java:150)
	at com.kms.katalon.core.main.TestSuiteExecutor.execute(TestSuiteExecutor.java:106)
	at com.kms.katalon.core.main.TestCaseMain.startTestSuite(TestCaseMain.java:180)
	at TempTestSuite1722047990851.run(TempTestSuite1722047990851.groovy:35)
	at java.base/jdk.internal.reflect.NativeMethodAccessorImpl.invoke0(Native Method)
	at java.base/jdk.internal.reflect.NativeMethodAccessorImpl.invoke(NativeMethodAccessorImpl.java:77)
	at java.base/jdk.internal.reflect.DelegatingMethodAccessorImpl.invoke(DelegatingMethodAccessorImpl.java:43)
Caused by: org.openqa.selenium.SessionNotCreatedException: Request is rejected
Build info: version: '3.141.59', revision: 'unknown', time: 'unknown'
System info: host: 'DESKTOP-26G4KH6', ip: '192.168.0.191', os.name: 'Windows 10', os.arch: 'amd64', os.version: '10.0', java.version: '17.0.7'
Driver info: driver.version: CRemoteWebDriver
remote stacktrace: 
	at java.base/jdk.internal.reflect.NativeConstructorAccessorImpl.newInstance0(Native Method)
	at java.base/jdk.internal.reflect.NativeConstructorAccessorImpl.newInstance(NativeConstructorAccessorImpl.java:77)
	at java.base/jdk.internal.reflect.DelegatingConstructorAccessorImpl.newInstance(DelegatingConstructorAccessorImpl.java:45)
	at org.openqa.selenium.remote.W3CHandshakeResponse.lambda$errorHandler$0(W3CHandshakeResponse.java:62)
	at org.openqa.selenium.remote.HandshakeResponse.lambda$getResponseFunction$0(HandshakeResponse.java:30)
	at org.openqa.selenium.remote.ProtocolHandshake.lambda$createSession$0(ProtocolHandshake.java:126)
	at org.openqa.selenium.remote.ProtocolHandshake.createSession(ProtocolHandshake.java:128)
	at org.openqa.selenium.remote.ProtocolHandshake.createSession(ProtocolHandshake.java:74)
	at org.openqa.selenium.remote.HttpCommandExecutor.execute(HttpCommandExecutor.java:136)
	at org.openqa.selenium.remote.RemoteWebDriver.execute(RemoteWebDriver.java:552)
	at com.kms.katalon.selenium.driver.CRemoteWebDriver.execute(CRemoteWebDriver.java:30)
	at org.openqa.selenium.remote.RemoteWebDriver.startSession(RemoteWebDriver.java:213)
	at org.openqa.selenium.remote.RemoteWebDriver.<init>(RemoteWebDriver.java:131)
	at com.kms.katalon.selenium.driver.CRemoteWebDriver.<init>(CRemoteWebDriver.java:20)
	at com.kms.katalon.core.webui.driver.DriverFactory.createNewRemoteWebDriver(DriverFactory.java:564)
	at com.kms.katalon.core.webui.driver.DriverFactory.startRemoteBrowser(DriverFactory.java:343)
	at com.kms.katalon.core.webui.driver.DriverFactory.openWebDriver(DriverFactory.java:269)
	at com.kms.katalon.core.webui.keyword.builtin.OpenBrowserKeyword$_openBrowser_closure1.doCall(OpenBrowserKeyword.groovy:74)
	at com.kms.katalon.core.webui.keyword.builtin.OpenBrowserKeyword$_openBrowser_closure1.call(OpenBrowserKeyword.groovy)
	at com.kms.katalon.core.webui.keyword.internal.WebUIKeywordMain.runKeyword(WebUIKeywordMain.groovy:20)
	... 20 more]]></system-out>
      <system-err><![CDATA[27-07-2024T09:40:01 - [TEST_SUITE][FAILED] - Sign in: Test Cases/Shopping Cart/Sign in/TC01_Fill_wrong_username_password_format FAILED.
Reason:
com.kms.katalon.core.exception.StepFailedException: Unable to open browser with url: 'https://demo-store.katalon.com/signin'
	at com.kms.katalon.core.webui.keyword.internal.WebUIKeywordMain.stepFailed(WebUIKeywordMain.groovy:64)
	at com.kms.katalon.core.webui.keyword.internal.WebUIKeywordMain.runKeyword(WebUIKeywordMain.groovy:26)
	at com.kms.katalon.core.webui.keyword.builtin.OpenBrowserKeyword.openBrowser(OpenBrowserKeyword.groovy:81)
	at com.kms.katalon.core.webui.keyword.builtin.OpenBrowserKeyword.execute(OpenBrowserKeyword.groovy:67)
	at com.kms.katalon.core.keyword.internal.KeywordExecutor.executeKeywordForPlatform(KeywordExecutor.groovy:74)
	at com.kms.katalon.core.webui.keyword.WebUiBuiltInKeywords.openBrowser(WebUiBuiltInKeywords.groovy:64)
	at TC01_Fill_wrong_username_password_format.run(TC01_Fill_wrong_username_password_format:20)
	at com.kms.katalon.core.main.ScriptEngine.run(ScriptEngine.java:194)
	at com.kms.katalon.core.main.ScriptEngine.runScriptAsRawText(ScriptEngine.java:119)
	at com.kms.katalon.core.main.TestCaseExecutor.runScript(TestCaseExecutor.java:448)
	at com.kms.katalon.core.main.TestCaseExecutor.doExecute(TestCaseExecutor.java:439)
	at com.kms.katalon.core.main.TestCaseExecutor.processExecutionPhase(TestCaseExecutor.java:418)
	at com.kms.katalon.core.main.TestCaseExecutor.accessMainPhase(TestCaseExecutor.java:410)
	at com.kms.katalon.core.main.TestCaseExecutor.execute(TestCaseExecutor.java:285)
	at com.kms.katalon.core.common.CommonExecutor.accessTestCaseMainPhase(CommonExecutor.java:65)
	at com.kms.katalon.core.main.TestSuiteExecutor.accessTestSuiteMainPhase(TestSuiteExecutor.java:150)
	at com.kms.katalon.core.main.TestSuiteExecutor.execute(TestSuiteExecutor.java:106)
	at com.kms.katalon.core.main.TestCaseMain.startTestSuite(TestCaseMain.java:180)
	at TempTestSuite1722047990851.run(TempTestSuite1722047990851.groovy:35)
	at java.base/jdk.internal.reflect.NativeMethodAccessorImpl.invoke0(Native Method)
	at java.base/jdk.internal.reflect.NativeMethodAccessorImpl.invoke(NativeMethodAccessorImpl.java:77)
	at java.base/jdk.internal.reflect.DelegatingMethodAccessorImpl.invoke(DelegatingMethodAccessorImpl.java:43)
Caused by: org.openqa.selenium.SessionNotCreatedException: Request is rejected
Build info: version: '3.141.59', revision: 'unknown', time: 'unknown'
System info: host: 'DESKTOP-26G4KH6', ip: '192.168.0.191', os.name: 'Windows 10', os.arch: 'amd64', os.version: '10.0', java.version: '17.0.7'
Driver info: driver.version: CRemoteWebDriver
remote stacktrace: 
	at java.base/jdk.internal.reflect.NativeConstructorAccessorImpl.newInstance0(Native Method)
	at java.base/jdk.internal.reflect.NativeConstructorAccessorImpl.newInstance(NativeConstructorAccessorImpl.java:77)
	at java.base/jdk.internal.reflect.DelegatingConstructorAccessorImpl.newInstance(DelegatingConstructorAccessorImpl.java:45)
	at org.openqa.selenium.remote.W3CHandshakeResponse.lambda$errorHandler$0(W3CHandshakeResponse.java:62)
	at org.openqa.selenium.remote.HandshakeResponse.lambda$getResponseFunction$0(HandshakeResponse.java:30)
	at org.openqa.selenium.remote.ProtocolHandshake.lambda$createSession$0(ProtocolHandshake.java:126)
	at org.openqa.selenium.remote.ProtocolHandshake.createSession(ProtocolHandshake.java:128)
	at org.openqa.selenium.remote.ProtocolHandshake.createSession(ProtocolHandshake.java:74)
	at org.openqa.selenium.remote.HttpCommandExecutor.execute(HttpCommandExecutor.java:136)
	at org.openqa.selenium.remote.RemoteWebDriver.execute(RemoteWebDriver.java:552)
	at com.kms.katalon.selenium.driver.CRemoteWebDriver.execute(CRemoteWebDriver.java:30)
	at org.openqa.selenium.remote.RemoteWebDriver.startSession(RemoteWebDriver.java:213)
	at org.openqa.selenium.remote.RemoteWebDriver.<init>(RemoteWebDriver.java:131)
	at com.kms.katalon.selenium.driver.CRemoteWebDriver.<init>(CRemoteWebDriver.java:20)
	at com.kms.katalon.core.webui.driver.DriverFactory.createNewRemoteWebDriver(DriverFactory.java:564)
	at com.kms.katalon.core.webui.driver.DriverFactory.startRemoteBrowser(DriverFactory.java:343)
	at com.kms.katalon.core.webui.driver.DriverFactory.openWebDriver(DriverFactory.java:269)
	at com.kms.katalon.core.webui.keyword.builtin.OpenBrowserKeyword$_openBrowser_closure1.doCall(OpenBrowserKeyword.groovy:74)
	at com.kms.katalon.core.webui.keyword.builtin.OpenBrowserKeyword$_openBrowser_closure1.call(OpenBrowserKeyword.groovy)
	at com.kms.katalon.core.webui.keyword.internal.WebUIKeywordMain.runKeyword(WebUIKeywordMain.groovy:20)
	... 20 more]]></system-err>
   </testsuite>
   <testsuite name="Sign up" tests="10" failures="0" errors="0" time="452.713" skipped="0" timestamp="27-07-2024T10:18:32" hostname="Admin - DESKTOP-26G4KH6" id="Test Suites/Shopping Cart/Sign up/Sign up">
      <properties>
         <property name="deviceName"/>
         <property name="devicePlatform" value="MAC"/>
         <property name="logFolder" value="C:\\Users\\Admin\\git\\Katalon-certification\\Reports\\20240727_093949\\Shopping Cart\\Sign up\\Sign up\\20240727_093952"/>
         <property name="logFiles" value="C:\\Users\\Admin\\git\\Katalon-certification\\Reports\\20240727_093949\\Shopping Cart\\Sign up\\Sign up\\20240727_093952\\execution0.log"/>
         <property name="attachments" value=""/>
         <property name="hostName" value="Admin - DESKTOP-26G4KH6"/>
         <property name="remoteDriverUrl" value="testcloud.katalon.com/hub"/>
         <property name="desiredCapabilities" value="{&#xa;  &quot;safari:diagnose&quot;: false,&#xa;  &quot;kt:rid&quot;: &quot;e20144ca-6ff6-4f1f-9b75-5d123540dcf9&quot;,&#xa;  &quot;se:cdpEnabled&quot;: false,&#xa;  &quot;strictFileInteractability&quot;: false,&#xa;  &quot;***:loadExtension&quot;: [&#xa;    &quot;https://prod-magicleap-user-files-us-east-1-v1.s3.amazonaws.com/extensions/orgId-691279/SmartWait.zip&quot;&#xa;  ],&#xa;  &quot;platform&quot;: &quot;MAC&quot;,&#xa;  &quot;se:bidiEnabled&quot;: false,&#xa;  &quot;proxy&quot;: {&#xa;    &quot;proxyType&quot;: &quot;PAC&quot;,&#xa;    &quot;autodetect&quot;: false,&#xa;    &quot;proxyAutoconfigUrl&quot;: &quot;http://tunnel-manager-internal.katalon.com/pac/a5b2e99c-302d-450f-9464-dd0b137fb229.pac&quot;&#xa;  },&#xa;  &quot;safari:automaticProfiling&quot;: false,&#xa;  &quot;safari:platformBuildVersion&quot;: &quot;23E214&quot;,&#xa;  &quot;acceptInsecureCerts&quot;: false,&#xa;  &quot;browserVersion&quot;: &quot;17&quot;,&#xa;  &quot;safari:useSimulator&quot;: false,&#xa;  &quot;webkit:WebRTC&quot;: {&#xa;    &quot;DisableICECandidateFiltering&quot;: false,&#xa;    &quot;DisableInsecureMediaCapture&quot;: false&#xa;  },&#xa;  &quot;kt:requestId&quot;: &quot;e20144ca-6ff6-4f1f-9b75-5d123540dcf9&quot;,&#xa;  &quot;safari:platformVersion&quot;: &quot;14.4&quot;,&#xa;  &quot;browserName&quot;: &quot;Safari&quot;,&#xa;  &quot;javascriptEnabled&quot;: true,&#xa;  &quot;katalon:option&quot;: {&#xa;    &quot;apiKey&quot;: &quot;4325c767-d65e-4f41-a4c1-bee4a86546dc&quot;,&#xa;    &quot;tunnelMetadataId&quot;: &quot;a5b2e99c-302d-450f-9464-dd0b137fb229&quot;,&#xa;    &quot;userId&quot;: 1544065,&#xa;    &quot;organizationId&quot;: &quot;1576976&quot;,&#xa;    &quot;runFromTestCloud&quot;: true,&#xa;    &quot;tenant&quot;: &quot;TestOps&quot;,&#xa;    &quot;usingTunnel&quot;: true,&#xa;    &quot;group&quot;: &quot;59ab00fe-3356-4744-937b-0978994afb56&quot;&#xa;  },&#xa;  &quot;safari:automaticInspection&quot;: false,&#xa;  &quot;platformName&quot;: &quot;MAC&quot;,&#xa;  &quot;setWindowRect&quot;: true&#xa;}"/>
         <property name="os" value="Windows 10 64bit"/>
         <property name="remoteOS" value="macOS"/>
         <property name="katalonVersion" value="9.6.0.217"/>
         <property name="browser" value="Safari 17"/>
         <property name="hostAddress" value="192.168.0.191"/>
         <property name="sessionId" value="49A2CE9B-7A13-4059-905F-9E8985A1AA78"/>
         <property name="seleniumVersion" value="3.141.59"/>
         <property name="proxyInformation" value="ProxyInformation { proxyOption=NO_PROXY, proxyServerType=HTTP, username=, password=********, proxyServerAddress=, proxyServerPort=0, executionList=&quot;&quot;, isApplyToDesiredCapabilities=true }"/>
         <property name="platform" value="Windows 10"/>
      </properties>
      <testcase name="Test Cases/Shopping Cart/Sign up/TC18_Fill_wrong_email_format" time="56.931" classname="Test Cases/Shopping Cart/Sign up/TC18_Fill_wrong_email_format" status="PASSED">
         <system-out><![CDATA[27-07-2024T10:18:32 - [TEST_CASE][PASSED] - Test Cases/Shopping Cart/Sign up/TC18_Fill_wrong_email_format: Test Cases/Shopping Cart/Sign up/TC18_Fill_wrong_email_format

27-07-2024T10:18:32 - [TEST_STEP][PASSED] - openBrowser(Signup_URL): Browser is opened with url: 'https://demo-store.katalon.com/signup'

27-07-2024T10:18:33 - [MESSAGE][INFO] - User set preference: ['os', 'macos']

27-07-2024T10:18:33 - [MESSAGE][INFO] - User set preference: ['browserVersion', '17']

27-07-2024T10:18:33 - [MESSAGE][INFO] - User set preference: ['browserName', 'safari']

27-07-2024T10:18:33 - [MESSAGE][INFO] - User set preference: ['katalon:option', '{organizationId=1576976, usingTunnel=true}']

27-07-2024T10:18:33 - [MESSAGE][INFO] - Connecting to remote web server 'testcloud.katalon.com/hub' with type 'Selenium'

27-07-2024T10:18:33 - [MESSAGE][INFO] - Action delay is set to 0 milliseconds

27-07-2024T10:19:22 - [MESSAGE][PASSED] - Browser is opened with url: 'https://demo-store.katalon.com/signup'

27-07-2024T10:19:22 - [TEST_STEP][PASSED] - maximizeWindow(): Current window maximized

27-07-2024T10:19:22 - [MESSAGE][PASSED] - Current window maximized

27-07-2024T10:19:22 - [TEST_STEP][PASSED] - verifyElementPresent(findTestObject("Object Repository/Shopping Cart/Sign up/Sign_up_page"), 5): Object 'Object Repository/Shopping Cart/Sign up/Sign_up_page' is present

27-07-2024T10:19:23 - [MESSAGE][PASSED] - Object 'Object Repository/Shopping Cart/Sign up/Sign_up_page' is present

27-07-2024T10:19:23 - [TEST_STEP][PASSED] - setText(findTestObject("Object Repository/Shopping Cart/Sign up/Email_input"), username): Text 'abc' is set on object 'Object Repository/Shopping Cart/Sign up/Email_input'

27-07-2024T10:19:25 - [MESSAGE][PASSED] - Text 'abc' is set on object 'Object Repository/Shopping Cart/Sign up/Email_input'

27-07-2024T10:19:25 - [TEST_STEP][PASSED] - sendKeys(findTestObject("Object Repository/Shopping Cart/Sign up/Email_input"), Keys.chord(TAB)): Keys 'TAB + ' sent to object: 'Object Repository/Shopping Cart/Sign up/Email_input'

27-07-2024T10:19:26 - [MESSAGE][PASSED] - Keys 'TAB + ' sent to object: 'Object Repository/Shopping Cart/Sign up/Email_input'

27-07-2024T10:19:26 - [TEST_STEP][PASSED] - verifyElementPresent(findTestObject("Object Repository/Shopping Cart/Sign up/Email_error_message_lb"), 5): Object 'Object Repository/Shopping Cart/Sign up/Email_error_message_lb' is present

27-07-2024T10:19:27 - [MESSAGE][PASSED] - Object 'Object Repository/Shopping Cart/Sign up/Email_error_message_lb' is present

27-07-2024T10:19:27 - [TEST_STEP][PASSED] - Actual_email_error = getText(findTestObject("Object Repository/Shopping Cart/Sign up/Email_error_message_lb")): Text of object 'Object Repository/Shopping Cart/Sign up/Email_error_message_lb' is: 'invalid email'

27-07-2024T10:19:28 - [MESSAGE][PASSED] - Text of object 'Object Repository/Shopping Cart/Sign up/Email_error_message_lb' is: 'invalid email'

27-07-2024T10:19:28 - [TEST_STEP][PASSED] - verifyEqual(Actual_email_error, expec_email_error): Actual object 'invalid email' and expected object 'invalid email' are equal

27-07-2024T10:19:28 - [MESSAGE][PASSED] - Actual object 'invalid email' and expected object 'invalid email' are equal

27-07-2024T10:19:28 - [TEST_STEP][PASSED] - closeBrowser(): Browser is closed

27-07-2024T10:19:29 - [MESSAGE][PASSED] - Browser is closed]]></system-out>
         <system-err><![CDATA[]]></system-err>
      </testcase>
      <testcase name="Test Cases/Shopping Cart/Sign up/TC18_Fill_wrong_email_format" time="51.725" classname="Test Cases/Shopping Cart/Sign up/TC18_Fill_wrong_email_format" status="PASSED">
         <system-out><![CDATA[27-07-2024T10:19:29 - [TEST_CASE][PASSED] - Test Cases/Shopping Cart/Sign up/TC18_Fill_wrong_email_format: Test Cases/Shopping Cart/Sign up/TC18_Fill_wrong_email_format

27-07-2024T10:19:29 - [TEST_STEP][PASSED] - openBrowser(Signup_URL): Browser is opened with url: 'https://demo-store.katalon.com/signup'

27-07-2024T10:19:29 - [MESSAGE][INFO] - User set preference: ['os', 'macos']

27-07-2024T10:19:29 - [MESSAGE][INFO] - User set preference: ['browserVersion', '17']

27-07-2024T10:19:29 - [MESSAGE][INFO] - User set preference: ['browserName', 'safari']

27-07-2024T10:19:29 - [MESSAGE][INFO] - User set preference: ['katalon:option', '{organizationId=1576976, usingTunnel=true}']

27-07-2024T10:19:29 - [MESSAGE][INFO] - Connecting to remote web server 'testcloud.katalon.com/hub' with type 'Selenium'

27-07-2024T10:19:29 - [MESSAGE][INFO] - Action delay is set to 0 milliseconds

27-07-2024T10:20:13 - [MESSAGE][PASSED] - Browser is opened with url: 'https://demo-store.katalon.com/signup'

27-07-2024T10:20:13 - [TEST_STEP][PASSED] - maximizeWindow(): Current window maximized

27-07-2024T10:20:14 - [MESSAGE][PASSED] - Current window maximized

27-07-2024T10:20:14 - [TEST_STEP][PASSED] - verifyElementPresent(findTestObject("Object Repository/Shopping Cart/Sign up/Sign_up_page"), 5): Object 'Object Repository/Shopping Cart/Sign up/Sign_up_page' is present

27-07-2024T10:20:14 - [MESSAGE][PASSED] - Object 'Object Repository/Shopping Cart/Sign up/Sign_up_page' is present

27-07-2024T10:20:14 - [TEST_STEP][PASSED] - setText(findTestObject("Object Repository/Shopping Cart/Sign up/Email_input"), username): Text 'avgff@' is set on object 'Object Repository/Shopping Cart/Sign up/Email_input'

27-07-2024T10:20:17 - [MESSAGE][PASSED] - Text 'avgff@' is set on object 'Object Repository/Shopping Cart/Sign up/Email_input'

27-07-2024T10:20:17 - [TEST_STEP][PASSED] - sendKeys(findTestObject("Object Repository/Shopping Cart/Sign up/Email_input"), Keys.chord(TAB)): Keys 'TAB + ' sent to object: 'Object Repository/Shopping Cart/Sign up/Email_input'

27-07-2024T10:20:18 - [MESSAGE][PASSED] - Keys 'TAB + ' sent to object: 'Object Repository/Shopping Cart/Sign up/Email_input'

27-07-2024T10:20:18 - [TEST_STEP][PASSED] - verifyElementPresent(findTestObject("Object Repository/Shopping Cart/Sign up/Email_error_message_lb"), 5): Object 'Object Repository/Shopping Cart/Sign up/Email_error_message_lb' is present

27-07-2024T10:20:18 - [MESSAGE][PASSED] - Object 'Object Repository/Shopping Cart/Sign up/Email_error_message_lb' is present

27-07-2024T10:20:18 - [TEST_STEP][PASSED] - Actual_email_error = getText(findTestObject("Object Repository/Shopping Cart/Sign up/Email_error_message_lb")): Text of object 'Object Repository/Shopping Cart/Sign up/Email_error_message_lb' is: 'invalid email'

27-07-2024T10:20:19 - [MESSAGE][PASSED] - Text of object 'Object Repository/Shopping Cart/Sign up/Email_error_message_lb' is: 'invalid email'

27-07-2024T10:20:19 - [TEST_STEP][PASSED] - verifyEqual(Actual_email_error, expec_email_error): Actual object 'invalid email' and expected object 'invalid email' are equal

27-07-2024T10:20:19 - [MESSAGE][PASSED] - Actual object 'invalid email' and expected object 'invalid email' are equal

27-07-2024T10:20:19 - [TEST_STEP][PASSED] - closeBrowser(): Browser is closed

27-07-2024T10:20:21 - [MESSAGE][PASSED] - Browser is closed]]></system-out>
         <system-err><![CDATA[]]></system-err>
      </testcase>
      <testcase name="Test Cases/Shopping Cart/Sign up/TC18_Fill_wrong_email_format" time="45.31" classname="Test Cases/Shopping Cart/Sign up/TC18_Fill_wrong_email_format" status="PASSED">
         <system-out><![CDATA[27-07-2024T10:20:21 - [TEST_CASE][PASSED] - Test Cases/Shopping Cart/Sign up/TC18_Fill_wrong_email_format: Test Cases/Shopping Cart/Sign up/TC18_Fill_wrong_email_format

27-07-2024T10:20:21 - [TEST_STEP][PASSED] - openBrowser(Signup_URL): Browser is opened with url: 'https://demo-store.katalon.com/signup'

27-07-2024T10:20:21 - [MESSAGE][INFO] - User set preference: ['os', 'macos']

27-07-2024T10:20:21 - [MESSAGE][INFO] - User set preference: ['browserVersion', '17']

27-07-2024T10:20:21 - [MESSAGE][INFO] - User set preference: ['browserName', 'safari']

27-07-2024T10:20:21 - [MESSAGE][INFO] - User set preference: ['katalon:option', '{organizationId=1576976, usingTunnel=true}']

27-07-2024T10:20:21 - [MESSAGE][INFO] - Connecting to remote web server 'testcloud.katalon.com/hub' with type 'Selenium'

27-07-2024T10:20:21 - [MESSAGE][INFO] - Action delay is set to 0 milliseconds

27-07-2024T10:20:59 - [MESSAGE][PASSED] - Browser is opened with url: 'https://demo-store.katalon.com/signup'

27-07-2024T10:20:59 - [TEST_STEP][PASSED] - maximizeWindow(): Current window maximized

27-07-2024T10:20:59 - [MESSAGE][PASSED] - Current window maximized

27-07-2024T10:20:59 - [TEST_STEP][PASSED] - verifyElementPresent(findTestObject("Object Repository/Shopping Cart/Sign up/Sign_up_page"), 5): Object 'Object Repository/Shopping Cart/Sign up/Sign_up_page' is present

27-07-2024T10:21:00 - [MESSAGE][PASSED] - Object 'Object Repository/Shopping Cart/Sign up/Sign_up_page' is present

27-07-2024T10:21:00 - [TEST_STEP][PASSED] - setText(findTestObject("Object Repository/Shopping Cart/Sign up/Email_input"), username): Text 'avgff@com' is set on object 'Object Repository/Shopping Cart/Sign up/Email_input'

27-07-2024T10:21:02 - [MESSAGE][PASSED] - Text 'avgff@com' is set on object 'Object Repository/Shopping Cart/Sign up/Email_input'

27-07-2024T10:21:02 - [TEST_STEP][PASSED] - sendKeys(findTestObject("Object Repository/Shopping Cart/Sign up/Email_input"), Keys.chord(TAB)): Keys 'TAB + ' sent to object: 'Object Repository/Shopping Cart/Sign up/Email_input'

27-07-2024T10:21:03 - [MESSAGE][PASSED] - Keys 'TAB + ' sent to object: 'Object Repository/Shopping Cart/Sign up/Email_input'

27-07-2024T10:21:03 - [TEST_STEP][PASSED] - verifyElementPresent(findTestObject("Object Repository/Shopping Cart/Sign up/Email_error_message_lb"), 5): Object 'Object Repository/Shopping Cart/Sign up/Email_error_message_lb' is present

27-07-2024T10:21:04 - [MESSAGE][PASSED] - Object 'Object Repository/Shopping Cart/Sign up/Email_error_message_lb' is present

27-07-2024T10:21:04 - [TEST_STEP][PASSED] - Actual_email_error = getText(findTestObject("Object Repository/Shopping Cart/Sign up/Email_error_message_lb")): Text of object 'Object Repository/Shopping Cart/Sign up/Email_error_message_lb' is: 'invalid email'

27-07-2024T10:21:05 - [MESSAGE][PASSED] - Text of object 'Object Repository/Shopping Cart/Sign up/Email_error_message_lb' is: 'invalid email'

27-07-2024T10:21:05 - [TEST_STEP][PASSED] - verifyEqual(Actual_email_error, expec_email_error): Actual object 'invalid email' and expected object 'invalid email' are equal

27-07-2024T10:21:05 - [MESSAGE][PASSED] - Actual object 'invalid email' and expected object 'invalid email' are equal

27-07-2024T10:21:05 - [TEST_STEP][PASSED] - closeBrowser(): Browser is closed

27-07-2024T10:21:06 - [MESSAGE][PASSED] - Browser is closed]]></system-out>
         <system-err><![CDATA[]]></system-err>
      </testcase>
      <testcase name="Test Cases/Shopping Cart/Sign up/TC19_Fill_wrong_password_rule" time="34.117" classname="Test Cases/Shopping Cart/Sign up/TC19_Fill_wrong_password_rule" status="PASSED">
         <system-out><![CDATA[27-07-2024T10:21:06 - [TEST_CASE][PASSED] - Test Cases/Shopping Cart/Sign up/TC19_Fill_wrong_password_rule: Test Cases/Shopping Cart/Sign up/TC19_Fill_wrong_password_rule

27-07-2024T10:21:06 - [TEST_STEP][PASSED] - openBrowser(Signup_URL): Browser is opened with url: 'https://demo-store.katalon.com/signup'

27-07-2024T10:21:06 - [MESSAGE][INFO] - User set preference: ['os', 'macos']

27-07-2024T10:21:06 - [MESSAGE][INFO] - User set preference: ['browserVersion', '17']

27-07-2024T10:21:06 - [MESSAGE][INFO] - User set preference: ['browserName', 'safari']

27-07-2024T10:21:06 - [MESSAGE][INFO] - User set preference: ['katalon:option', '{organizationId=1576976, usingTunnel=true}']

27-07-2024T10:21:06 - [MESSAGE][INFO] - Connecting to remote web server 'testcloud.katalon.com/hub' with type 'Selenium'

27-07-2024T10:21:06 - [MESSAGE][INFO] - Action delay is set to 0 milliseconds

27-07-2024T10:21:33 - [MESSAGE][PASSED] - Browser is opened with url: 'https://demo-store.katalon.com/signup'

27-07-2024T10:21:33 - [TEST_STEP][PASSED] - maximizeWindow(): Current window maximized

27-07-2024T10:21:33 - [MESSAGE][PASSED] - Current window maximized

27-07-2024T10:21:33 - [TEST_STEP][PASSED] - verifyElementPresent(findTestObject("Object Repository/Shopping Cart/Sign up/Sign_up_page"), 5): Object 'Object Repository/Shopping Cart/Sign up/Sign_up_page' is present

27-07-2024T10:21:34 - [MESSAGE][PASSED] - Object 'Object Repository/Shopping Cart/Sign up/Sign_up_page' is present

27-07-2024T10:21:34 - [TEST_STEP][PASSED] - setText(findTestObject("Object Repository/Shopping Cart/Sign up/Password_input"), password): Text 'def' is set on object 'Object Repository/Shopping Cart/Sign up/Password_input'

27-07-2024T10:21:36 - [MESSAGE][PASSED] - Text 'def' is set on object 'Object Repository/Shopping Cart/Sign up/Password_input'

27-07-2024T10:21:36 - [TEST_STEP][PASSED] - sendKeys(findTestObject("Object Repository/Shopping Cart/Sign up/Password_input"), Keys.chord(TAB)): Keys 'TAB + ' sent to object: 'Object Repository/Shopping Cart/Sign up/Password_input'

27-07-2024T10:21:38 - [MESSAGE][PASSED] - Keys 'TAB + ' sent to object: 'Object Repository/Shopping Cart/Sign up/Password_input'

27-07-2024T10:21:38 - [TEST_STEP][PASSED] - verifyElementPresent(findTestObject("Object Repository/Shopping Cart/Sign up/Password_error_message_lb"), 5): Object 'Object Repository/Shopping Cart/Sign up/Password_error_message_lb' is present

27-07-2024T10:21:38 - [MESSAGE][PASSED] - Object 'Object Repository/Shopping Cart/Sign up/Password_error_message_lb' is present

27-07-2024T10:21:38 - [TEST_STEP][PASSED] - Actual_password_error = getText(findTestObject("Object Repository/Shopping Cart/Sign up/Password_error_message_lb")): Text of object 'Object Repository/Shopping Cart/Sign up/Password_error_message_lb' is: 'password has to be 6-15 letter'

27-07-2024T10:21:39 - [MESSAGE][PASSED] - Text of object 'Object Repository/Shopping Cart/Sign up/Password_error_message_lb' is: 'password has to be 6-15 letter'

27-07-2024T10:21:39 - [TEST_STEP][PASSED] - verifyEqual(Actual_password_error, expec_password_error): Actual object 'password has to be 6-15 letter' and expected object 'password has to be 6-15 letter' are equal

27-07-2024T10:21:39 - [MESSAGE][PASSED] - Actual object 'password has to be 6-15 letter' and expected object 'password has to be 6-15 letter' are equal

27-07-2024T10:21:39 - [TEST_STEP][PASSED] - closeBrowser(): Browser is closed

27-07-2024T10:21:40 - [MESSAGE][PASSED] - Browser is closed]]></system-out>
         <system-err><![CDATA[]]></system-err>
      </testcase>
      <testcase name="Test Cases/Shopping Cart/Sign up/TC19_Fill_wrong_password_rule" time="49.27" classname="Test Cases/Shopping Cart/Sign up/TC19_Fill_wrong_password_rule" status="PASSED">
         <system-out><![CDATA[27-07-2024T10:21:40 - [TEST_CASE][PASSED] - Test Cases/Shopping Cart/Sign up/TC19_Fill_wrong_password_rule: Test Cases/Shopping Cart/Sign up/TC19_Fill_wrong_password_rule

27-07-2024T10:21:40 - [TEST_STEP][PASSED] - openBrowser(Signup_URL): Browser is opened with url: 'https://demo-store.katalon.com/signup'

27-07-2024T10:21:40 - [MESSAGE][INFO] - User set preference: ['os', 'macos']

27-07-2024T10:21:40 - [MESSAGE][INFO] - User set preference: ['browserVersion', '17']

27-07-2024T10:21:40 - [MESSAGE][INFO] - User set preference: ['browserName', 'safari']

27-07-2024T10:21:40 - [MESSAGE][INFO] - User set preference: ['katalon:option', '{organizationId=1576976, usingTunnel=true}']

27-07-2024T10:21:40 - [MESSAGE][INFO] - Connecting to remote web server 'testcloud.katalon.com/hub' with type 'Selenium'

27-07-2024T10:21:40 - [MESSAGE][INFO] - Action delay is set to 0 milliseconds

27-07-2024T10:22:22 - [MESSAGE][PASSED] - Browser is opened with url: 'https://demo-store.katalon.com/signup'

27-07-2024T10:22:22 - [TEST_STEP][PASSED] - maximizeWindow(): Current window maximized

27-07-2024T10:22:23 - [MESSAGE][PASSED] - Current window maximized

27-07-2024T10:22:23 - [TEST_STEP][PASSED] - verifyElementPresent(findTestObject("Object Repository/Shopping Cart/Sign up/Sign_up_page"), 5): Object 'Object Repository/Shopping Cart/Sign up/Sign_up_page' is present

27-07-2024T10:22:23 - [MESSAGE][PASSED] - Object 'Object Repository/Shopping Cart/Sign up/Sign_up_page' is present

27-07-2024T10:22:23 - [TEST_STEP][PASSED] - setText(findTestObject("Object Repository/Shopping Cart/Sign up/Password_input"), password): Text 'abcdef' is set on object 'Object Repository/Shopping Cart/Sign up/Password_input'

27-07-2024T10:22:26 - [MESSAGE][PASSED] - Text 'abcdef' is set on object 'Object Repository/Shopping Cart/Sign up/Password_input'

27-07-2024T10:22:26 - [TEST_STEP][PASSED] - sendKeys(findTestObject("Object Repository/Shopping Cart/Sign up/Password_input"), Keys.chord(TAB)): Keys 'TAB + ' sent to object: 'Object Repository/Shopping Cart/Sign up/Password_input'

27-07-2024T10:22:27 - [MESSAGE][PASSED] - Keys 'TAB + ' sent to object: 'Object Repository/Shopping Cart/Sign up/Password_input'

27-07-2024T10:22:27 - [TEST_STEP][PASSED] - verifyElementPresent(findTestObject("Object Repository/Shopping Cart/Sign up/Password_error_message_lb"), 5): Object 'Object Repository/Shopping Cart/Sign up/Password_error_message_lb' is present

27-07-2024T10:22:27 - [MESSAGE][PASSED] - Object 'Object Repository/Shopping Cart/Sign up/Password_error_message_lb' is present

27-07-2024T10:22:27 - [TEST_STEP][PASSED] - Actual_password_error = getText(findTestObject("Object Repository/Shopping Cart/Sign up/Password_error_message_lb")): Text of object 'Object Repository/Shopping Cart/Sign up/Password_error_message_lb' is: 'at least one upper case'

27-07-2024T10:22:28 - [MESSAGE][PASSED] - Text of object 'Object Repository/Shopping Cart/Sign up/Password_error_message_lb' is: 'at least one upper case'

27-07-2024T10:22:28 - [TEST_STEP][PASSED] - verifyEqual(Actual_password_error, expec_password_error): Actual object 'at least one upper case' and expected object 'at least one upper case' are equal

27-07-2024T10:22:28 - [MESSAGE][PASSED] - Actual object 'at least one upper case' and expected object 'at least one upper case' are equal

27-07-2024T10:22:28 - [TEST_STEP][PASSED] - closeBrowser(): Browser is closed

27-07-2024T10:22:29 - [MESSAGE][PASSED] - Browser is closed]]></system-out>
         <system-err><![CDATA[]]></system-err>
      </testcase>
      <testcase name="Test Cases/Shopping Cart/Sign up/TC19_Fill_wrong_password_rule" time="47.14" classname="Test Cases/Shopping Cart/Sign up/TC19_Fill_wrong_password_rule" status="PASSED">
         <system-out><![CDATA[27-07-2024T10:22:30 - [TEST_CASE][PASSED] - Test Cases/Shopping Cart/Sign up/TC19_Fill_wrong_password_rule: Test Cases/Shopping Cart/Sign up/TC19_Fill_wrong_password_rule

27-07-2024T10:22:30 - [TEST_STEP][PASSED] - openBrowser(Signup_URL): Browser is opened with url: 'https://demo-store.katalon.com/signup'

27-07-2024T10:22:30 - [MESSAGE][INFO] - User set preference: ['os', 'macos']

27-07-2024T10:22:30 - [MESSAGE][INFO] - User set preference: ['browserVersion', '17']

27-07-2024T10:22:30 - [MESSAGE][INFO] - User set preference: ['browserName', 'safari']

27-07-2024T10:22:30 - [MESSAGE][INFO] - User set preference: ['katalon:option', '{organizationId=1576976, usingTunnel=true}']

27-07-2024T10:22:30 - [MESSAGE][INFO] - Connecting to remote web server 'testcloud.katalon.com/hub' with type 'Selenium'

27-07-2024T10:22:30 - [MESSAGE][INFO] - Action delay is set to 0 milliseconds

27-07-2024T10:23:09 - [MESSAGE][PASSED] - Browser is opened with url: 'https://demo-store.katalon.com/signup'

27-07-2024T10:23:09 - [TEST_STEP][PASSED] - maximizeWindow(): Current window maximized

27-07-2024T10:23:10 - [MESSAGE][PASSED] - Current window maximized

27-07-2024T10:23:10 - [TEST_STEP][PASSED] - verifyElementPresent(findTestObject("Object Repository/Shopping Cart/Sign up/Sign_up_page"), 5): Object 'Object Repository/Shopping Cart/Sign up/Sign_up_page' is present

27-07-2024T10:23:10 - [MESSAGE][PASSED] - Object 'Object Repository/Shopping Cart/Sign up/Sign_up_page' is present

27-07-2024T10:23:10 - [TEST_STEP][PASSED] - setText(findTestObject("Object Repository/Shopping Cart/Sign up/Password_input"), password): Text 'ABC123' is set on object 'Object Repository/Shopping Cart/Sign up/Password_input'

27-07-2024T10:23:13 - [MESSAGE][PASSED] - Text 'ABC123' is set on object 'Object Repository/Shopping Cart/Sign up/Password_input'

27-07-2024T10:23:13 - [TEST_STEP][PASSED] - sendKeys(findTestObject("Object Repository/Shopping Cart/Sign up/Password_input"), Keys.chord(TAB)): Keys 'TAB + ' sent to object: 'Object Repository/Shopping Cart/Sign up/Password_input'

27-07-2024T10:23:14 - [MESSAGE][PASSED] - Keys 'TAB + ' sent to object: 'Object Repository/Shopping Cart/Sign up/Password_input'

27-07-2024T10:23:14 - [TEST_STEP][PASSED] - verifyElementPresent(findTestObject("Object Repository/Shopping Cart/Sign up/Password_error_message_lb"), 5): Object 'Object Repository/Shopping Cart/Sign up/Password_error_message_lb' is present

27-07-2024T10:23:14 - [MESSAGE][PASSED] - Object 'Object Repository/Shopping Cart/Sign up/Password_error_message_lb' is present

27-07-2024T10:23:14 - [TEST_STEP][PASSED] - Actual_password_error = getText(findTestObject("Object Repository/Shopping Cart/Sign up/Password_error_message_lb")): Text of object 'Object Repository/Shopping Cart/Sign up/Password_error_message_lb' is: 'at least one lower case'

27-07-2024T10:23:15 - [MESSAGE][PASSED] - Text of object 'Object Repository/Shopping Cart/Sign up/Password_error_message_lb' is: 'at least one lower case'

27-07-2024T10:23:15 - [TEST_STEP][PASSED] - verifyEqual(Actual_password_error, expec_password_error): Actual object 'at least one lower case' and expected object 'at least one lower case' are equal

27-07-2024T10:23:15 - [MESSAGE][PASSED] - Actual object 'at least one lower case' and expected object 'at least one lower case' are equal

27-07-2024T10:23:15 - [TEST_STEP][PASSED] - closeBrowser(): Browser is closed

27-07-2024T10:23:17 - [MESSAGE][PASSED] - Browser is closed]]></system-out>
         <system-err><![CDATA[]]></system-err>
      </testcase>
      <testcase name="Test Cases/Shopping Cart/Sign up/TC20_Fill_wrong_verify_password_rule" time="52.548" classname="Test Cases/Shopping Cart/Sign up/TC20_Fill_wrong_verify_password_rule" status="PASSED">
         <system-out><![CDATA[27-07-2024T10:23:17 - [TEST_CASE][PASSED] - Test Cases/Shopping Cart/Sign up/TC20_Fill_wrong_verify_password_rule: Test Cases/Shopping Cart/Sign up/TC20_Fill_wrong_verify_password_rule

27-07-2024T10:23:17 - [TEST_STEP][PASSED] - openBrowser(Signup_URL): Browser is opened with url: 'https://demo-store.katalon.com/signup'

27-07-2024T10:23:17 - [MESSAGE][INFO] - User set preference: ['os', 'macos']

27-07-2024T10:23:17 - [MESSAGE][INFO] - User set preference: ['browserVersion', '17']

27-07-2024T10:23:17 - [MESSAGE][INFO] - User set preference: ['browserName', 'safari']

27-07-2024T10:23:17 - [MESSAGE][INFO] - User set preference: ['katalon:option', '{organizationId=1576976, usingTunnel=true}']

27-07-2024T10:23:17 - [MESSAGE][INFO] - Connecting to remote web server 'testcloud.katalon.com/hub' with type 'Selenium'

27-07-2024T10:23:17 - [MESSAGE][INFO] - Action delay is set to 0 milliseconds

27-07-2024T10:24:02 - [MESSAGE][PASSED] - Browser is opened with url: 'https://demo-store.katalon.com/signup'

27-07-2024T10:24:02 - [TEST_STEP][PASSED] - maximizeWindow(): Current window maximized

27-07-2024T10:24:02 - [MESSAGE][PASSED] - Current window maximized

27-07-2024T10:24:02 - [TEST_STEP][PASSED] - verifyElementPresent(findTestObject("Object Repository/Shopping Cart/Sign up/Sign_up_page"), 5): Object 'Object Repository/Shopping Cart/Sign up/Sign_up_page' is present

27-07-2024T10:24:03 - [MESSAGE][PASSED] - Object 'Object Repository/Shopping Cart/Sign up/Sign_up_page' is present

27-07-2024T10:24:03 - [TEST_STEP][PASSED] - setText(findTestObject("Object Repository/Shopping Cart/Sign up/Verify_password_input"), password): Text 'def' is set on object 'Object Repository/Shopping Cart/Sign up/Verify_password_input'

27-07-2024T10:24:05 - [MESSAGE][PASSED] - Text 'def' is set on object 'Object Repository/Shopping Cart/Sign up/Verify_password_input'

27-07-2024T10:24:05 - [TEST_STEP][PASSED] - sendKeys(findTestObject("Object Repository/Shopping Cart/Sign up/Verify_password_input"), Keys.chord(TAB)): Keys 'TAB + ' sent to object: 'Object Repository/Shopping Cart/Sign up/Verify_password_input'

27-07-2024T10:24:06 - [MESSAGE][PASSED] - Keys 'TAB + ' sent to object: 'Object Repository/Shopping Cart/Sign up/Verify_password_input'

27-07-2024T10:24:06 - [TEST_STEP][PASSED] - verifyElementPresent(findTestObject("Object Repository/Shopping Cart/Sign up/VerifyPass_error_message_lb"), 5): Object 'Object Repository/Shopping Cart/Sign up/VerifyPass_error_message_lb' is present

27-07-2024T10:24:07 - [MESSAGE][PASSED] - Object 'Object Repository/Shopping Cart/Sign up/VerifyPass_error_message_lb' is present

27-07-2024T10:24:07 - [TEST_STEP][PASSED] - Actual_verify_password_error = getText(findTestObject("Object Repository/Shopping Cart/Sign up/VerifyPass_error_message_lb")): Text of object 'Object Repository/Shopping Cart/Sign up/VerifyPass_error_message_lb' is: 'password has to be 6-15 letter'

27-07-2024T10:24:08 - [MESSAGE][PASSED] - Text of object 'Object Repository/Shopping Cart/Sign up/VerifyPass_error_message_lb' is: 'password has to be 6-15 letter'

27-07-2024T10:24:08 - [TEST_STEP][PASSED] - verifyEqual(Actual_verify_password_error, expec_verify_password_error): Actual object 'password has to be 6-15 letter' and expected object 'password has to be 6-15 letter' are equal

27-07-2024T10:24:08 - [MESSAGE][PASSED] - Actual object 'password has to be 6-15 letter' and expected object 'password has to be 6-15 letter' are equal

27-07-2024T10:24:08 - [TEST_STEP][PASSED] - closeBrowser(): Browser is closed

27-07-2024T10:24:09 - [MESSAGE][PASSED] - Browser is closed]]></system-out>
         <system-err><![CDATA[]]></system-err>
      </testcase>
      <testcase name="Test Cases/Shopping Cart/Sign up/TC20_Fill_wrong_verify_password_rule" time="39.948" classname="Test Cases/Shopping Cart/Sign up/TC20_Fill_wrong_verify_password_rule" status="PASSED">
         <system-out><![CDATA[27-07-2024T10:24:09 - [TEST_CASE][PASSED] - Test Cases/Shopping Cart/Sign up/TC20_Fill_wrong_verify_password_rule: Test Cases/Shopping Cart/Sign up/TC20_Fill_wrong_verify_password_rule

27-07-2024T10:24:09 - [TEST_STEP][PASSED] - openBrowser(Signup_URL): Browser is opened with url: 'https://demo-store.katalon.com/signup'

27-07-2024T10:24:09 - [MESSAGE][INFO] - User set preference: ['os', 'macos']

27-07-2024T10:24:09 - [MESSAGE][INFO] - User set preference: ['browserVersion', '17']

27-07-2024T10:24:09 - [MESSAGE][INFO] - User set preference: ['browserName', 'safari']

27-07-2024T10:24:09 - [MESSAGE][INFO] - User set preference: ['katalon:option', '{organizationId=1576976, usingTunnel=true}']

27-07-2024T10:24:09 - [MESSAGE][INFO] - Connecting to remote web server 'testcloud.katalon.com/hub' with type 'Selenium'

27-07-2024T10:24:09 - [MESSAGE][INFO] - Action delay is set to 0 milliseconds

27-07-2024T10:24:42 - [MESSAGE][PASSED] - Browser is opened with url: 'https://demo-store.katalon.com/signup'

27-07-2024T10:24:42 - [TEST_STEP][PASSED] - maximizeWindow(): Current window maximized

27-07-2024T10:24:42 - [MESSAGE][PASSED] - Current window maximized

27-07-2024T10:24:42 - [TEST_STEP][PASSED] - verifyElementPresent(findTestObject("Object Repository/Shopping Cart/Sign up/Sign_up_page"), 5): Object 'Object Repository/Shopping Cart/Sign up/Sign_up_page' is present

27-07-2024T10:24:43 - [MESSAGE][PASSED] - Object 'Object Repository/Shopping Cart/Sign up/Sign_up_page' is present

27-07-2024T10:24:43 - [TEST_STEP][PASSED] - setText(findTestObject("Object Repository/Shopping Cart/Sign up/Verify_password_input"), password): Text 'abcdef' is set on object 'Object Repository/Shopping Cart/Sign up/Verify_password_input'

27-07-2024T10:24:45 - [MESSAGE][PASSED] - Text 'abcdef' is set on object 'Object Repository/Shopping Cart/Sign up/Verify_password_input'

27-07-2024T10:24:45 - [TEST_STEP][PASSED] - sendKeys(findTestObject("Object Repository/Shopping Cart/Sign up/Verify_password_input"), Keys.chord(TAB)): Keys 'TAB + ' sent to object: 'Object Repository/Shopping Cart/Sign up/Verify_password_input'

27-07-2024T10:24:46 - [MESSAGE][PASSED] - Keys 'TAB + ' sent to object: 'Object Repository/Shopping Cart/Sign up/Verify_password_input'

27-07-2024T10:24:46 - [TEST_STEP][PASSED] - verifyElementPresent(findTestObject("Object Repository/Shopping Cart/Sign up/VerifyPass_error_message_lb"), 5): Object 'Object Repository/Shopping Cart/Sign up/VerifyPass_error_message_lb' is present

27-07-2024T10:24:47 - [MESSAGE][PASSED] - Object 'Object Repository/Shopping Cart/Sign up/VerifyPass_error_message_lb' is present

27-07-2024T10:24:47 - [TEST_STEP][PASSED] - Actual_verify_password_error = getText(findTestObject("Object Repository/Shopping Cart/Sign up/VerifyPass_error_message_lb")): Text of object 'Object Repository/Shopping Cart/Sign up/VerifyPass_error_message_lb' is: 'at least one upper case'

27-07-2024T10:24:48 - [MESSAGE][PASSED] - Text of object 'Object Repository/Shopping Cart/Sign up/VerifyPass_error_message_lb' is: 'at least one upper case'

27-07-2024T10:24:48 - [TEST_STEP][PASSED] - verifyEqual(Actual_verify_password_error, expec_verify_password_error): Actual object 'at least one upper case' and expected object 'at least one upper case' are equal

27-07-2024T10:24:48 - [MESSAGE][PASSED] - Actual object 'at least one upper case' and expected object 'at least one upper case' are equal

27-07-2024T10:24:48 - [TEST_STEP][PASSED] - closeBrowser(): Browser is closed

27-07-2024T10:24:49 - [MESSAGE][PASSED] - Browser is closed]]></system-out>
         <system-err><![CDATA[]]></system-err>
      </testcase>
      <testcase name="Test Cases/Shopping Cart/Sign up/TC20_Fill_wrong_verify_password_rule" time="35.437" classname="Test Cases/Shopping Cart/Sign up/TC20_Fill_wrong_verify_password_rule" status="PASSED">
         <system-out><![CDATA[27-07-2024T10:24:49 - [TEST_CASE][PASSED] - Test Cases/Shopping Cart/Sign up/TC20_Fill_wrong_verify_password_rule: Test Cases/Shopping Cart/Sign up/TC20_Fill_wrong_verify_password_rule

27-07-2024T10:24:49 - [TEST_STEP][PASSED] - openBrowser(Signup_URL): Browser is opened with url: 'https://demo-store.katalon.com/signup'

27-07-2024T10:24:49 - [MESSAGE][INFO] - User set preference: ['os', 'macos']

27-07-2024T10:24:49 - [MESSAGE][INFO] - User set preference: ['browserVersion', '17']

27-07-2024T10:24:49 - [MESSAGE][INFO] - User set preference: ['browserName', 'safari']

27-07-2024T10:24:49 - [MESSAGE][INFO] - User set preference: ['katalon:option', '{organizationId=1576976, usingTunnel=true}']

27-07-2024T10:24:49 - [MESSAGE][INFO] - Connecting to remote web server 'testcloud.katalon.com/hub' with type 'Selenium'

27-07-2024T10:24:49 - [MESSAGE][INFO] - Action delay is set to 0 milliseconds

27-07-2024T10:25:17 - [MESSAGE][PASSED] - Browser is opened with url: 'https://demo-store.katalon.com/signup'

27-07-2024T10:25:17 - [TEST_STEP][PASSED] - maximizeWindow(): Current window maximized

27-07-2024T10:25:18 - [MESSAGE][PASSED] - Current window maximized

27-07-2024T10:25:18 - [TEST_STEP][PASSED] - verifyElementPresent(findTestObject("Object Repository/Shopping Cart/Sign up/Sign_up_page"), 5): Object 'Object Repository/Shopping Cart/Sign up/Sign_up_page' is present

27-07-2024T10:25:18 - [MESSAGE][PASSED] - Object 'Object Repository/Shopping Cart/Sign up/Sign_up_page' is present

27-07-2024T10:25:18 - [TEST_STEP][PASSED] - setText(findTestObject("Object Repository/Shopping Cart/Sign up/Verify_password_input"), password): Text 'ABC123' is set on object 'Object Repository/Shopping Cart/Sign up/Verify_password_input'

27-07-2024T10:25:21 - [MESSAGE][PASSED] - Text 'ABC123' is set on object 'Object Repository/Shopping Cart/Sign up/Verify_password_input'

27-07-2024T10:25:21 - [TEST_STEP][PASSED] - sendKeys(findTestObject("Object Repository/Shopping Cart/Sign up/Verify_password_input"), Keys.chord(TAB)): Keys 'TAB + ' sent to object: 'Object Repository/Shopping Cart/Sign up/Verify_password_input'

27-07-2024T10:25:22 - [MESSAGE][PASSED] - Keys 'TAB + ' sent to object: 'Object Repository/Shopping Cart/Sign up/Verify_password_input'

27-07-2024T10:25:22 - [TEST_STEP][PASSED] - verifyElementPresent(findTestObject("Object Repository/Shopping Cart/Sign up/VerifyPass_error_message_lb"), 5): Object 'Object Repository/Shopping Cart/Sign up/VerifyPass_error_message_lb' is present

27-07-2024T10:25:22 - [MESSAGE][PASSED] - Object 'Object Repository/Shopping Cart/Sign up/VerifyPass_error_message_lb' is present

27-07-2024T10:25:22 - [TEST_STEP][PASSED] - Actual_verify_password_error = getText(findTestObject("Object Repository/Shopping Cart/Sign up/VerifyPass_error_message_lb")): Text of object 'Object Repository/Shopping Cart/Sign up/VerifyPass_error_message_lb' is: 'at least one lower case'

27-07-2024T10:25:23 - [MESSAGE][PASSED] - Text of object 'Object Repository/Shopping Cart/Sign up/VerifyPass_error_message_lb' is: 'at least one lower case'

27-07-2024T10:25:23 - [TEST_STEP][PASSED] - verifyEqual(Actual_verify_password_error, expec_verify_password_error): Actual object 'at least one lower case' and expected object 'at least one lower case' are equal

27-07-2024T10:25:23 - [MESSAGE][PASSED] - Actual object 'at least one lower case' and expected object 'at least one lower case' are equal

27-07-2024T10:25:23 - [TEST_STEP][PASSED] - closeBrowser(): Browser is closed

27-07-2024T10:25:25 - [MESSAGE][PASSED] - Browser is closed]]></system-out>
         <system-err><![CDATA[]]></system-err>
      </testcase>
      <testcase name="Test Cases/Shopping Cart/Sign up/TC21_Leave_all_empty_info" time="39.97" classname="Test Cases/Shopping Cart/Sign up/TC21_Leave_all_empty_info" status="PASSED">
         <system-out><![CDATA[27-07-2024T10:25:25 - [TEST_CASE][PASSED] - Test Cases/Shopping Cart/Sign up/TC21_Leave_all_empty_info: Test Cases/Shopping Cart/Sign up/TC21_Leave_all_empty_info

27-07-2024T10:25:25 - [TEST_STEP][PASSED] - openBrowser(Signup_URL): Browser is opened with url: 'https://demo-store.katalon.com/signup'

27-07-2024T10:25:25 - [MESSAGE][INFO] - User set preference: ['os', 'macos']

27-07-2024T10:25:25 - [MESSAGE][INFO] - User set preference: ['browserVersion', '17']

27-07-2024T10:25:25 - [MESSAGE][INFO] - User set preference: ['browserName', 'safari']

27-07-2024T10:25:25 - [MESSAGE][INFO] - User set preference: ['katalon:option', '{organizationId=1576976, usingTunnel=true}']

27-07-2024T10:25:25 - [MESSAGE][INFO] - Connecting to remote web server 'testcloud.katalon.com/hub' with type 'Selenium'

27-07-2024T10:25:25 - [MESSAGE][INFO] - Action delay is set to 0 milliseconds

27-07-2024T10:25:51 - [MESSAGE][PASSED] - Browser is opened with url: 'https://demo-store.katalon.com/signup'

27-07-2024T10:25:51 - [TEST_STEP][PASSED] - maximizeWindow(): Current window maximized

27-07-2024T10:25:52 - [MESSAGE][PASSED] - Current window maximized

27-07-2024T10:25:52 - [TEST_STEP][PASSED] - verifyElementPresent(findTestObject("Object Repository/Shopping Cart/Sign up/Sign_up_page"), 5): Object 'Object Repository/Shopping Cart/Sign up/Sign_up_page' is present

27-07-2024T10:25:52 - [MESSAGE][PASSED] - Object 'Object Repository/Shopping Cart/Sign up/Sign_up_page' is present

27-07-2024T10:25:52 - [TEST_STEP][PASSED] - setText(findTestObject("Object Repository/Shopping Cart/Sign up/Email_input"), ""): Text '' is set on object 'Object Repository/Shopping Cart/Sign up/Email_input'

27-07-2024T10:25:55 - [MESSAGE][PASSED] - Text '' is set on object 'Object Repository/Shopping Cart/Sign up/Email_input'

27-07-2024T10:25:55 - [TEST_STEP][PASSED] - setText(findTestObject("Object Repository/Shopping Cart/Sign up/Password_input"), ""): Text '' is set on object 'Object Repository/Shopping Cart/Sign up/Password_input'

27-07-2024T10:25:57 - [MESSAGE][PASSED] - Text '' is set on object 'Object Repository/Shopping Cart/Sign up/Password_input'

27-07-2024T10:25:57 - [TEST_STEP][PASSED] - setText(findTestObject("Object Repository/Shopping Cart/Sign up/Verify_password_input"), ""): Text '' is set on object 'Object Repository/Shopping Cart/Sign up/Verify_password_input'

27-07-2024T10:25:59 - [MESSAGE][PASSED] - Text '' is set on object 'Object Repository/Shopping Cart/Sign up/Verify_password_input'

27-07-2024T10:25:59 - [TEST_STEP][PASSED] - click(findTestObject("Object Repository/Shopping Cart/Sign up/Sign_up_button")): Object: 'Object Repository/Shopping Cart/Sign up/Sign_up_button' is clicked on

27-07-2024T10:26:00 - [MESSAGE][PASSED] - Object: 'Object Repository/Shopping Cart/Sign up/Sign_up_button' is clicked on

27-07-2024T10:26:00 - [TEST_STEP][PASSED] - verifyElementText(findTestObject("Object Repository/Shopping Cart/Sign up/Email_error_message_lb"), "Required"): Actual text and expected text of test object 'Object Repository/Shopping Cart/Sign up/Email_error_message_lb' are matched.

27-07-2024T10:26:01 - [MESSAGE][PASSED] - Actual text and expected text of test object 'Object Repository/Shopping Cart/Sign up/Email_error_message_lb' are matched.

27-07-2024T10:26:01 - [TEST_STEP][PASSED] - verifyElementText(findTestObject("Object Repository/Shopping Cart/Sign up/Password_error_message_lb"), "Required"): Actual text and expected text of test object 'Object Repository/Shopping Cart/Sign up/Password_error_message_lb' are matched.

27-07-2024T10:26:02 - [MESSAGE][PASSED] - Actual text and expected text of test object 'Object Repository/Shopping Cart/Sign up/Password_error_message_lb' are matched.

27-07-2024T10:26:02 - [TEST_STEP][PASSED] - verifyElementText(findTestObject("Object Repository/Shopping Cart/Sign up/VerifyPass_error_message_lb"), "Required"): Actual text and expected text of test object 'Object Repository/Shopping Cart/Sign up/VerifyPass_error_message_lb' are matched.

27-07-2024T10:26:03 - [MESSAGE][PASSED] - Actual text and expected text of test object 'Object Repository/Shopping Cart/Sign up/VerifyPass_error_message_lb' are matched.

27-07-2024T10:26:03 - [TEST_STEP][PASSED] - closeBrowser(): Browser is closed

27-07-2024T10:26:05 - [MESSAGE][PASSED] - Browser is closed]]></system-out>
         <system-err><![CDATA[]]></system-err>
      </testcase>
      <system-out><![CDATA[27-07-2024T10:18:32 - [TEST_SUITE][PASSED] - Sign up: Test Cases/Shopping Cart/Sign up/TC21_Leave_all_empty_info]]></system-out>
      <system-err><![CDATA[]]></system-err>
   </testsuite>
</testsuites>
